        {
            "timestamp": "2026-04-26 11:55:39",
            "rule_id": "60107",
            "rule_description": "Failed attempt to perform a privileged operation.",
            "severity": 4,
            "agent": "WIN10-CLIENT",
            "agent_ip": "192.168.56.20",
            "windows_event_id": "4673",
            "source_ip": null,
            "raw": {
                "timestamp": "2026-04-26T11:55:39.798+0530",
                "rule": {
                    "level": 4,
                    "description": "Failed attempt to perform a privileged operation.",
                    "id": "60107",
                    "mitre": {
                        "id": [
                            "T1078"
                        ],
                        "tactic": [
                            "Defense Evasion",
                            "Persistence",
                            "Privilege Escalation",
                            "Initial Access"
                        ],
                        "technique": [
                            "Valid Accounts"
                        ]
                    },
                    "firedtimes": 1127,
                    "mail": false,
                    "groups": [
                        "windows",
                        "windows_security"
                    ],
                    "gdpr": [
                        "IV_32.2"
                    ],
                    "hipaa": [
                        "164.312.b"
                    ],
                    "nist_800_53": [
                        "AC.6",
                        "AU.14"
                    ],
                    "pci_dss": [
                        "10.2.2"
                    ],
                    "tsc": [
                        "CC6.8",
                        "CC7.2",
                        "CC7.3"
                    ]
                },
                "agent": {
                    "id": "003",
                    "name": "WIN10-CLIENT",
                    "ip": "192.168.56.20"
                },
                "manager": {
                    "name": "wazuh-server"
                },
                "id": "1777184739.8620885",
                "decoder": {
                    "name": "windows_eventchannel"
                },
                "data": {
                    "win": {
                        "system": {
                            "providerName": "Microsoft-Windows-Security-Auditing",
                            "providerGuid": "{54849625-5478-4994-a5ba-3e3b0328c30d}",
                            "eventID": "4673",
                            "version": "0",
                            "level": "0",
                            "task": "13056",
                            "opcode": "0",
                            "keywords": "0x8010000000000000",
                            "systemTime": "2026-04-26T06:25:39.4337793Z",
                            "eventRecordID": "155728",
                            "processID": "4",
                            "threadID": "3592",
                            "channel": "Security",
                            "computer": "WIN10-CLIENT.corp.local",
                            "severityValue": "AUDIT_FAILURE",
                            "message": "\"A privileged service was called.\r\n\r\nSubject:\r\n\tSecurity ID:\t\tS-1-5-21-4237099201-2470629605-866910986-1103\r\n\tAccount Name:\t\tPranav\r\n\tAccount Domain:\t\tCORP\r\n\tLogon ID:\t\t0x7C489\r\n\r\nService:\r\n\tServer:\tSecurity\r\n\tService Name:\t-\r\n\r\nProcess:\r\n\tProcess ID:\t0x1d68\r\n\tProcess Name:\tC:\\Program Files\\BraveSoftware\\Brave-Browser\\Application\\brave.exe\r\n\r\nService Request Information:\r\n\tPrivileges:\t\tSeProfileSingleProcessPrivilege\""
                        },
                        "eventdata": {
                            "subjectUserSid": "S-1-5-21-4237099201-2470629605-866910986-1103",
                            "subjectUserName": "Pranav",
                            "subjectDomainName": "CORP",
                            "subjectLogonId": "0x7c489",
                            "objectServer": "Security",
                            "privilegeList": "SeProfileSingleProcessPrivilege",
                            "processId": "0x1d68",
                            "processName": "C:\\\\Program Files\\\\BraveSoftware\\\\Brave-Browser\\\\Application\\\\brave.exe"
                        }
                    }
                },
                "location": "EventChannel"
            }
        },
        {
            "timestamp": "2026-04-26 11:55:39",
            "rule_id": "60107",
            "rule_description": "Failed attempt to perform a privileged operation.",
            "severity": 4,
            "agent": "WIN10-CLIENT",
            "agent_ip": "192.168.56.20",
            "windows_event_id": "4673",
            "source_ip": null,
            "raw": {
                "timestamp": "2026-04-26T11:55:39.831+0530",
                "rule": {
                    "level": 4,
                    "description": "Failed attempt to perform a privileged operation.",
                    "id": "60107",
                    "mitre": {
                        "id": [
                            "T1078"
                        ],
                        "tactic": [
                            "Defense Evasion",
                            "Persistence",
                            "Privilege Escalation",
                            "Initial Access"
                        ],
                        "technique": [
                            "Valid Accounts"
                        ]
                    },
                    "firedtimes": 1128,
                    "mail": false,
                    "groups": [
                        "windows",
                        "windows_security"
                    ],
                    "gdpr": [
                        "IV_32.2"
                    ],
                    "hipaa": [
                        "164.312.b"
                    ],
                    "nist_800_53": [
                        "AC.6",
                        "AU.14"
                    ],
                    "pci_dss": [
                        "10.2.2"
                    ],
                    "tsc": [
                        "CC6.8",
                        "CC7.2",
                        "CC7.3"
                    ]
                },
                "agent": {
                    "id": "003",
                    "name": "WIN10-CLIENT",
                    "ip": "192.168.56.20"
                },
                "manager": {
                    "name": "wazuh-server"
                },
                "id": "1777184739.8623848",
                "decoder": {
                    "name": "windows_eventchannel"
                },
                "data": {
                    "win": {
                        "system": {
                            "providerName": "Microsoft-Windows-Security-Auditing",
                            "providerGuid": "{54849625-5478-4994-a5ba-3e3b0328c30d}",
                            "eventID": "4673",
                            "version": "0",
                            "level": "0",
                            "task": "13056",
                            "opcode": "0",
                            "keywords": "0x8010000000000000",
                            "systemTime": "2026-04-26T06:25:39.4337877Z",
                            "eventRecordID": "155729",
                            "processID": "4",
                            "threadID": "3592",
                            "channel": "Security",
                            "computer": "WIN10-CLIENT.corp.local",
                            "severityValue": "AUDIT_FAILURE",
                            "message": "\"A privileged service was called.\r\n\r\nSubject:\r\n\tSecurity ID:\t\tS-1-5-21-4237099201-2470629605-866910986-1103\r\n\tAccount Name:\t\tPranav\r\n\tAccount Domain:\t\tCORP\r\n\tLogon ID:\t\t0x7C489\r\n\r\nService:\r\n\tServer:\tSecurity\r\n\tService Name:\t-\r\n\r\nProcess:\r\n\tProcess ID:\t0x1d68\r\n\tProcess Name:\tC:\\Program Files\\BraveSoftware\\Brave-Browser\\Application\\brave.exe\r\n\r\nService Request Information:\r\n\tPrivileges:\t\tSeProfileSingleProcessPrivilege\""
                        },
                        "eventdata": {
                            "subjectUserSid": "S-1-5-21-4237099201-2470629605-866910986-1103",
                            "subjectUserName": "Pranav",
                            "subjectDomainName": "CORP",
                            "subjectLogonId": "0x7c489",
                            "objectServer": "Security",
                            "privilegeList": "SeProfileSingleProcessPrivilege",
                            "processId": "0x1d68",
                            "processName": "C:\\\\Program Files\\\\BraveSoftware\\\\Brave-Browser\\\\Application\\\\brave.exe"
                        }
                    }
                },
                "location": "EventChannel"
            }
        },
        {
            "timestamp": "2026-04-26 11:55:39",
            "rule_id": "60107",
            "rule_description": "Failed attempt to perform a privileged operation.",
            "severity": 4,
            "agent": "WIN10-CLIENT",
            "agent_ip": "192.168.56.20",
            "windows_event_id": "4673",
            "source_ip": null,
            "raw": {
                "timestamp": "2026-04-26T11:55:39.831+0530",
                "rule": {
                    "level": 4,
                    "description": "Failed attempt to perform a privileged operation.",
                    "id": "60107",
                    "mitre": {
                        "id": [
                            "T1078"
                        ],
                        "tactic": [
                            "Defense Evasion",
                            "Persistence",
                            "Privilege Escalation",
                            "Initial Access"
                        ],
                        "technique": [
                            "Valid Accounts"
                        ]
                    },
                    "firedtimes": 1129,
                    "mail": false,
                    "groups": [
                        "windows",
                        "windows_security"
                    ],
                    "gdpr": [
                        "IV_32.2"
                    ],
                    "hipaa": [
                        "164.312.b"
                    ],
                    "nist_800_53": [
                        "AC.6",
                        "AU.14"
                    ],
                    "pci_dss": [
                        "10.2.2"
                    ],
                    "tsc": [
                        "CC6.8",
                        "CC7.2",
                        "CC7.3"
                    ]
                },
                "agent": {
                    "id": "003",
                    "name": "WIN10-CLIENT",
                    "ip": "192.168.56.20"
                },
                "manager": {
                    "name": "wazuh-server"
                },
                "id": "1777184739.8626811",
                "decoder": {
                    "name": "windows_eventchannel"
                },
                "data": {
                    "win": {
                        "system": {
                            "providerName": "Microsoft-Windows-Security-Auditing",
                            "providerGuid": "{54849625-5478-4994-a5ba-3e3b0328c30d}",
                            "eventID": "4673",
                            "version": "0",
                            "level": "0",
                            "task": "13056",
                            "opcode": "0",
                            "keywords": "0x8010000000000000",
                            "systemTime": "2026-04-26T06:25:39.4337965Z",
                            "eventRecordID": "155730",
                            "processID": "4",
                            "threadID": "3592",
                            "channel": "Security",
                            "computer": "WIN10-CLIENT.corp.local",
                            "severityValue": "AUDIT_FAILURE",
                            "message": "\"A privileged service was called.\r\n\r\nSubject:\r\n\tSecurity ID:\t\tS-1-5-21-4237099201-2470629605-866910986-1103\r\n\tAccount Name:\t\tPranav\r\n\tAccount Domain:\t\tCORP\r\n\tLogon ID:\t\t0x7C489\r\n\r\nService:\r\n\tServer:\tSecurity\r\n\tService Name:\t-\r\n\r\nProcess:\r\n\tProcess ID:\t0x1d68\r\n\tProcess Name:\tC:\\Program Files\\BraveSoftware\\Brave-Browser\\Application\\brave.exe\r\n\r\nService Request Information:\r\n\tPrivileges:\t\tSeProfileSingleProcessPrivilege\""
                        },
                        "eventdata": {
                            "subjectUserSid": "S-1-5-21-4237099201-2470629605-866910986-1103",
                            "subjectUserName": "Pranav",
                            "subjectDomainName": "CORP",
                            "subjectLogonId": "0x7c489",
                            "objectServer": "Security",
                            "privilegeList": "SeProfileSingleProcessPrivilege",
                            "processId": "0x1d68",
                            "processName": "C:\\\\Program Files\\\\BraveSoftware\\\\Brave-Browser\\\\Application\\\\brave.exe"
                        }
                    }
                },
                "location": "EventChannel"
            }
        },
        {
            "timestamp": "2026-04-26 11:55:39",
            "rule_id": "60107",
            "rule_description": "Failed attempt to perform a privileged operation.",
            "severity": 4,
            "agent": "WIN10-CLIENT",
            "agent_ip": "192.168.56.20",
            "windows_event_id": "4673",
            "source_ip": null,
            "raw": {
                "timestamp": "2026-04-26T11:55:39.845+0530",
                "rule": {
                    "level": 4,
                    "description": "Failed attempt to perform a privileged operation.",
                    "id": "60107",
                    "mitre": {
                        "id": [
                            "T1078"
                        ],
                        "tactic": [
                            "Defense Evasion",
                            "Persistence",
                            "Privilege Escalation",
                            "Initial Access"
                        ],
                        "technique": [
                            "Valid Accounts"
                        ]
                    },
                    "firedtimes": 1130,
                    "mail": false,
                    "groups": [
                        "windows",
                        "windows_security"
                    ],
                    "gdpr": [
                        "IV_32.2"
                    ],
                    "hipaa": [
                        "164.312.b"
                    ],
                    "nist_800_53": [
                        "AC.6",
                        "AU.14"
                    ],
                    "pci_dss": [
                        "10.2.2"
                    ],
                    "tsc": [
                        "CC6.8",
                        "CC7.2",
                        "CC7.3"
                    ]
                },
                "agent": {
                    "id": "003",
                    "name": "WIN10-CLIENT",
                    "ip": "192.168.56.20"
                },
                "manager": {
                    "name": "wazuh-server"
                },
                "id": "1777184739.8629774",
                "decoder": {
                    "name": "windows_eventchannel"
                },
                "data": {
                    "win": {
                        "system": {
                            "providerName": "Microsoft-Windows-Security-Auditing",
                            "providerGuid": "{54849625-5478-4994-a5ba-3e3b0328c30d}",
                            "eventID": "4673",
                            "version": "0",
                            "level": "0",
                            "task": "13056",
                            "opcode": "0",
                            "keywords": "0x8010000000000000",
                            "systemTime": "2026-04-26T06:25:39.4338046Z",
                            "eventRecordID": "155731",
                            "processID": "4",
                            "threadID": "3592",
                            "channel": "Security",
                            "computer": "WIN10-CLIENT.corp.local",
                            "severityValue": "AUDIT_FAILURE",
                            "message": "\"A privileged service was called.\r\n\r\nSubject:\r\n\tSecurity ID:\t\tS-1-5-21-4237099201-2470629605-866910986-1103\r\n\tAccount Name:\t\tPranav\r\n\tAccount Domain:\t\tCORP\r\n\tLogon ID:\t\t0x7C489\r\n\r\nService:\r\n\tServer:\tSecurity\r\n\tService Name:\t-\r\n\r\nProcess:\r\n\tProcess ID:\t0x1d68\r\n\tProcess Name:\tC:\\Program Files\\BraveSoftware\\Brave-Browser\\Application\\brave.exe\r\n\r\nService Request Information:\r\n\tPrivileges:\t\tSeProfileSingleProcessPrivilege\""
                        },
                        "eventdata": {
                            "subjectUserSid": "S-1-5-21-4237099201-2470629605-866910986-1103",
                            "subjectUserName": "Pranav",
                            "subjectDomainName": "CORP",
                            "subjectLogonId": "0x7c489",
                            "objectServer": "Security",
                            "privilegeList": "SeProfileSingleProcessPrivilege",
                            "processId": "0x1d68",
                            "processName": "C:\\\\Program Files\\\\BraveSoftware\\\\Brave-Browser\\\\Application\\\\brave.exe"
                        }
                    }
                },
                "location": "EventChannel"
            }
        },
        {
            "timestamp": "2026-04-26 11:55:39",
            "rule_id": "60107",
            "rule_description": "Failed attempt to perform a privileged operation.",
            "severity": 4,
            "agent": "WIN10-CLIENT",
            "agent_ip": "192.168.56.20",
            "windows_event_id": "4673",
            "source_ip": null,
            "raw": {
                "timestamp": "2026-04-26T11:55:39.876+0530",
                "rule": {
                    "level": 4,
                    "description": "Failed attempt to perform a privileged operation.",
                    "id": "60107",
                    "mitre": {
                        "id": [
                            "T1078"
                        ],
                        "tactic": [
                            "Defense Evasion",
                            "Persistence",
                            "Privilege Escalation",
                            "Initial Access"
                        ],
                        "technique": [
                            "Valid Accounts"
                        ]
                    },
                    "firedtimes": 1131,
                    "mail": false,
                    "groups": [
                        "windows",
                        "windows_security"
                    ],
                    "gdpr": [
                        "IV_32.2"
                    ],
                    "hipaa": [
                        "164.312.b"
                    ],
                    "nist_800_53": [
                        "AC.6",
                        "AU.14"
                    ],
                    "pci_dss": [
                        "10.2.2"
                    ],
                    "tsc": [
                        "CC6.8",
                        "CC7.2",
                        "CC7.3"
                    ]
                },
                "agent": {
                    "id": "003",
                    "name": "WIN10-CLIENT",
                    "ip": "192.168.56.20"
                },
                "manager": {
                    "name": "wazuh-server"
                },
                "id": "1777184739.8632737",
                "decoder": {
                    "name": "windows_eventchannel"
                },
                "data": {
                    "win": {
                        "system": {
                            "providerName": "Microsoft-Windows-Security-Auditing",
                            "providerGuid": "{54849625-5478-4994-a5ba-3e3b0328c30d}",
                            "eventID": "4673",
                            "version": "0",
                            "level": "0",
                            "task": "13056",
                            "opcode": "0",
                            "keywords": "0x8010000000000000",
                            "systemTime": "2026-04-26T06:25:39.4338133Z",
                            "eventRecordID": "155732",
                            "processID": "4",
                            "threadID": "3592",
                            "channel": "Security",
                            "computer": "WIN10-CLIENT.corp.local",
                            "severityValue": "AUDIT_FAILURE",
                            "message": "\"A privileged service was called.\r\n\r\nSubject:\r\n\tSecurity ID:\t\tS-1-5-21-4237099201-2470629605-866910986-1103\r\n\tAccount Name:\t\tPranav\r\n\tAccount Domain:\t\tCORP\r\n\tLogon ID:\t\t0x7C489\r\n\r\nService:\r\n\tServer:\tSecurity\r\n\tService Name:\t-\r\n\r\nProcess:\r\n\tProcess ID:\t0x1d68\r\n\tProcess Name:\tC:\\Program Files\\BraveSoftware\\Brave-Browser\\Application\\brave.exe\r\n\r\nService Request Information:\r\n\tPrivileges:\t\tSeProfileSingleProcessPrivilege\""
                        },
                        "eventdata": {
                            "subjectUserSid": "S-1-5-21-4237099201-2470629605-866910986-1103",
                            "subjectUserName": "Pranav",
                            "subjectDomainName": "CORP",
                            "subjectLogonId": "0x7c489",
                            "objectServer": "Security",
                            "privilegeList": "SeProfileSingleProcessPrivilege",
                            "processId": "0x1d68",
                            "processName": "C:\\\\Program Files\\\\BraveSoftware\\\\Brave-Browser\\\\Application\\\\brave.exe"
                        }
                    }
                },
                "location": "EventChannel"
            }
        },
        {
            "timestamp": "2026-04-26 11:55:39",
            "rule_id": "60107",
            "rule_description": "Failed attempt to perform a privileged operation.",
            "severity": 4,
            "agent": "WIN10-CLIENT",
            "agent_ip": "192.168.56.20",
            "windows_event_id": "4673",
            "source_ip": null,
            "raw": {
                "timestamp": "2026-04-26T11:55:39.877+0530",
                "rule": {
                    "level": 4,
                    "description": "Failed attempt to perform a privileged operation.",
                    "id": "60107",
                    "mitre": {
                        "id": [
                            "T1078"
                        ],
                        "tactic": [
                            "Defense Evasion",
                            "Persistence",
                            "Privilege Escalation",
                            "Initial Access"
                        ],
                        "technique": [
                            "Valid Accounts"
                        ]
                    },
                    "firedtimes": 1132,
                    "mail": false,
                    "groups": [
                        "windows",
                        "windows_security"
                    ],
                    "gdpr": [
                        "IV_32.2"
                    ],
                    "hipaa": [
                        "164.312.b"
                    ],
                    "nist_800_53": [
                        "AC.6",
                        "AU.14"
                    ],
                    "pci_dss": [
                        "10.2.2"
                    ],
                    "tsc": [
                        "CC6.8",
                        "CC7.2",
                        "CC7.3"
                    ]
                },
                "agent": {
                    "id": "003",
                    "name": "WIN10-CLIENT",
                    "ip": "192.168.56.20"
                },
                "manager": {
                    "name": "wazuh-server"
                },
                "id": "1777184739.8635700",
                "decoder": {
                    "name": "windows_eventchannel"
                },
                "data": {
                    "win": {
                        "system": {
                            "providerName": "Microsoft-Windows-Security-Auditing",
                            "providerGuid": "{54849625-5478-4994-a5ba-3e3b0328c30d}",
                            "eventID": "4673",
                            "version": "0",
                            "level": "0",
                            "task": "13056",
                            "opcode": "0",
                            "keywords": "0x8010000000000000",
                            "systemTime": "2026-04-26T06:25:39.4338218Z",
                            "eventRecordID": "155733",
                            "processID": "4",
                            "threadID": "3592",
                            "channel": "Security",
                            "computer": "WIN10-CLIENT.corp.local",
                            "severityValue": "AUDIT_FAILURE",
                            "message": "\"A privileged service was called.\r\n\r\nSubject:\r\n\tSecurity ID:\t\tS-1-5-21-4237099201-2470629605-866910986-1103\r\n\tAccount Name:\t\tPranav\r\n\tAccount Domain:\t\tCORP\r\n\tLogon ID:\t\t0x7C489\r\n\r\nService:\r\n\tServer:\tSecurity\r\n\tService Name:\t-\r\n\r\nProcess:\r\n\tProcess ID:\t0x1d68\r\n\tProcess Name:\tC:\\Program Files\\BraveSoftware\\Brave-Browser\\Application\\brave.exe\r\n\r\nService Request Information:\r\n\tPrivileges:\t\tSeProfileSingleProcessPrivilege\""
                        },
                        "eventdata": {
                            "subjectUserSid": "S-1-5-21-4237099201-2470629605-866910986-1103",
                            "subjectUserName": "Pranav",
                            "subjectDomainName": "CORP",
                            "subjectLogonId": "0x7c489",
                            "objectServer": "Security",
                            "privilegeList": "SeProfileSingleProcessPrivilege",
                            "processId": "0x1d68",
                            "processName": "C:\\\\Program Files\\\\BraveSoftware\\\\Brave-Browser\\\\Application\\\\brave.exe"
                        }
                    }
                },
                "location": "EventChannel"
            }
        },
        {
            "timestamp": "2026-04-26 11:55:39",
            "rule_id": "60107",
            "rule_description": "Failed attempt to perform a privileged operation.",
            "severity": 4,
            "agent": "WIN10-CLIENT",
            "agent_ip": "192.168.56.20",
            "windows_event_id": "4673",
            "source_ip": null,
            "raw": {
                "timestamp": "2026-04-26T11:55:39.892+0530",
                "rule": {
                    "level": 4,
                    "description": "Failed attempt to perform a privileged operation.",
                    "id": "60107",
                    "mitre": {
                        "id": [
                            "T1078"
                        ],
                        "tactic": [
                            "Defense Evasion",
                            "Persistence",
                            "Privilege Escalation",
                            "Initial Access"
                        ],
                        "technique": [
                            "Valid Accounts"
                        ]
                    },
                    "firedtimes": 1133,
                    "mail": false,
                    "groups": [
                        "windows",
                        "windows_security"
                    ],
                    "gdpr": [
                        "IV_32.2"
                    ],
                    "hipaa": [
                        "164.312.b"
                    ],
                    "nist_800_53": [
                        "AC.6",
                        "AU.14"
                    ],
                    "pci_dss": [
                        "10.2.2"
                    ],
                    "tsc": [
                        "CC6.8",
                        "CC7.2",
                        "CC7.3"
                    ]
                },
                "agent": {
                    "id": "003",
                    "name": "WIN10-CLIENT",
                    "ip": "192.168.56.20"
                },
                "manager": {
                    "name": "wazuh-server"
                },
                "id": "1777184739.8638663",
                "decoder": {
                    "name": "windows_eventchannel"
                },
                "data": {
                    "win": {
                        "system": {
                            "providerName": "Microsoft-Windows-Security-Auditing",
                            "providerGuid": "{54849625-5478-4994-a5ba-3e3b0328c30d}",
                            "eventID": "4673",
                            "version": "0",
                            "level": "0",
                            "task": "13056",
                            "opcode": "0",
                            "keywords": "0x8010000000000000",
                            "systemTime": "2026-04-26T06:25:39.7617592Z",
                            "eventRecordID": "155734",
                            "processID": "4",
                            "threadID": "3592",
                            "channel": "Security",
                            "computer": "WIN10-CLIENT.corp.local",
                            "severityValue": "AUDIT_FAILURE",
                            "message": "\"A privileged service was called.\r\n\r\nSubject:\r\n\tSecurity ID:\t\tS-1-5-21-4237099201-2470629605-866910986-1103\r\n\tAccount Name:\t\tPranav\r\n\tAccount Domain:\t\tCORP\r\n\tLogon ID:\t\t0x7C489\r\n\r\nService:\r\n\tServer:\tSecurity\r\n\tService Name:\t-\r\n\r\nProcess:\r\n\tProcess ID:\t0x27e8\r\n\tProcess Name:\tC:\\Program Files\\BraveSoftware\\Brave-Browser\\Application\\brave.exe\r\n\r\nService Request Information:\r\n\tPrivileges:\t\tSeProfileSingleProcessPrivilege\""
                        },
                        "eventdata": {
                            "subjectUserSid": "S-1-5-21-4237099201-2470629605-866910986-1103",
                            "subjectUserName": "Pranav",
                            "subjectDomainName": "CORP",
                            "subjectLogonId": "0x7c489",
                            "objectServer": "Security",
                            "privilegeList": "SeProfileSingleProcessPrivilege",
                            "processId": "0x27e8",
                            "processName": "C:\\\\Program Files\\\\BraveSoftware\\\\Brave-Browser\\\\Application\\\\brave.exe"
                        }
                    }
                },
                "location": "EventChannel"
            }
        },
        {
            "timestamp": "2026-04-26 11:55:39",
            "rule_id": "60107",
            "rule_description": "Failed attempt to perform a privileged operation.",
            "severity": 4,
            "agent": "WIN10-CLIENT",
            "agent_ip": "192.168.56.20",
            "windows_event_id": "4673",
            "source_ip": null,
            "raw": {
                "timestamp": "2026-04-26T11:55:39.924+0530",
                "rule": {
                    "level": 4,
                    "description": "Failed attempt to perform a privileged operation.",
                    "id": "60107",
                    "mitre": {
                        "id": [
                            "T1078"
                        ],
                        "tactic": [
                            "Defense Evasion",
                            "Persistence",
                            "Privilege Escalation",
                            "Initial Access"
                        ],
                        "technique": [
                            "Valid Accounts"
                        ]
                    },
                    "firedtimes": 1134,
                    "mail": false,
                    "groups": [
                        "windows",
                        "windows_security"
                    ],
                    "gdpr": [
                        "IV_32.2"
                    ],
                    "hipaa": [
                        "164.312.b"
                    ],
                    "nist_800_53": [
                        "AC.6",
                        "AU.14"
                    ],
                    "pci_dss": [
                        "10.2.2"
                    ],
                    "tsc": [
                        "CC6.8",
                        "CC7.2",
                        "CC7.3"
                    ]
                },
                "agent": {
                    "id": "003",
                    "name": "WIN10-CLIENT",
                    "ip": "192.168.56.20"
                },
                "manager": {
                    "name": "wazuh-server"
                },
                "id": "1777184739.8641626",
                "decoder": {
                    "name": "windows_eventchannel"
                },
                "data": {
                    "win": {
                        "system": {
                            "providerName": "Microsoft-Windows-Security-Auditing",
                            "providerGuid": "{54849625-5478-4994-a5ba-3e3b0328c30d}",
                            "eventID": "4673",
                            "version": "0",
                            "level": "0",
                            "task": "13056",
                            "opcode": "0",
                            "keywords": "0x8010000000000000",
                            "systemTime": "2026-04-26T06:25:39.7617656Z",
                            "eventRecordID": "155735",
                            "processID": "4",
                            "threadID": "3592",
                            "channel": "Security",
                            "computer": "WIN10-CLIENT.corp.local",
                            "severityValue": "AUDIT_FAILURE",
                            "message": "\"A privileged service was called.\r\n\r\nSubject:\r\n\tSecurity ID:\t\tS-1-5-21-4237099201-2470629605-866910986-1103\r\n\tAccount Name:\t\tPranav\r\n\tAccount Domain:\t\tCORP\r\n\tLogon ID:\t\t0x7C489\r\n\r\nService:\r\n\tServer:\tSecurity\r\n\tService Name:\t-\r\n\r\nProcess:\r\n\tProcess ID:\t0x27e8\r\n\tProcess Name:\tC:\\Program Files\\BraveSoftware\\Brave-Browser\\Application\\brave.exe\r\n\r\nService Request Information:\r\n\tPrivileges:\t\tSeProfileSingleProcessPrivilege\""
                        },
                        "eventdata": {
                            "subjectUserSid": "S-1-5-21-4237099201-2470629605-866910986-1103",
                            "subjectUserName": "Pranav",
                            "subjectDomainName": "CORP",
                            "subjectLogonId": "0x7c489",
                            "objectServer": "Security",
                            "privilegeList": "SeProfileSingleProcessPrivilege",
                            "processId": "0x27e8",
                            "processName": "C:\\\\Program Files\\\\BraveSoftware\\\\Brave-Browser\\\\Application\\\\brave.exe"
                        }
                    }
                },
                "location": "EventChannel"
            }
        },
        {
            "timestamp": "2026-04-26 11:55:39",
            "rule_id": "60107",
            "rule_description": "Failed attempt to perform a privileged operation.",
            "severity": 4,
            "agent": "WIN10-CLIENT",
            "agent_ip": "192.168.56.20",
            "windows_event_id": "4673",
            "source_ip": null,
            "raw": {
                "timestamp": "2026-04-26T11:55:39.924+0530",
                "rule": {
                    "level": 4,
                    "description": "Failed attempt to perform a privileged operation.",
                    "id": "60107",
                    "mitre": {
                        "id": [
                            "T1078"
                        ],
                        "tactic": [
                            "Defense Evasion",
                            "Persistence",
                            "Privilege Escalation",
                            "Initial Access"
                        ],
                        "technique": [
                            "Valid Accounts"
                        ]
                    },
                    "firedtimes": 1135,
                    "mail": false,
                    "groups": [
                        "windows",
                        "windows_security"
                    ],
                    "gdpr": [
                        "IV_32.2"
                    ],
                    "hipaa": [
                        "164.312.b"
                    ],
                    "nist_800_53": [
                        "AC.6",
                        "AU.14"
                    ],
                    "pci_dss": [
                        "10.2.2"
                    ],
                    "tsc": [
                        "CC6.8",
                        "CC7.2",
                        "CC7.3"
                    ]
                },
                "agent": {
                    "id": "003",
                    "name": "WIN10-CLIENT",
                    "ip": "192.168.56.20"
                },
                "manager": {
                    "name": "wazuh-server"
                },
                "id": "1777184739.8644589",
                "decoder": {
                    "name": "windows_eventchannel"
                },
                "data": {
                    "win": {
                        "system": {
                            "providerName": "Microsoft-Windows-Security-Auditing",
                            "providerGuid": "{54849625-5478-4994-a5ba-3e3b0328c30d}",
                            "eventID": "4673",
                            "version": "0",
                            "level": "0",
                            "task": "13056",
                            "opcode": "0",
                            "keywords": "0x8010000000000000",
                            "systemTime": "2026-04-26T06:25:39.7617713Z",
                            "eventRecordID": "155736",
                            "processID": "4",
                            "threadID": "3592",
                            "channel": "Security",
                            "computer": "WIN10-CLIENT.corp.local",
                            "severityValue": "AUDIT_FAILURE",
                            "message": "\"A privileged service was called.\r\n\r\nSubject:\r\n\tSecurity ID:\t\tS-1-5-21-4237099201-2470629605-866910986-1103\r\n\tAccount Name:\t\tPranav\r\n\tAccount Domain:\t\tCORP\r\n\tLogon ID:\t\t0x7C489\r\n\r\nService:\r\n\tServer:\tSecurity\r\n\tService Name:\t-\r\n\r\nProcess:\r\n\tProcess ID:\t0x27e8\r\n\tProcess Name:\tC:\\Program Files\\BraveSoftware\\Brave-Browser\\Application\\brave.exe\r\n\r\nService Request Information:\r\n\tPrivileges:\t\tSeProfileSingleProcessPrivilege\""
                        },
                        "eventdata": {
                            "subjectUserSid": "S-1-5-21-4237099201-2470629605-866910986-1103",
                            "subjectUserName": "Pranav",
                            "subjectDomainName": "CORP",
                            "subjectLogonId": "0x7c489",
                            "objectServer": "Security",
                            "privilegeList": "SeProfileSingleProcessPrivilege",
                            "processId": "0x27e8",
                            "processName": "C:\\\\Program Files\\\\BraveSoftware\\\\Brave-Browser\\\\Application\\\\brave.exe"
                        }
                    }
                },
                "location": "EventChannel"
            }
        },
        {
            "timestamp": "2026-04-26 11:55:39",
            "rule_id": "60107",
            "rule_description": "Failed attempt to perform a privileged operation.",
            "severity": 4,
            "agent": "WIN10-CLIENT",
            "agent_ip": "192.168.56.20",
            "windows_event_id": "4673",
            "source_ip": null,
            "raw": {
                "timestamp": "2026-04-26T11:55:39.939+0530",
                "rule": {
                    "level": 4,
                    "description": "Failed attempt to perform a privileged operation.",
                    "id": "60107",
                    "mitre": {
                        "id": [
                            "T1078"
                        ],
                        "tactic": [
                            "Defense Evasion",
                            "Persistence",
                            "Privilege Escalation",
                            "Initial Access"
                        ],
                        "technique": [
                            "Valid Accounts"
                        ]
                    },
                    "firedtimes": 1136,
                    "mail": false,
                    "groups": [
                        "windows",
                        "windows_security"
                    ],
                    "gdpr": [
                        "IV_32.2"
                    ],
                    "hipaa": [
                        "164.312.b"
                    ],
                    "nist_800_53": [
                        "AC.6",
                        "AU.14"
                    ],
                    "pci_dss": [
                        "10.2.2"
                    ],
                    "tsc": [
                        "CC6.8",
                        "CC7.2",
                        "CC7.3"
                    ]
                },
                "agent": {
                    "id": "003",
                    "name": "WIN10-CLIENT",
                    "ip": "192.168.56.20"
                },
                "manager": {
                    "name": "wazuh-server"
                },
                "id": "1777184739.8647552",
                "decoder": {
                    "name": "windows_eventchannel"
                },
                "data": {
                    "win": {
                        "system": {
                            "providerName": "Microsoft-Windows-Security-Auditing",
                            "providerGuid": "{54849625-5478-4994-a5ba-3e3b0328c30d}",
                            "eventID": "4673",
                            "version": "0",
                            "level": "0",
                            "task": "13056",
                            "opcode": "0",
                            "keywords": "0x8010000000000000",
                            "systemTime": "2026-04-26T06:25:39.7617763Z",
                            "eventRecordID": "155737",
                            "processID": "4",
                            "threadID": "3592",
                            "channel": "Security",
                            "computer": "WIN10-CLIENT.corp.local",
                            "severityValue": "AUDIT_FAILURE",
                            "message": "\"A privileged service was called.\r\n\r\nSubject:\r\n\tSecurity ID:\t\tS-1-5-21-4237099201-2470629605-866910986-1103\r\n\tAccount Name:\t\tPranav\r\n\tAccount Domain:\t\tCORP\r\n\tLogon ID:\t\t0x7C489\r\n\r\nService:\r\n\tServer:\tSecurity\r\n\tService Name:\t-\r\n\r\nProcess:\r\n\tProcess ID:\t0x27e8\r\n\tProcess Name:\tC:\\Program Files\\BraveSoftware\\Brave-Browser\\Application\\brave.exe\r\n\r\nService Request Information:\r\n\tPrivileges:\t\tSeProfileSingleProcessPrivilege\""
                        },
                        "eventdata": {
                            "subjectUserSid": "S-1-5-21-4237099201-2470629605-866910986-1103",
                            "subjectUserName": "Pranav",
                            "subjectDomainName": "CORP",
                            "subjectLogonId": "0x7c489",
                            "objectServer": "Security",
                            "privilegeList": "SeProfileSingleProcessPrivilege",
                            "processId": "0x27e8",
                            "processName": "C:\\\\Program Files\\\\BraveSoftware\\\\Brave-Browser\\\\Application\\\\brave.exe"
                        }
                    }
                },
                "location": "EventChannel"
            }
        },
