        {
            "timestamp": "2026-04-26 11:55:52",
            "rule_id": "60107",
            "rule_description": "Failed attempt to perform a privileged operation.",
            "severity": 4,
            "agent": "WIN10-CLIENT",
            "agent_ip": "192.168.56.20",
            "windows_event_id": "4673",
            "source_ip": null,
            "raw": {
                "timestamp": "2026-04-26T11:55:52.142+0530",
                "rule": {
                    "level": 4,
                    "description": "Failed attempt to perform a privileged operation.",
                    "id": "60107",
                    "mitre": {
                        "id": [
                            "T1078"
                        ],
                        "tactic": [
                            "Defense Evasion",
                            "Persistence",
                            "Privilege Escalation",
                            "Initial Access"
                        ],
                        "technique": [
                            "Valid Accounts"
                        ]
                    },
                    "firedtimes": 1257,
                    "mail": false,
                    "groups": [
                        "windows",
                        "windows_security"
                    ],
                    "gdpr": [
                        "IV_32.2"
                    ],
                    "hipaa": [
                        "164.312.b"
                    ],
                    "nist_800_53": [
                        "AC.6",
                        "AU.14"
                    ],
                    "pci_dss": [
                        "10.2.2"
                    ],
                    "tsc": [
                        "CC6.8",
                        "CC7.2",
                        "CC7.3"
                    ]
                },
                "agent": {
                    "id": "003",
                    "name": "WIN10-CLIENT",
                    "ip": "192.168.56.20"
                },
                "manager": {
                    "name": "wazuh-server"
                },
                "id": "1777184752.9006073",
                "decoder": {
                    "name": "windows_eventchannel"
                },
                "data": {
                    "win": {
                        "system": {
                            "providerName": "Microsoft-Windows-Security-Auditing",
                            "providerGuid": "{54849625-5478-4994-a5ba-3e3b0328c30d}",
                            "eventID": "4673",
                            "version": "0",
                            "level": "0",
                            "task": "13056",
                            "opcode": "0",
                            "keywords": "0x8010000000000000",
                            "systemTime": "2026-04-26T06:25:52.2796801Z",
                            "eventRecordID": "155857",
                            "processID": "4",
                            "threadID": "2756",
                            "channel": "Security",
                            "computer": "WIN10-CLIENT.corp.local",
                            "severityValue": "AUDIT_FAILURE",
                            "message": "\"A privileged service was called.\r\n\r\nSubject:\r\n\tSecurity ID:\t\tS-1-5-21-4237099201-2470629605-866910986-1103\r\n\tAccount Name:\t\tPranav\r\n\tAccount Domain:\t\tCORP\r\n\tLogon ID:\t\t0x7C489\r\n\r\nService:\r\n\tServer:\tSecurity\r\n\tService Name:\t-\r\n\r\nProcess:\r\n\tProcess ID:\t0x1ed0\r\n\tProcess Name:\tC:\\Program Files\\BraveSoftware\\Brave-Browser\\Application\\brave.exe\r\n\r\nService Request Information:\r\n\tPrivileges:\t\tSeProfileSingleProcessPrivilege\""
                        },
                        "eventdata": {
                            "subjectUserSid": "S-1-5-21-4237099201-2470629605-866910986-1103",
                            "subjectUserName": "Pranav",
                            "subjectDomainName": "CORP",
                            "subjectLogonId": "0x7c489",
                            "objectServer": "Security",
                            "privilegeList": "SeProfileSingleProcessPrivilege",
                            "processId": "0x1ed0",
                            "processName": "C:\\\\Program Files\\\\BraveSoftware\\\\Brave-Browser\\\\Application\\\\brave.exe"
                        }
                    }
                },
                "location": "EventChannel"
            }
        },
        {
            "timestamp": "2026-04-26 11:55:52",
            "rule_id": "60107",
            "rule_description": "Failed attempt to perform a privileged operation.",
            "severity": 4,
            "agent": "WIN10-CLIENT",
            "agent_ip": "192.168.56.20",
            "windows_event_id": "4673",
            "source_ip": null,
            "raw": {
                "timestamp": "2026-04-26T11:55:52.158+0530",
                "rule": {
                    "level": 4,
                    "description": "Failed attempt to perform a privileged operation.",
                    "id": "60107",
                    "mitre": {
                        "id": [
                            "T1078"
                        ],
                        "tactic": [
                            "Defense Evasion",
                            "Persistence",
                            "Privilege Escalation",
                            "Initial Access"
                        ],
                        "technique": [
                            "Valid Accounts"
                        ]
                    },
                    "firedtimes": 1258,
                    "mail": false,
                    "groups": [
                        "windows",
                        "windows_security"
                    ],
                    "gdpr": [
                        "IV_32.2"
                    ],
                    "hipaa": [
                        "164.312.b"
                    ],
                    "nist_800_53": [
                        "AC.6",
                        "AU.14"
                    ],
                    "pci_dss": [
                        "10.2.2"
                    ],
                    "tsc": [
                        "CC6.8",
                        "CC7.2",
                        "CC7.3"
                    ]
                },
                "agent": {
                    "id": "003",
                    "name": "WIN10-CLIENT",
                    "ip": "192.168.56.20"
                },
                "manager": {
                    "name": "wazuh-server"
                },
                "id": "1777184752.9009036",
                "decoder": {
                    "name": "windows_eventchannel"
                },
                "data": {
                    "win": {
                        "system": {
                            "providerName": "Microsoft-Windows-Security-Auditing",
                            "providerGuid": "{54849625-5478-4994-a5ba-3e3b0328c30d}",
                            "eventID": "4673",
                            "version": "0",
                            "level": "0",
                            "task": "13056",
                            "opcode": "0",
                            "keywords": "0x8010000000000000",
                            "systemTime": "2026-04-26T06:25:52.2796900Z",
                            "eventRecordID": "155859",
                            "processID": "4",
                            "threadID": "2756",
                            "channel": "Security",
                            "computer": "WIN10-CLIENT.corp.local",
                            "severityValue": "AUDIT_FAILURE",
                            "message": "\"A privileged service was called.\r\n\r\nSubject:\r\n\tSecurity ID:\t\tS-1-5-21-4237099201-2470629605-866910986-1103\r\n\tAccount Name:\t\tPranav\r\n\tAccount Domain:\t\tCORP\r\n\tLogon ID:\t\t0x7C489\r\n\r\nService:\r\n\tServer:\tSecurity\r\n\tService Name:\t-\r\n\r\nProcess:\r\n\tProcess ID:\t0x1ed0\r\n\tProcess Name:\tC:\\Program Files\\BraveSoftware\\Brave-Browser\\Application\\brave.exe\r\n\r\nService Request Information:\r\n\tPrivileges:\t\tSeProfileSingleProcessPrivilege\""
                        },
                        "eventdata": {
                            "subjectUserSid": "S-1-5-21-4237099201-2470629605-866910986-1103",
                            "subjectUserName": "Pranav",
                            "subjectDomainName": "CORP",
                            "subjectLogonId": "0x7c489",
                            "objectServer": "Security",
                            "privilegeList": "SeProfileSingleProcessPrivilege",
                            "processId": "0x1ed0",
                            "processName": "C:\\\\Program Files\\\\BraveSoftware\\\\Brave-Browser\\\\Application\\\\brave.exe"
                        }
                    }
                },
                "location": "EventChannel"
            }
        },
        {
            "timestamp": "2026-04-26 11:55:52",
            "rule_id": "60107",
            "rule_description": "Failed attempt to perform a privileged operation.",
            "severity": 4,
            "agent": "WIN10-CLIENT",
            "agent_ip": "192.168.56.20",
            "windows_event_id": "4673",
            "source_ip": null,
            "raw": {
                "timestamp": "2026-04-26T11:55:52.174+0530",
                "rule": {
                    "level": 4,
                    "description": "Failed attempt to perform a privileged operation.",
                    "id": "60107",
                    "mitre": {
                        "id": [
                            "T1078"
                        ],
                        "tactic": [
                            "Defense Evasion",
                            "Persistence",
                            "Privilege Escalation",
                            "Initial Access"
                        ],
                        "technique": [
                            "Valid Accounts"
                        ]
                    },
                    "firedtimes": 1259,
                    "mail": false,
                    "groups": [
                        "windows",
                        "windows_security"
                    ],
                    "gdpr": [
                        "IV_32.2"
                    ],
                    "hipaa": [
                        "164.312.b"
                    ],
                    "nist_800_53": [
                        "AC.6",
                        "AU.14"
                    ],
                    "pci_dss": [
                        "10.2.2"
                    ],
                    "tsc": [
                        "CC6.8",
                        "CC7.2",
                        "CC7.3"
                    ]
                },
                "agent": {
                    "id": "003",
                    "name": "WIN10-CLIENT",
                    "ip": "192.168.56.20"
                },
                "manager": {
                    "name": "wazuh-server"
                },
                "id": "1777184752.9011999",
                "decoder": {
                    "name": "windows_eventchannel"
                },
                "data": {
                    "win": {
                        "system": {
                            "providerName": "Microsoft-Windows-Security-Auditing",
                            "providerGuid": "{54849625-5478-4994-a5ba-3e3b0328c30d}",
                            "eventID": "4673",
                            "version": "0",
                            "level": "0",
                            "task": "13056",
                            "opcode": "0",
                            "keywords": "0x8010000000000000",
                            "systemTime": "2026-04-26T06:25:52.2796956Z",
                            "eventRecordID": "155860",
                            "processID": "4",
                            "threadID": "2756",
                            "channel": "Security",
                            "computer": "WIN10-CLIENT.corp.local",
                            "severityValue": "AUDIT_FAILURE",
                            "message": "\"A privileged service was called.\r\n\r\nSubject:\r\n\tSecurity ID:\t\tS-1-5-21-4237099201-2470629605-866910986-1103\r\n\tAccount Name:\t\tPranav\r\n\tAccount Domain:\t\tCORP\r\n\tLogon ID:\t\t0x7C489\r\n\r\nService:\r\n\tServer:\tSecurity\r\n\tService Name:\t-\r\n\r\nProcess:\r\n\tProcess ID:\t0x1ed0\r\n\tProcess Name:\tC:\\Program Files\\BraveSoftware\\Brave-Browser\\Application\\brave.exe\r\n\r\nService Request Information:\r\n\tPrivileges:\t\tSeProfileSingleProcessPrivilege\""
                        },
                        "eventdata": {
                            "subjectUserSid": "S-1-5-21-4237099201-2470629605-866910986-1103",
                            "subjectUserName": "Pranav",
                            "subjectDomainName": "CORP",
                            "subjectLogonId": "0x7c489",
                            "objectServer": "Security",
                            "privilegeList": "SeProfileSingleProcessPrivilege",
                            "processId": "0x1ed0",
                            "processName": "C:\\\\Program Files\\\\BraveSoftware\\\\Brave-Browser\\\\Application\\\\brave.exe"
                        }
                    }
                },
                "location": "EventChannel"
            }
        },
        {
            "timestamp": "2026-04-26 11:55:55",
            "rule_id": "60107",
            "rule_description": "Failed attempt to perform a privileged operation.",
            "severity": 4,
            "agent": "WIN10-CLIENT",
            "agent_ip": "192.168.56.20",
            "windows_event_id": "4673",
            "source_ip": null,
            "raw": {
                "timestamp": "2026-04-26T11:55:55.660+0530",
                "rule": {
                    "level": 4,
                    "description": "Failed attempt to perform a privileged operation.",
                    "id": "60107",
                    "mitre": {
                        "id": [
                            "T1078"
                        ],
                        "tactic": [
                            "Defense Evasion",
                            "Persistence",
                            "Privilege Escalation",
                            "Initial Access"
                        ],
                        "technique": [
                            "Valid Accounts"
                        ]
                    },
                    "firedtimes": 1260,
                    "mail": false,
                    "groups": [
                        "windows",
                        "windows_security"
                    ],
                    "gdpr": [
                        "IV_32.2"
                    ],
                    "hipaa": [
                        "164.312.b"
                    ],
                    "nist_800_53": [
                        "AC.6",
                        "AU.14"
                    ],
                    "pci_dss": [
                        "10.2.2"
                    ],
                    "tsc": [
                        "CC6.8",
                        "CC7.2",
                        "CC7.3"
                    ]
                },
                "agent": {
                    "id": "003",
                    "name": "WIN10-CLIENT",
                    "ip": "192.168.56.20"
                },
                "manager": {
                    "name": "wazuh-server"
                },
                "id": "1777184755.9014962",
                "decoder": {
                    "name": "windows_eventchannel"
                },
                "data": {
                    "win": {
                        "system": {
                            "providerName": "Microsoft-Windows-Security-Auditing",
                            "providerGuid": "{54849625-5478-4994-a5ba-3e3b0328c30d}",
                            "eventID": "4673",
                            "version": "0",
                            "level": "0",
                            "task": "13056",
                            "opcode": "0",
                            "keywords": "0x8010000000000000",
                            "systemTime": "2026-04-26T06:25:55.5187033Z",
                            "eventRecordID": "155861",
                            "processID": "4",
                            "threadID": "7548",
                            "channel": "Security",
                            "computer": "WIN10-CLIENT.corp.local",
                            "severityValue": "AUDIT_FAILURE",
                            "message": "\"A privileged service was called.\r\n\r\nSubject:\r\n\tSecurity ID:\t\tS-1-5-21-4237099201-2470629605-866910986-1103\r\n\tAccount Name:\t\tPranav\r\n\tAccount Domain:\t\tCORP\r\n\tLogon ID:\t\t0x7C489\r\n\r\nService:\r\n\tServer:\tSecurity\r\n\tService Name:\t-\r\n\r\nProcess:\r\n\tProcess ID:\t0x1d68\r\n\tProcess Name:\tC:\\Program Files\\BraveSoftware\\Brave-Browser\\Application\\brave.exe\r\n\r\nService Request Information:\r\n\tPrivileges:\t\tSeProfileSingleProcessPrivilege\""
                        },
                        "eventdata": {
                            "subjectUserSid": "S-1-5-21-4237099201-2470629605-866910986-1103",
                            "subjectUserName": "Pranav",
                            "subjectDomainName": "CORP",
                            "subjectLogonId": "0x7c489",
                            "objectServer": "Security",
                            "privilegeList": "SeProfileSingleProcessPrivilege",
                            "processId": "0x1d68",
                            "processName": "C:\\\\Program Files\\\\BraveSoftware\\\\Brave-Browser\\\\Application\\\\brave.exe"
                        }
                    }
                },
                "location": "EventChannel"
            }
        },
        {
            "timestamp": "2026-04-26 11:55:55",
            "rule_id": "60107",
            "rule_description": "Failed attempt to perform a privileged operation.",
            "severity": 4,
            "agent": "WIN10-CLIENT",
            "agent_ip": "192.168.56.20",
            "windows_event_id": "4673",
            "source_ip": null,
            "raw": {
                "timestamp": "2026-04-26T11:55:55.664+0530",
                "rule": {
                    "level": 4,
                    "description": "Failed attempt to perform a privileged operation.",
                    "id": "60107",
                    "mitre": {
                        "id": [
                            "T1078"
                        ],
                        "tactic": [
                            "Defense Evasion",
                            "Persistence",
                            "Privilege Escalation",
                            "Initial Access"
                        ],
                        "technique": [
                            "Valid Accounts"
                        ]
                    },
                    "firedtimes": 1261,
                    "mail": false,
                    "groups": [
                        "windows",
                        "windows_security"
                    ],
                    "gdpr": [
                        "IV_32.2"
                    ],
                    "hipaa": [
                        "164.312.b"
                    ],
                    "nist_800_53": [
                        "AC.6",
                        "AU.14"
                    ],
                    "pci_dss": [
                        "10.2.2"
                    ],
                    "tsc": [
                        "CC6.8",
                        "CC7.2",
                        "CC7.3"
                    ]
                },
                "agent": {
                    "id": "003",
                    "name": "WIN10-CLIENT",
                    "ip": "192.168.56.20"
                },
                "manager": {
                    "name": "wazuh-server"
                },
                "id": "1777184755.9017925",
                "decoder": {
                    "name": "windows_eventchannel"
                },
                "data": {
                    "win": {
                        "system": {
                            "providerName": "Microsoft-Windows-Security-Auditing",
                            "providerGuid": "{54849625-5478-4994-a5ba-3e3b0328c30d}",
                            "eventID": "4673",
                            "version": "0",
                            "level": "0",
                            "task": "13056",
                            "opcode": "0",
                            "keywords": "0x8010000000000000",
                            "systemTime": "2026-04-26T06:25:55.5187267Z",
                            "eventRecordID": "155862",
                            "processID": "4",
                            "threadID": "7548",
                            "channel": "Security",
                            "computer": "WIN10-CLIENT.corp.local",
                            "severityValue": "AUDIT_FAILURE",
                            "message": "\"A privileged service was called.\r\n\r\nSubject:\r\n\tSecurity ID:\t\tS-1-5-21-4237099201-2470629605-866910986-1103\r\n\tAccount Name:\t\tPranav\r\n\tAccount Domain:\t\tCORP\r\n\tLogon ID:\t\t0x7C489\r\n\r\nService:\r\n\tServer:\tSecurity\r\n\tService Name:\t-\r\n\r\nProcess:\r\n\tProcess ID:\t0x1d68\r\n\tProcess Name:\tC:\\Program Files\\BraveSoftware\\Brave-Browser\\Application\\brave.exe\r\n\r\nService Request Information:\r\n\tPrivileges:\t\tSeProfileSingleProcessPrivilege\""
                        },
                        "eventdata": {
                            "subjectUserSid": "S-1-5-21-4237099201-2470629605-866910986-1103",
                            "subjectUserName": "Pranav",
                            "subjectDomainName": "CORP",
                            "subjectLogonId": "0x7c489",
                            "objectServer": "Security",
                            "privilegeList": "SeProfileSingleProcessPrivilege",
                            "processId": "0x1d68",
                            "processName": "C:\\\\Program Files\\\\BraveSoftware\\\\Brave-Browser\\\\Application\\\\brave.exe"
                        }
                    }
                },
                "location": "EventChannel"
            }
        },
        {
            "timestamp": "2026-04-26 11:55:55",
            "rule_id": "60107",
            "rule_description": "Failed attempt to perform a privileged operation.",
            "severity": 4,
            "agent": "WIN10-CLIENT",
            "agent_ip": "192.168.56.20",
            "windows_event_id": "4673",
            "source_ip": null,
            "raw": {
                "timestamp": "2026-04-26T11:55:55.674+0530",
                "rule": {
                    "level": 4,
                    "description": "Failed attempt to perform a privileged operation.",
                    "id": "60107",
                    "mitre": {
                        "id": [
                            "T1078"
                        ],
                        "tactic": [
                            "Defense Evasion",
                            "Persistence",
                            "Privilege Escalation",
                            "Initial Access"
                        ],
                        "technique": [
                            "Valid Accounts"
                        ]
                    },
                    "firedtimes": 1262,
                    "mail": false,
                    "groups": [
                        "windows",
                        "windows_security"
                    ],
                    "gdpr": [
                        "IV_32.2"
                    ],
                    "hipaa": [
                        "164.312.b"
                    ],
                    "nist_800_53": [
                        "AC.6",
                        "AU.14"
                    ],
                    "pci_dss": [
                        "10.2.2"
                    ],
                    "tsc": [
                        "CC6.8",
                        "CC7.2",
                        "CC7.3"
                    ]
                },
                "agent": {
                    "id": "003",
                    "name": "WIN10-CLIENT",
                    "ip": "192.168.56.20"
                },
                "manager": {
                    "name": "wazuh-server"
                },
                "id": "1777184755.9020888",
                "decoder": {
                    "name": "windows_eventchannel"
                },
                "data": {
                    "win": {
                        "system": {
                            "providerName": "Microsoft-Windows-Security-Auditing",
                            "providerGuid": "{54849625-5478-4994-a5ba-3e3b0328c30d}",
                            "eventID": "4673",
                            "version": "0",
                            "level": "0",
                            "task": "13056",
                            "opcode": "0",
                            "keywords": "0x8010000000000000",
                            "systemTime": "2026-04-26T06:25:55.5187371Z",
                            "eventRecordID": "155863",
                            "processID": "4",
                            "threadID": "7548",
                            "channel": "Security",
                            "computer": "WIN10-CLIENT.corp.local",
                            "severityValue": "AUDIT_FAILURE",
                            "message": "\"A privileged service was called.\r\n\r\nSubject:\r\n\tSecurity ID:\t\tS-1-5-21-4237099201-2470629605-866910986-1103\r\n\tAccount Name:\t\tPranav\r\n\tAccount Domain:\t\tCORP\r\n\tLogon ID:\t\t0x7C489\r\n\r\nService:\r\n\tServer:\tSecurity\r\n\tService Name:\t-\r\n\r\nProcess:\r\n\tProcess ID:\t0x1d68\r\n\tProcess Name:\tC:\\Program Files\\BraveSoftware\\Brave-Browser\\Application\\brave.exe\r\n\r\nService Request Information:\r\n\tPrivileges:\t\tSeProfileSingleProcessPrivilege\""
                        },
                        "eventdata": {
                            "subjectUserSid": "S-1-5-21-4237099201-2470629605-866910986-1103",
                            "subjectUserName": "Pranav",
                            "subjectDomainName": "CORP",
                            "subjectLogonId": "0x7c489",
                            "objectServer": "Security",
                            "privilegeList": "SeProfileSingleProcessPrivilege",
                            "processId": "0x1d68",
                            "processName": "C:\\\\Program Files\\\\BraveSoftware\\\\Brave-Browser\\\\Application\\\\brave.exe"
                        }
                    }
                },
                "location": "EventChannel"
            }
        },
        {
            "timestamp": "2026-04-26 11:55:55",
            "rule_id": "60107",
            "rule_description": "Failed attempt to perform a privileged operation.",
            "severity": 4,
            "agent": "WIN10-CLIENT",
            "agent_ip": "192.168.56.20",
            "windows_event_id": "4673",
            "source_ip": null,
            "raw": {
                "timestamp": "2026-04-26T11:55:55.689+0530",
                "rule": {
                    "level": 4,
                    "description": "Failed attempt to perform a privileged operation.",
                    "id": "60107",
                    "mitre": {
                        "id": [
                            "T1078"
                        ],
                        "tactic": [
                            "Defense Evasion",
                            "Persistence",
                            "Privilege Escalation",
                            "Initial Access"
                        ],
                        "technique": [
                            "Valid Accounts"
                        ]
                    },
                    "firedtimes": 1263,
                    "mail": false,
                    "groups": [
                        "windows",
                        "windows_security"
                    ],
                    "gdpr": [
                        "IV_32.2"
                    ],
                    "hipaa": [
                        "164.312.b"
                    ],
                    "nist_800_53": [
                        "AC.6",
                        "AU.14"
                    ],
                    "pci_dss": [
                        "10.2.2"
                    ],
                    "tsc": [
                        "CC6.8",
                        "CC7.2",
                        "CC7.3"
                    ]
                },
                "agent": {
                    "id": "003",
                    "name": "WIN10-CLIENT",
                    "ip": "192.168.56.20"
                },
                "manager": {
                    "name": "wazuh-server"
                },
                "id": "1777184755.9023851",
                "decoder": {
                    "name": "windows_eventchannel"
                },
                "data": {
                    "win": {
                        "system": {
                            "providerName": "Microsoft-Windows-Security-Auditing",
                            "providerGuid": "{54849625-5478-4994-a5ba-3e3b0328c30d}",
                            "eventID": "4673",
                            "version": "0",
                            "level": "0",
                            "task": "13056",
                            "opcode": "0",
                            "keywords": "0x8010000000000000",
                            "systemTime": "2026-04-26T06:25:55.5187465Z",
                            "eventRecordID": "155864",
                            "processID": "4",
                            "threadID": "7548",
                            "channel": "Security",
                            "computer": "WIN10-CLIENT.corp.local",
                            "severityValue": "AUDIT_FAILURE",
                            "message": "\"A privileged service was called.\r\n\r\nSubject:\r\n\tSecurity ID:\t\tS-1-5-21-4237099201-2470629605-866910986-1103\r\n\tAccount Name:\t\tPranav\r\n\tAccount Domain:\t\tCORP\r\n\tLogon ID:\t\t0x7C489\r\n\r\nService:\r\n\tServer:\tSecurity\r\n\tService Name:\t-\r\n\r\nProcess:\r\n\tProcess ID:\t0x1d68\r\n\tProcess Name:\tC:\\Program Files\\BraveSoftware\\Brave-Browser\\Application\\brave.exe\r\n\r\nService Request Information:\r\n\tPrivileges:\t\tSeProfileSingleProcessPrivilege\""
                        },
                        "eventdata": {
                            "subjectUserSid": "S-1-5-21-4237099201-2470629605-866910986-1103",
                            "subjectUserName": "Pranav",
                            "subjectDomainName": "CORP",
                            "subjectLogonId": "0x7c489",
                            "objectServer": "Security",
                            "privilegeList": "SeProfileSingleProcessPrivilege",
                            "processId": "0x1d68",
                            "processName": "C:\\\\Program Files\\\\BraveSoftware\\\\Brave-Browser\\\\Application\\\\brave.exe"
                        }
                    }
                },
                "location": "EventChannel"
            }
        },
        {
            "timestamp": "2026-04-26 11:55:55",
            "rule_id": "60107",
            "rule_description": "Failed attempt to perform a privileged operation.",
            "severity": 4,
            "agent": "WIN10-CLIENT",
            "agent_ip": "192.168.56.20",
            "windows_event_id": "4673",
            "source_ip": null,
            "raw": {
                "timestamp": "2026-04-26T11:55:55.705+0530",
                "rule": {
                    "level": 4,
                    "description": "Failed attempt to perform a privileged operation.",
                    "id": "60107",
                    "mitre": {
                        "id": [
                            "T1078"
                        ],
                        "tactic": [
                            "Defense Evasion",
                            "Persistence",
                            "Privilege Escalation",
                            "Initial Access"
                        ],
                        "technique": [
                            "Valid Accounts"
                        ]
                    },
                    "firedtimes": 1264,
                    "mail": false,
                    "groups": [
                        "windows",
                        "windows_security"
                    ],
                    "gdpr": [
                        "IV_32.2"
                    ],
                    "hipaa": [
                        "164.312.b"
                    ],
                    "nist_800_53": [
                        "AC.6",
                        "AU.14"
                    ],
                    "pci_dss": [
                        "10.2.2"
                    ],
                    "tsc": [
                        "CC6.8",
                        "CC7.2",
                        "CC7.3"
                    ]
                },
                "agent": {
                    "id": "003",
                    "name": "WIN10-CLIENT",
                    "ip": "192.168.56.20"
                },
                "manager": {
                    "name": "wazuh-server"
                },
                "id": "1777184755.9026814",
                "decoder": {
                    "name": "windows_eventchannel"
                },
                "data": {
                    "win": {
                        "system": {
                            "providerName": "Microsoft-Windows-Security-Auditing",
                            "providerGuid": "{54849625-5478-4994-a5ba-3e3b0328c30d}",
                            "eventID": "4673",
                            "version": "0",
                            "level": "0",
                            "task": "13056",
                            "opcode": "0",
                            "keywords": "0x8010000000000000",
                            "systemTime": "2026-04-26T06:25:55.5187613Z",
                            "eventRecordID": "155865",
                            "processID": "4",
                            "threadID": "7548",
                            "channel": "Security",
                            "computer": "WIN10-CLIENT.corp.local",
                            "severityValue": "AUDIT_FAILURE",
                            "message": "\"A privileged service was called.\r\n\r\nSubject:\r\n\tSecurity ID:\t\tS-1-5-21-4237099201-2470629605-866910986-1103\r\n\tAccount Name:\t\tPranav\r\n\tAccount Domain:\t\tCORP\r\n\tLogon ID:\t\t0x7C489\r\n\r\nService:\r\n\tServer:\tSecurity\r\n\tService Name:\t-\r\n\r\nProcess:\r\n\tProcess ID:\t0x1d68\r\n\tProcess Name:\tC:\\Program Files\\BraveSoftware\\Brave-Browser\\Application\\brave.exe\r\n\r\nService Request Information:\r\n\tPrivileges:\t\tSeProfileSingleProcessPrivilege\""
                        },
                        "eventdata": {
                            "subjectUserSid": "S-1-5-21-4237099201-2470629605-866910986-1103",
                            "subjectUserName": "Pranav",
                            "subjectDomainName": "CORP",
                            "subjectLogonId": "0x7c489",
                            "objectServer": "Security",
                            "privilegeList": "SeProfileSingleProcessPrivilege",
                            "processId": "0x1d68",
                            "processName": "C:\\\\Program Files\\\\BraveSoftware\\\\Brave-Browser\\\\Application\\\\brave.exe"
                        }
                    }
                },
                "location": "EventChannel"
            }
        },
        {
            "timestamp": "2026-04-26 11:55:55",
            "rule_id": "60107",
            "rule_description": "Failed attempt to perform a privileged operation.",
            "severity": 4,
            "agent": "WIN10-CLIENT",
            "agent_ip": "192.168.56.20",
            "windows_event_id": "4673",
            "source_ip": null,
            "raw": {
                "timestamp": "2026-04-26T11:55:55.720+0530",
                "rule": {
                    "level": 4,
                    "description": "Failed attempt to perform a privileged operation.",
                    "id": "60107",
                    "mitre": {
                        "id": [
                            "T1078"
                        ],
                        "tactic": [
                            "Defense Evasion",
                            "Persistence",
                            "Privilege Escalation",
                            "Initial Access"
                        ],
                        "technique": [
                            "Valid Accounts"
                        ]
                    },
                    "firedtimes": 1265,
                    "mail": false,
                    "groups": [
                        "windows",
                        "windows_security"
                    ],
                    "gdpr": [
                        "IV_32.2"
                    ],
                    "hipaa": [
                        "164.312.b"
                    ],
                    "nist_800_53": [
                        "AC.6",
                        "AU.14"
                    ],
                    "pci_dss": [
                        "10.2.2"
                    ],
                    "tsc": [
                        "CC6.8",
                        "CC7.2",
                        "CC7.3"
                    ]
                },
                "agent": {
                    "id": "003",
                    "name": "WIN10-CLIENT",
                    "ip": "192.168.56.20"
                },
                "manager": {
                    "name": "wazuh-server"
                },
                "id": "1777184755.9029777",
                "decoder": {
                    "name": "windows_eventchannel"
                },
                "data": {
                    "win": {
                        "system": {
                            "providerName": "Microsoft-Windows-Security-Auditing",
                            "providerGuid": "{54849625-5478-4994-a5ba-3e3b0328c30d}",
                            "eventID": "4673",
                            "version": "0",
                            "level": "0",
                            "task": "13056",
                            "opcode": "0",
                            "keywords": "0x8010000000000000",
                            "systemTime": "2026-04-26T06:25:55.5188154Z",
                            "eventRecordID": "155866",
                            "processID": "4",
                            "threadID": "7548",
                            "channel": "Security",
                            "computer": "WIN10-CLIENT.corp.local",
                            "severityValue": "AUDIT_FAILURE",
                            "message": "\"A privileged service was called.\r\n\r\nSubject:\r\n\tSecurity ID:\t\tS-1-5-21-4237099201-2470629605-866910986-1103\r\n\tAccount Name:\t\tPranav\r\n\tAccount Domain:\t\tCORP\r\n\tLogon ID:\t\t0x7C489\r\n\r\nService:\r\n\tServer:\tSecurity\r\n\tService Name:\t-\r\n\r\nProcess:\r\n\tProcess ID:\t0x1d68\r\n\tProcess Name:\tC:\\Program Files\\BraveSoftware\\Brave-Browser\\Application\\brave.exe\r\n\r\nService Request Information:\r\n\tPrivileges:\t\tSeProfileSingleProcessPrivilege\""
                        },
                        "eventdata": {
                            "subjectUserSid": "S-1-5-21-4237099201-2470629605-866910986-1103",
                            "subjectUserName": "Pranav",
                            "subjectDomainName": "CORP",
                            "subjectLogonId": "0x7c489",
                            "objectServer": "Security",
                            "privilegeList": "SeProfileSingleProcessPrivilege",
                            "processId": "0x1d68",
                            "processName": "C:\\\\Program Files\\\\BraveSoftware\\\\Brave-Browser\\\\Application\\\\brave.exe"
                        }
                    }
                },
                "location": "EventChannel"
            }
        },
        {
            "timestamp": "2026-04-26 11:55:55",
            "rule_id": "60107",
            "rule_description": "Failed attempt to perform a privileged operation.",
            "severity": 4,
            "agent": "WIN10-CLIENT",
            "agent_ip": "192.168.56.20",
            "windows_event_id": "4673",
            "source_ip": null,
            "raw": {
                "timestamp": "2026-04-26T11:55:55.736+0530",
                "rule": {
                    "level": 4,
                    "description": "Failed attempt to perform a privileged operation.",
                    "id": "60107",
                    "mitre": {
                        "id": [
                            "T1078"
                        ],
                        "tactic": [
                            "Defense Evasion",
                            "Persistence",
                            "Privilege Escalation",
                            "Initial Access"
                        ],
                        "technique": [
                            "Valid Accounts"
                        ]
                    },
                    "firedtimes": 1266,
                    "mail": false,
                    "groups": [
                        "windows",
                        "windows_security"
                    ],
                    "gdpr": [
                        "IV_32.2"
                    ],
                    "hipaa": [
                        "164.312.b"
                    ],
                    "nist_800_53": [
                        "AC.6",
                        "AU.14"
                    ],
                    "pci_dss": [
                        "10.2.2"
                    ],
                    "tsc": [
                        "CC6.8",
                        "CC7.2",
                        "CC7.3"
                    ]
                },
                "agent": {
                    "id": "003",
                    "name": "WIN10-CLIENT",
                    "ip": "192.168.56.20"
                },
                "manager": {
                    "name": "wazuh-server"
                },
                "id": "1777184755.9032740",
                "decoder": {
                    "name": "windows_eventchannel"
                },
                "data": {
                    "win": {
                        "system": {
                            "providerName": "Microsoft-Windows-Security-Auditing",
                            "providerGuid": "{54849625-5478-4994-a5ba-3e3b0328c30d}",
                            "eventID": "4673",
                            "version": "0",
                            "level": "0",
                            "task": "13056",
                            "opcode": "0",
                            "keywords": "0x8010000000000000",
                            "systemTime": "2026-04-26T06:25:55.5188233Z",
                            "eventRecordID": "155867",
                            "processID": "4",
                            "threadID": "7548",
                            "channel": "Security",
                            "computer": "WIN10-CLIENT.corp.local",
                            "severityValue": "AUDIT_FAILURE",
                            "message": "\"A privileged service was called.\r\n\r\nSubject:\r\n\tSecurity ID:\t\tS-1-5-21-4237099201-2470629605-866910986-1103\r\n\tAccount Name:\t\tPranav\r\n\tAccount Domain:\t\tCORP\r\n\tLogon ID:\t\t0x7C489\r\n\r\nService:\r\n\tServer:\tSecurity\r\n\tService Name:\t-\r\n\r\nProcess:\r\n\tProcess ID:\t0x1d68\r\n\tProcess Name:\tC:\\Program Files\\BraveSoftware\\Brave-Browser\\Application\\brave.exe\r\n\r\nService Request Information:\r\n\tPrivileges:\t\tSeProfileSingleProcessPrivilege\""
                        },
                        "eventdata": {
                            "subjectUserSid": "S-1-5-21-4237099201-2470629605-866910986-1103",
                            "subjectUserName": "Pranav",
                            "subjectDomainName": "CORP",
                            "subjectLogonId": "0x7c489",
                            "objectServer": "Security",
                            "privilegeList": "SeProfileSingleProcessPrivilege",
                            "processId": "0x1d68",
                            "processName": "C:\\\\Program Files\\\\BraveSoftware\\\\Brave-Browser\\\\Application\\\\brave.exe"
                        }
                    }
                },
                "location": "EventChannel"
            }
        },
