        {
            "timestamp": "2026-04-13 10:13:47",
            "rule_id": "60106",
            "rule_description": "Windows logon success.",
            "severity": 3,
            "agent": "DC01",
            "raw": {
                "timestamp": "2026-04-13T10:13:47.206+0530",
                "rule": {
                    "level": 3,
                    "description": "Windows logon success.",
                    "id": "60106",
                    "mitre": {
                        "id": [
                            "T1078"
                        ],
                        "tactic": [
                            "Defense Evasion",
                            "Persistence",
                            "Privilege Escalation",
                            "Initial Access"
                        ],
                        "technique": [
                            "Valid Accounts"
                        ]
                    },
                    "firedtimes": 49,
                    "mail": false,
                    "groups": [
                        "windows",
                        "windows_security",
                        "authentication_success"
                    ],
                    "gdpr": [
                        "IV_32.2"
                    ],
                    "gpg13": [
                        "7.1",
                        "7.2"
                    ],
                    "hipaa": [
                        "164.312.b"
                    ],
                    "nist_800_53": [
                        "AC.7",
                        "AU.14"
                    ],
                    "pci_dss": [
                        "10.2.5"
                    ],
                    "tsc": [
                        "CC6.8",
                        "CC7.2",
                        "CC7.3"
                    ]
                },
                "agent": {
                    "id": "001",
                    "name": "DC01",
                    "ip": "192.168.56.10"
                },
                "manager": {
                    "name": "wazuh-server"
                },
                "id": "1776055427.5914935",
                "decoder": {
                    "name": "windows_eventchannel"
                },
                "data": {
                    "win": {
                        "system": {
                            "providerName": "Microsoft-Windows-Security-Auditing",
                            "providerGuid": "{54849625-5478-4994-a5ba-3e3b0328c30d}",
                            "eventID": "4624",
                            "version": "2",
                            "level": "0",
                            "task": "12544",
                            "opcode": "0",
                            "keywords": "0x8020000000000000",
                            "systemTime": "2026-04-13T04:43:46.0799233Z",
                            "eventRecordID": "309185",
                            "processID": "688",
                            "threadID": "1124",
                            "channel": "Security",
                            "computer": "DC01.corp.local",
                            "severityValue": "AUDIT_SUCCESS",
                            "message": "\"An account was successfully logged on.\r\n\r\nSubject:\r\n\tSecurity ID:\t\tS-1-0-0\r\n\tAccount Name:\t\t-\r\n\tAccount Domain:\t\t-\r\n\tLogon ID:\t\t0x0\r\n\r\nLogon Information:\r\n\tLogon Type:\t\t3\r\n\tRestricted Admin Mode:\t-\r\n\tVirtual Account:\t\tNo\r\n\tElevated Token:\t\tYes\r\n\r\nImpersonation Level:\t\tImpersonation\r\n\r\nNew Logon:\r\n\tSecurity ID:\t\tS-1-5-18\r\n\tAccount Name:\t\tDC01$\r\n\tAccount Domain:\t\tCORP.LOCAL\r\n\tLogon ID:\t\t0x4586D7\r\n\tLinked Logon ID:\t\t0x0\r\n\tNetwork Account Name:\t-\r\n\tNetwork Account Domain:\t-\r\n\tLogon GUID:\t\t{311023a8-8104-12b7-2fd6-b9dc36e185fc}\r\n\r\nProcess Information:\r\n\tProcess ID:\t\t0x0\r\n\tProcess Name:\t\t-\r\n\r\nNetwork Information:\r\n\tWorkstation Name:\t-\r\n\tSource Network Address:\tfe80::ed4f:9913:1ec0:1ea9\r\n\tSource Port:\t\t51998\r\n\r\nDetailed Authentication Information:\r\n\tLogon Process:\t\tKerberos\r\n\tAuthentication Package:\tKerberos\r\n\tTransited Services:\t-\r\n\tPackage Name (NTLM only):\t-\r\n\tKey Length:\t\t0\r\n\r\nThis event is generated when a logon session is created. It is generated on the computer that was accessed.\r\n\r\nThe subject fields indicate the account on the local system which requested the logon. This is most commonly a service such as the Server service, or a local process such as Winlogon.exe or Services.exe.\r\n\r\nThe logon type field indicates the kind of logon that occurred. The most common types are 2 (interactive) and 3 (network).\r\n\r\nThe New Logon fields indicate the account for whom the new logon was created, i.e. the account that was logged on.\r\n\r\nThe network fields indicate where a remote logon request originated. Workstation name is not always available and may be left blank in some cases.\r\n\r\nThe impersonation level field indicates the extent to which a process in the logon session can impersonate.\r\n\r\nThe authentication information fields provide detailed information about this specific logon request.\r\n\t- Logon GUID is a unique identifier that can be used to correlate this event with a KDC event.\r\n\t- Transited services indicate which intermediate services have participated in this logon request.\r\n\t- Package name indicates which sub-protocol was used among the NTLM protocols.\r\n\t- Key length indicates the length of the generated session key. This will be 0 if no session key was requested.\""
                        },
                        "eventdata": {
                            "subjectUserSid": "S-1-0-0",
                            "subjectLogonId": "0x0",
                            "targetUserSid": "S-1-5-18",
                            "targetUserName": "DC01$",
                            "targetDomainName": "CORP.LOCAL",
                            "targetLogonId": "0x4586d7",
                            "logonType": "3",
                            "logonProcessName": "Kerberos",
                            "authenticationPackageName": "Kerberos",
                            "logonGuid": "{311023a8-8104-12b7-2fd6-b9dc36e185fc}",
                            "keyLength": "0",
                            "processId": "0x0",
                            "ipAddress": "fe80::ed4f:9913:1ec0:1ea9",
                            "ipPort": "51998",
                            "impersonationLevel": "%%1833",
                            "virtualAccount": "%%1843",
                            "targetLinkedLogonId": "0x0",
                            "elevatedToken": "%%1842"
                        }
                    }
                },
                "location": "EventChannel"
            }
        },
        {
            "timestamp": "2026-04-13 10:13:47",
            "rule_id": "60106",
            "rule_description": "Windows logon success.",
            "severity": 3,
            "agent": "DC01",
            "raw": {
                "timestamp": "2026-04-13T10:13:47.249+0530",
                "rule": {
                    "level": 3,
                    "description": "Windows logon success.",
                    "id": "60106",
                    "mitre": {
                        "id": [
                            "T1078"
                        ],
                        "tactic": [
                            "Defense Evasion",
                            "Persistence",
                            "Privilege Escalation",
                            "Initial Access"
                        ],
                        "technique": [
                            "Valid Accounts"
                        ]
                    },
                    "firedtimes": 50,
                    "mail": false,
                    "groups": [
                        "windows",
                        "windows_security",
                        "authentication_success"
                    ],
                    "gdpr": [
                        "IV_32.2"
                    ],
                    "gpg13": [
                        "7.1",
                        "7.2"
                    ],
                    "hipaa": [
                        "164.312.b"
                    ],
                    "nist_800_53": [
                        "AC.7",
                        "AU.14"
                    ],
                    "pci_dss": [
                        "10.2.5"
                    ],
                    "tsc": [
                        "CC6.8",
                        "CC7.2",
                        "CC7.3"
                    ]
                },
                "agent": {
                    "id": "001",
                    "name": "DC01",
                    "ip": "192.168.56.10"
                },
                "manager": {
                    "name": "wazuh-server"
                },
                "id": "1776055427.5922030",
                "decoder": {
                    "name": "windows_eventchannel"
                },
                "data": {
                    "win": {
                        "system": {
                            "providerName": "Microsoft-Windows-Security-Auditing",
                            "providerGuid": "{54849625-5478-4994-a5ba-3e3b0328c30d}",
                            "eventID": "4624",
                            "version": "2",
                            "level": "0",
                            "task": "12544",
                            "opcode": "0",
                            "keywords": "0x8020000000000000",
                            "systemTime": "2026-04-13T04:43:46.0852241Z",
                            "eventRecordID": "309188",
                            "processID": "688",
                            "threadID": "2080",
                            "channel": "Security",
                            "computer": "DC01.corp.local",
                            "severityValue": "AUDIT_SUCCESS",
                            "message": "\"An account was successfully logged on.\r\n\r\nSubject:\r\n\tSecurity ID:\t\tS-1-0-0\r\n\tAccount Name:\t\t-\r\n\tAccount Domain:\t\t-\r\n\tLogon ID:\t\t0x0\r\n\r\nLogon Information:\r\n\tLogon Type:\t\t3\r\n\tRestricted Admin Mode:\t-\r\n\tVirtual Account:\t\tNo\r\n\tElevated Token:\t\tYes\r\n\r\nImpersonation Level:\t\tImpersonation\r\n\r\nNew Logon:\r\n\tSecurity ID:\t\tS-1-5-18\r\n\tAccount Name:\t\tDC01$\r\n\tAccount Domain:\t\tCORP.LOCAL\r\n\tLogon ID:\t\t0x4587C2\r\n\tLinked Logon ID:\t\t0x0\r\n\tNetwork Account Name:\t-\r\n\tNetwork Account Domain:\t-\r\n\tLogon GUID:\t\t{e8c4e846-ed38-ca6e-f006-1aecfe03b72a}\r\n\r\nProcess Information:\r\n\tProcess ID:\t\t0x0\r\n\tProcess Name:\t\t-\r\n\r\nNetwork Information:\r\n\tWorkstation Name:\t-\r\n\tSource Network Address:\t::1\r\n\tSource Port:\t\t0\r\n\r\nDetailed Authentication Information:\r\n\tLogon Process:\t\tKerberos\r\n\tAuthentication Package:\tKerberos\r\n\tTransited Services:\t-\r\n\tPackage Name (NTLM only):\t-\r\n\tKey Length:\t\t0\r\n\r\nThis event is generated when a logon session is created. It is generated on the computer that was accessed.\r\n\r\nThe subject fields indicate the account on the local system which requested the logon. This is most commonly a service such as the Server service, or a local process such as Winlogon.exe or Services.exe.\r\n\r\nThe logon type field indicates the kind of logon that occurred. The most common types are 2 (interactive) and 3 (network).\r\n\r\nThe New Logon fields indicate the account for whom the new logon was created, i.e. the account that was logged on.\r\n\r\nThe network fields indicate where a remote logon request originated. Workstation name is not always available and may be left blank in some cases.\r\n\r\nThe impersonation level field indicates the extent to which a process in the logon session can impersonate.\r\n\r\nThe authentication information fields provide detailed information about this specific logon request.\r\n\t- Logon GUID is a unique identifier that can be used to correlate this event with a KDC event.\r\n\t- Transited services indicate which intermediate services have participated in this logon request.\r\n\t- Package name indicates which sub-protocol was used among the NTLM protocols.\r\n\t- Key length indicates the length of the generated session key. This will be 0 if no session key was requested.\""
                        },
                        "eventdata": {
                            "subjectUserSid": "S-1-0-0",
                            "subjectLogonId": "0x0",
                            "targetUserSid": "S-1-5-18",
                            "targetUserName": "DC01$",
                            "targetDomainName": "CORP.LOCAL",
                            "targetLogonId": "0x4587c2",
                            "logonType": "3",
                            "logonProcessName": "Kerberos",
                            "authenticationPackageName": "Kerberos",
                            "logonGuid": "{e8c4e846-ed38-ca6e-f006-1aecfe03b72a}",
                            "keyLength": "0",
                            "processId": "0x0",
                            "ipAddress": "::1",
                            "ipPort": "0",
                            "impersonationLevel": "%%1833",
                            "virtualAccount": "%%1843",
                            "targetLinkedLogonId": "0x0",
                            "elevatedToken": "%%1842"
                        }
                    }
                },
                "location": "EventChannel"
            }
        },
        {
            "timestamp": "2026-04-13 10:13:47",
            "rule_id": "60106",
            "rule_description": "Windows logon success.",
            "severity": 3,
            "agent": "DC01",
            "raw": {
                "timestamp": "2026-04-13T10:13:47.343+0530",
                "rule": {
                    "level": 3,
                    "description": "Windows logon success.",
                    "id": "60106",
                    "mitre": {
                        "id": [
                            "T1078"
                        ],
                        "tactic": [
                            "Defense Evasion",
                            "Persistence",
                            "Privilege Escalation",
                            "Initial Access"
                        ],
                        "technique": [
                            "Valid Accounts"
                        ]
                    },
                    "firedtimes": 51,
                    "mail": false,
                    "groups": [
                        "windows",
                        "windows_security",
                        "authentication_success"
                    ],
                    "gdpr": [
                        "IV_32.2"
                    ],
                    "gpg13": [
                        "7.1",
                        "7.2"
                    ],
                    "hipaa": [
                        "164.312.b"
                    ],
                    "nist_800_53": [
                        "AC.7",
                        "AU.14"
                    ],
                    "pci_dss": [
                        "10.2.5"
                    ],
                    "tsc": [
                        "CC6.8",
                        "CC7.2",
                        "CC7.3"
                    ]
                },
                "agent": {
                    "id": "001",
                    "name": "DC01",
                    "ip": "192.168.56.10"
                },
                "manager": {
                    "name": "wazuh-server"
                },
                "id": "1776055427.5929021",
                "decoder": {
                    "name": "windows_eventchannel"
                },
                "data": {
                    "win": {
                        "system": {
                            "providerName": "Microsoft-Windows-Security-Auditing",
                            "providerGuid": "{54849625-5478-4994-a5ba-3e3b0328c30d}",
                            "eventID": "4624",
                            "version": "2",
                            "level": "0",
                            "task": "12544",
                            "opcode": "0",
                            "keywords": "0x8020000000000000",
                            "systemTime": "2026-04-13T04:43:46.0970184Z",
                            "eventRecordID": "309194",
                            "processID": "688",
                            "threadID": "2080",
                            "channel": "Security",
                            "computer": "DC01.corp.local",
                            "severityValue": "AUDIT_SUCCESS",
                            "message": "\"An account was successfully logged on.\r\n\r\nSubject:\r\n\tSecurity ID:\t\tS-1-0-0\r\n\tAccount Name:\t\t-\r\n\tAccount Domain:\t\t-\r\n\tLogon ID:\t\t0x0\r\n\r\nLogon Information:\r\n\tLogon Type:\t\t3\r\n\tRestricted Admin Mode:\t-\r\n\tVirtual Account:\t\tNo\r\n\tElevated Token:\t\tYes\r\n\r\nImpersonation Level:\t\tDelegation\r\n\r\nNew Logon:\r\n\tSecurity ID:\t\tS-1-5-18\r\n\tAccount Name:\t\tDC01$\r\n\tAccount Domain:\t\tCORP.LOCAL\r\n\tLogon ID:\t\t0x4588A6\r\n\tLinked Logon ID:\t\t0x0\r\n\tNetwork Account Name:\t-\r\n\tNetwork Account Domain:\t-\r\n\tLogon GUID:\t\t{e8c4e846-ed38-ca6e-f006-1aecfe03b72a}\r\n\r\nProcess Information:\r\n\tProcess ID:\t\t0x0\r\n\tProcess Name:\t\t-\r\n\r\nNetwork Information:\r\n\tWorkstation Name:\t-\r\n\tSource Network Address:\tfe80::ed4f:9913:1ec0:1ea9\r\n\tSource Port:\t\t52000\r\n\r\nDetailed Authentication Information:\r\n\tLogon Process:\t\tKerberos\r\n\tAuthentication Package:\tKerberos\r\n\tTransited Services:\t-\r\n\tPackage Name (NTLM only):\t-\r\n\tKey Length:\t\t0\r\n\r\nThis event is generated when a logon session is created. It is generated on the computer that was accessed.\r\n\r\nThe subject fields indicate the account on the local system which requested the logon. This is most commonly a service such as the Server service, or a local process such as Winlogon.exe or Services.exe.\r\n\r\nThe logon type field indicates the kind of logon that occurred. The most common types are 2 (interactive) and 3 (network).\r\n\r\nThe New Logon fields indicate the account for whom the new logon was created, i.e. the account that was logged on.\r\n\r\nThe network fields indicate where a remote logon request originated. Workstation name is not always available and may be left blank in some cases.\r\n\r\nThe impersonation level field indicates the extent to which a process in the logon session can impersonate.\r\n\r\nThe authentication information fields provide detailed information about this specific logon request.\r\n\t- Logon GUID is a unique identifier that can be used to correlate this event with a KDC event.\r\n\t- Transited services indicate which intermediate services have participated in this logon request.\r\n\t- Package name indicates which sub-protocol was used among the NTLM protocols.\r\n\t- Key length indicates the length of the generated session key. This will be 0 if no session key was requested.\""
                        },
                        "eventdata": {
                            "subjectUserSid": "S-1-0-0",
                            "subjectLogonId": "0x0",
                            "targetUserSid": "S-1-5-18",
                            "targetUserName": "DC01$",
                            "targetDomainName": "CORP.LOCAL",
                            "targetLogonId": "0x4588a6",
                            "logonType": "3",
                            "logonProcessName": "Kerberos",
                            "authenticationPackageName": "Kerberos",
                            "logonGuid": "{e8c4e846-ed38-ca6e-f006-1aecfe03b72a}",
                            "keyLength": "0",
                            "processId": "0x0",
                            "ipAddress": "fe80::ed4f:9913:1ec0:1ea9",
                            "ipPort": "52000",
                            "impersonationLevel": "%%1840",
                            "virtualAccount": "%%1843",
                            "targetLinkedLogonId": "0x0",
                            "elevatedToken": "%%1842"
                        }
                    }
                },
                "location": "EventChannel"
            }
        },
        {
            "timestamp": "2026-04-13 10:13:47",
            "rule_id": "60137",
            "rule_description": "Windows User Logoff.",
            "severity": 3,
            "agent": "DC01",
            "raw": {
                "timestamp": "2026-04-13T10:13:47.374+0530",
                "rule": {
                    "level": 3,
                    "description": "Windows User Logoff.",
                    "id": "60137",
                    "firedtimes": 42,
                    "mail": false,
                    "groups": [
                        "windows",
                        "windows_security"
                    ],
                    "gdpr": [
                        "IV_32.2"
                    ],
                    "hipaa": [
                        "164.312.b"
                    ],
                    "nist_800_53": [
                        "AC.7",
                        "AU.14"
                    ],
                    "pci_dss": [
                        "10.2.5"
                    ],
                    "tsc": [
                        "CC6.8",
                        "CC7.2",
                        "CC7.3"
                    ]
                },
                "agent": {
                    "id": "001",
                    "name": "DC01",
                    "ip": "192.168.56.10"
                },
                "manager": {
                    "name": "wazuh-server"
                },
                "id": "1776055427.5936110",
                "decoder": {
                    "name": "windows_eventchannel"
                },
                "data": {
                    "win": {
                        "system": {
                            "providerName": "Microsoft-Windows-Security-Auditing",
                            "providerGuid": "{54849625-5478-4994-a5ba-3e3b0328c30d}",
                            "eventID": "4634",
                            "version": "0",
                            "level": "0",
                            "task": "12545",
                            "opcode": "0",
                            "keywords": "0x8020000000000000",
                            "systemTime": "2026-04-13T04:43:46.1060586Z",
                            "eventRecordID": "309196",
                            "processID": "688",
                            "threadID": "6160",
                            "channel": "Security",
                            "computer": "DC01.corp.local",
                            "severityValue": "AUDIT_SUCCESS",
                            "message": "\"An account was logged off.\r\n\r\nSubject:\r\n\tSecurity ID:\t\tS-1-5-18\r\n\tAccount Name:\t\tDC01$\r\n\tAccount Domain:\t\tCORP\r\n\tLogon ID:\t\t0x45880C\r\n\r\nLogon Type:\t\t\t3\r\n\r\nThis event is generated when a logon session is destroyed. It may be positively correlated with a logon event using the Logon ID value. Logon IDs are only unique between reboots on the same computer.\""
                        },
                        "eventdata": {
                            "targetUserSid": "S-1-5-18",
                            "targetUserName": "DC01$",
                            "targetDomainName": "CORP",
                            "targetLogonId": "0x45880c",
                            "logonType": "3"
                        }
                    }
                },
                "location": "EventChannel"
            }
        },
        {
            "timestamp": "2026-04-13 10:13:47",
            "rule_id": "60137",
            "rule_description": "Windows User Logoff.",
            "severity": 3,
            "agent": "DC01",
            "raw": {
                "timestamp": "2026-04-13T10:13:47.389+0530",
                "rule": {
                    "level": 3,
                    "description": "Windows User Logoff.",
                    "id": "60137",
                    "firedtimes": 43,
                    "mail": false,
                    "groups": [
                        "windows",
                        "windows_security"
                    ],
                    "gdpr": [
                        "IV_32.2"
                    ],
                    "hipaa": [
                        "164.312.b"
                    ],
                    "nist_800_53": [
                        "AC.7",
                        "AU.14"
                    ],
                    "pci_dss": [
                        "10.2.5"
                    ],
                    "tsc": [
                        "CC6.8",
                        "CC7.2",
                        "CC7.3"
                    ]
                },
                "agent": {
                    "id": "001",
                    "name": "DC01",
                    "ip": "192.168.56.10"
                },
                "manager": {
                    "name": "wazuh-server"
                },
                "id": "1776055427.5938404",
                "decoder": {
                    "name": "windows_eventchannel"
                },
                "data": {
                    "win": {
                        "system": {
                            "providerName": "Microsoft-Windows-Security-Auditing",
                            "providerGuid": "{54849625-5478-4994-a5ba-3e3b0328c30d}",
                            "eventID": "4634",
                            "version": "0",
                            "level": "0",
                            "task": "12545",
                            "opcode": "0",
                            "keywords": "0x8020000000000000",
                            "systemTime": "2026-04-13T04:43:46.1062098Z",
                            "eventRecordID": "309197",
                            "processID": "688",
                            "threadID": "2080",
                            "channel": "Security",
                            "computer": "DC01.corp.local",
                            "severityValue": "AUDIT_SUCCESS",
                            "message": "\"An account was logged off.\r\n\r\nSubject:\r\n\tSecurity ID:\t\tS-1-5-18\r\n\tAccount Name:\t\tDC01$\r\n\tAccount Domain:\t\tCORP\r\n\tLogon ID:\t\t0x4587C2\r\n\r\nLogon Type:\t\t\t3\r\n\r\nThis event is generated when a logon session is destroyed. It may be positively correlated with a logon event using the Logon ID value. Logon IDs are only unique between reboots on the same computer.\""
                        },
                        "eventdata": {
                            "targetUserSid": "S-1-5-18",
                            "targetUserName": "DC01$",
                            "targetDomainName": "CORP",
                            "targetLogonId": "0x4587c2",
                            "logonType": "3"
                        }
                    }
                },
                "location": "EventChannel"
            }
        },
        {
            "timestamp": "2026-04-13 10:13:47",
            "rule_id": "60106",
            "rule_description": "Windows logon success.",
            "severity": 3,
            "agent": "DC01",
            "raw": {
                "timestamp": "2026-04-13T10:13:47.421+0530",
                "rule": {
                    "level": 3,
                    "description": "Windows logon success.",
                    "id": "60106",
                    "mitre": {
                        "id": [
                            "T1078"
                        ],
                        "tactic": [
                            "Defense Evasion",
                            "Persistence",
                            "Privilege Escalation",
                            "Initial Access"
                        ],
                        "technique": [
                            "Valid Accounts"
                        ]
                    },
                    "firedtimes": 52,
                    "mail": false,
                    "groups": [
                        "windows",
                        "windows_security",
                        "authentication_success"
                    ],
                    "gdpr": [
                        "IV_32.2"
                    ],
                    "gpg13": [
                        "7.1",
                        "7.2"
                    ],
                    "hipaa": [
                        "164.312.b"
                    ],
                    "nist_800_53": [
                        "AC.7",
                        "AU.14"
                    ],
                    "pci_dss": [
                        "10.2.5"
                    ],
                    "tsc": [
                        "CC6.8",
                        "CC7.2",
                        "CC7.3"
                    ]
                },
                "agent": {
                    "id": "001",
                    "name": "DC01",
                    "ip": "192.168.56.10"
                },
                "manager": {
                    "name": "wazuh-server"
                },
                "id": "1776055427.5940698",
                "decoder": {
                    "name": "windows_eventchannel"
                },
                "data": {
                    "win": {
                        "system": {
                            "providerName": "Microsoft-Windows-Security-Auditing",
                            "providerGuid": "{54849625-5478-4994-a5ba-3e3b0328c30d}",
                            "eventID": "4624",
                            "version": "2",
                            "level": "0",
                            "task": "12544",
                            "opcode": "0",
                            "keywords": "0x8020000000000000",
                            "systemTime": "2026-04-13T04:43:46.1079814Z",
                            "eventRecordID": "309199",
                            "processID": "688",
                            "threadID": "6160",
                            "channel": "Security",
                            "computer": "DC01.corp.local",
                            "severityValue": "AUDIT_SUCCESS",
                            "message": "\"An account was successfully logged on.\r\n\r\nSubject:\r\n\tSecurity ID:\t\tS-1-0-0\r\n\tAccount Name:\t\t-\r\n\tAccount Domain:\t\t-\r\n\tLogon ID:\t\t0x0\r\n\r\nLogon Information:\r\n\tLogon Type:\t\t3\r\n\tRestricted Admin Mode:\t-\r\n\tVirtual Account:\t\tNo\r\n\tElevated Token:\t\tYes\r\n\r\nImpersonation Level:\t\tImpersonation\r\n\r\nNew Logon:\r\n\tSecurity ID:\t\tS-1-5-18\r\n\tAccount Name:\t\tDC01$\r\n\tAccount Domain:\t\tCORP.LOCAL\r\n\tLogon ID:\t\t0x45898A\r\n\tLinked Logon ID:\t\t0x0\r\n\tNetwork Account Name:\t-\r\n\tNetwork Account Domain:\t-\r\n\tLogon GUID:\t\t{e8c4e846-ed38-ca6e-f006-1aecfe03b72a}\r\n\r\nProcess Information:\r\n\tProcess ID:\t\t0x0\r\n\tProcess Name:\t\t-\r\n\r\nNetwork Information:\r\n\tWorkstation Name:\t-\r\n\tSource Network Address:\t::1\r\n\tSource Port:\t\t0\r\n\r\nDetailed Authentication Information:\r\n\tLogon Process:\t\tKerberos\r\n\tAuthentication Package:\tKerberos\r\n\tTransited Services:\t-\r\n\tPackage Name (NTLM only):\t-\r\n\tKey Length:\t\t0\r\n\r\nThis event is generated when a logon session is created. It is generated on the computer that was accessed.\r\n\r\nThe subject fields indicate the account on the local system which requested the logon. This is most commonly a service such as the Server service, or a local process such as Winlogon.exe or Services.exe.\r\n\r\nThe logon type field indicates the kind of logon that occurred. The most common types are 2 (interactive) and 3 (network).\r\n\r\nThe New Logon fields indicate the account for whom the new logon was created, i.e. the account that was logged on.\r\n\r\nThe network fields indicate where a remote logon request originated. Workstation name is not always available and may be left blank in some cases.\r\n\r\nThe impersonation level field indicates the extent to which a process in the logon session can impersonate.\r\n\r\nThe authentication information fields provide detailed information about this specific logon request.\r\n\t- Logon GUID is a unique identifier that can be used to correlate this event with a KDC event.\r\n\t- Transited services indicate which intermediate services have participated in this logon request.\r\n\t- Package name indicates which sub-protocol was used among the NTLM protocols.\r\n\t- Key length indicates the length of the generated session key. This will be 0 if no session key was requested.\""
                        },
                        "eventdata": {
                            "subjectUserSid": "S-1-0-0",
                            "subjectLogonId": "0x0",
                            "targetUserSid": "S-1-5-18",
                            "targetUserName": "DC01$",
                            "targetDomainName": "CORP.LOCAL",
                            "targetLogonId": "0x45898a",
                            "logonType": "3",
                            "logonProcessName": "Kerberos",
                            "authenticationPackageName": "Kerberos",
                            "logonGuid": "{e8c4e846-ed38-ca6e-f006-1aecfe03b72a}",
                            "keyLength": "0",
                            "processId": "0x0",
                            "ipAddress": "::1",
                            "ipPort": "0",
                            "impersonationLevel": "%%1833",
                            "virtualAccount": "%%1843",
                            "targetLinkedLogonId": "0x0",
                            "elevatedToken": "%%1842"
                        }
                    }
                },
                "location": "EventChannel"
            }
        },
        {
            "timestamp": "2026-04-13 10:13:47",
            "rule_id": "60137",
            "rule_description": "Windows User Logoff.",
            "severity": 3,
            "agent": "DC01",
            "raw": {
                "timestamp": "2026-04-13T10:13:47.452+0530",
                "rule": {
                    "level": 3,
                    "description": "Windows User Logoff.",
                    "id": "60137",
                    "firedtimes": 44,
                    "mail": false,
                    "groups": [
                        "windows",
                        "windows_security"
                    ],
                    "gdpr": [
                        "IV_32.2"
                    ],
                    "hipaa": [
                        "164.312.b"
                    ],
                    "nist_800_53": [
                        "AC.7",
                        "AU.14"
                    ],
                    "pci_dss": [
                        "10.2.5"
                    ],
                    "tsc": [
                        "CC6.8",
                        "CC7.2",
                        "CC7.3"
                    ]
                },
                "agent": {
                    "id": "001",
                    "name": "DC01",
                    "ip": "192.168.56.10"
                },
                "manager": {
                    "name": "wazuh-server"
                },
                "id": "1776055427.5947689",
                "decoder": {
                    "name": "windows_eventchannel"
                },
                "data": {
                    "win": {
                        "system": {
                            "providerName": "Microsoft-Windows-Security-Auditing",
                            "providerGuid": "{54849625-5478-4994-a5ba-3e3b0328c30d}",
                            "eventID": "4634",
                            "version": "0",
                            "level": "0",
                            "task": "12545",
                            "opcode": "0",
                            "keywords": "0x8020000000000000",
                            "systemTime": "2026-04-13T04:43:46.1086235Z",
                            "eventRecordID": "309201",
                            "processID": "688",
                            "threadID": "6160",
                            "channel": "Security",
                            "computer": "DC01.corp.local",
                            "severityValue": "AUDIT_SUCCESS",
                            "message": "\"An account was logged off.\r\n\r\nSubject:\r\n\tSecurity ID:\t\tS-1-5-18\r\n\tAccount Name:\t\tDC01$\r\n\tAccount Domain:\t\tCORP\r\n\tLogon ID:\t\t0x45898A\r\n\r\nLogon Type:\t\t\t3\r\n\r\nThis event is generated when a logon session is destroyed. It may be positively correlated with a logon event using the Logon ID value. Logon IDs are only unique between reboots on the same computer.\""
                        },
                        "eventdata": {
                            "targetUserSid": "S-1-5-18",
                            "targetUserName": "DC01$",
                            "targetDomainName": "CORP",
                            "targetLogonId": "0x45898a",
                            "logonType": "3"
                        }
                    }
                },
                "location": "EventChannel"
            }
        },
        {
            "timestamp": "2026-04-13 10:13:47",
            "rule_id": "60137",
            "rule_description": "Windows User Logoff.",
            "severity": 3,
            "agent": "DC01",
            "raw": {
                "timestamp": "2026-04-13T10:13:47.468+0530",
                "rule": {
                    "level": 3,
                    "description": "Windows User Logoff.",
                    "id": "60137",
                    "firedtimes": 45,
                    "mail": false,
                    "groups": [
                        "windows",
                        "windows_security"
                    ],
                    "gdpr": [
                        "IV_32.2"
                    ],
                    "hipaa": [
                        "164.312.b"
                    ],
                    "nist_800_53": [
                        "AC.7",
                        "AU.14"
                    ],
                    "pci_dss": [
                        "10.2.5"
                    ],
                    "tsc": [
                        "CC6.8",
                        "CC7.2",
                        "CC7.3"
                    ]
                },
                "agent": {
                    "id": "001",
                    "name": "DC01",
                    "ip": "192.168.56.10"
                },
                "manager": {
                    "name": "wazuh-server"
                },
                "id": "1776055427.5949983",
                "decoder": {
                    "name": "windows_eventchannel"
                },
                "data": {
                    "win": {
                        "system": {
                            "providerName": "Microsoft-Windows-Security-Auditing",
                            "providerGuid": "{54849625-5478-4994-a5ba-3e3b0328c30d}",
                            "eventID": "4634",
                            "version": "0",
                            "level": "0",
                            "task": "12545",
                            "opcode": "0",
                            "keywords": "0x8020000000000000",
                            "systemTime": "2026-04-13T04:43:46.1130404Z",
                            "eventRecordID": "309202",
                            "processID": "688",
                            "threadID": "6160",
                            "channel": "Security",
                            "computer": "DC01.corp.local",
                            "severityValue": "AUDIT_SUCCESS",
                            "message": "\"An account was logged off.\r\n\r\nSubject:\r\n\tSecurity ID:\t\tS-1-5-18\r\n\tAccount Name:\t\tDC01$\r\n\tAccount Domain:\t\tCORP\r\n\tLogon ID:\t\t0x4586D7\r\n\r\nLogon Type:\t\t\t3\r\n\r\nThis event is generated when a logon session is destroyed. It may be positively correlated with a logon event using the Logon ID value. Logon IDs are only unique between reboots on the same computer.\""
                        },
                        "eventdata": {
                            "targetUserSid": "S-1-5-18",
                            "targetUserName": "DC01$",
                            "targetDomainName": "CORP",
                            "targetLogonId": "0x4586d7",
                            "logonType": "3"
                        }
                    }
                },
                "location": "EventChannel"
            }
        },
        {
            "timestamp": "2026-04-13 10:13:47",
            "rule_id": "60104",
            "rule_description": "Windows audit failure event.",
            "severity": 5,
            "agent": "DC01",
            "raw": {
                "timestamp": "2026-04-13T10:13:47.499+0530",
                "rule": {
                    "level": 5,
                    "description": "Windows audit failure event.",
                    "id": "60104",
                    "firedtimes": 159,
                    "mail": false,
                    "groups": [
                        "windows",
                        "windows_security"
                    ],
                    "gdpr": [
                        "IV_35.7.d"
                    ],
                    "hipaa": [
                        "164.312.b"
                    ],
                    "nist_800_53": [
                        "AU.6"
                    ],
                    "pci_dss": [
                        "10.6.1"
                    ],
                    "tsc": [
                        "CC7.2",
                        "CC7.3"
                    ]
                },
                "agent": {
                    "id": "001",
                    "name": "DC01",
                    "ip": "192.168.56.10"
                },
                "manager": {
                    "name": "wazuh-server"
                },
                "id": "1776055427.5952277",
                "decoder": {
                    "name": "windows_eventchannel"
                },
                "data": {
                    "win": {
                        "system": {
                            "providerName": "Microsoft-Windows-Security-Auditing",
                            "providerGuid": "{54849625-5478-4994-a5ba-3e3b0328c30d}",
                            "eventID": "4674",
                            "version": "0",
                            "level": "0",
                            "task": "13056",
                            "opcode": "0",
                            "keywords": "0x8010000000000000",
                            "systemTime": "2026-04-13T04:43:46.1193078Z",
                            "eventRecordID": "309203",
                            "processID": "4",
                            "threadID": "120",
                            "channel": "Security",
                            "computer": "DC01.corp.local",
                            "severityValue": "AUDIT_FAILURE",
                            "message": "\"An operation was attempted on a privileged object.\r\n\r\nSubject:\r\n\tSecurity ID:\t\tS-1-5-19\r\n\tAccount Name:\t\tLOCAL SERVICE\r\n\tAccount Domain:\t\tNT AUTHORITY\r\n\tLogon ID:\t\t0x3E5\r\n\r\nObject:\r\n\tObject Server:\tLSA\r\n\tObject Type:\t-\r\n\tObject Name:\t-\r\n\tObject Handle:\t0x0\r\n\r\nProcess Information:\r\n\tProcess ID:\t0x2b0\r\n\tProcess Name:\tC:\\Windows\\System32\\lsass.exe\r\n\r\nRequested Operation:\r\n\tDesired Access:\t16777216\r\n\tPrivileges:\t\tSeSecurityPrivilege\""
                        },
                        "eventdata": {
                            "subjectUserSid": "S-1-5-19",
                            "subjectUserName": "LOCAL SERVICE",
                            "subjectDomainName": "NT AUTHORITY",
                            "subjectLogonId": "0x3e5",
                            "objectServer": "LSA",
                            "handleId": "0x0",
                            "accessMask": "16777216",
                            "privilegeList": "SeSecurityPrivilege",
                            "processId": "0x2b0",
                            "processName": "C:\\\\Windows\\\\System32\\\\lsass.exe"
                        }
                    }
                },
                "location": "EventChannel"
            }
        },
        {
            "timestamp": "2026-04-13 10:13:47",
            "rule_id": "60104",
            "rule_description": "Windows audit failure event.",
            "severity": 5,
            "agent": "DC01",
            "raw": {
                "timestamp": "2026-04-13T10:13:47.500+0530",
                "rule": {
                    "level": 5,
                    "description": "Windows audit failure event.",
                    "id": "60104",
                    "firedtimes": 160,
                    "mail": false,
                    "groups": [
                        "windows",
                        "windows_security"
                    ],
                    "gdpr": [
                        "IV_35.7.d"
                    ],
                    "hipaa": [
                        "164.312.b"
                    ],
                    "nist_800_53": [
                        "AU.6"
                    ],
                    "pci_dss": [
                        "10.6.1"
                    ],
                    "tsc": [
                        "CC7.2",
                        "CC7.3"
                    ]
                },
                "agent": {
                    "id": "001",
                    "name": "DC01",
                    "ip": "192.168.56.10"
                },
                "manager": {
                    "name": "wazuh-server"
                },
                "id": "1776055427.5955141",
                "decoder": {
                    "name": "windows_eventchannel"
                },
                "data": {
                    "win": {
                        "system": {
                            "providerName": "Microsoft-Windows-Security-Auditing",
                            "providerGuid": "{54849625-5478-4994-a5ba-3e3b0328c30d}",
                            "eventID": "4674",
                            "version": "0",
                            "level": "0",
                            "task": "13056",
                            "opcode": "0",
                            "keywords": "0x8010000000000000",
                            "systemTime": "2026-04-13T04:43:46.1193202Z",
                            "eventRecordID": "309204",
                            "processID": "4",
                            "threadID": "120",
                            "channel": "Security",
                            "computer": "DC01.corp.local",
                            "severityValue": "AUDIT_FAILURE",
                            "message": "\"An operation was attempted on a privileged object.\r\n\r\nSubject:\r\n\tSecurity ID:\t\tS-1-5-19\r\n\tAccount Name:\t\tLOCAL SERVICE\r\n\tAccount Domain:\t\tNT AUTHORITY\r\n\tLogon ID:\t\t0x3E5\r\n\r\nObject:\r\n\tObject Server:\tLSA\r\n\tObject Type:\t-\r\n\tObject Name:\t-\r\n\tObject Handle:\t0x0\r\n\r\nProcess Information:\r\n\tProcess ID:\t0x2b0\r\n\tProcess Name:\tC:\\Windows\\System32\\lsass.exe\r\n\r\nRequested Operation:\r\n\tDesired Access:\t16777216\r\n\tPrivileges:\t\tSeSecurityPrivilege\""
                        },
                        "eventdata": {
                            "subjectUserSid": "S-1-5-19",
                            "subjectUserName": "LOCAL SERVICE",
                            "subjectDomainName": "NT AUTHORITY",
                            "subjectLogonId": "0x3e5",
                            "objectServer": "LSA",
                            "handleId": "0x0",
                            "accessMask": "16777216",
                            "privilegeList": "SeSecurityPrivilege",
                            "processId": "0x2b0",
                            "processName": "C:\\\\Windows\\\\System32\\\\lsass.exe"
                        }
                    }
                },
                "location": "EventChannel"
            }
        },
