        {
            "timestamp": "2026-04-13 10:14:45",
            "rule_id": "60106",
            "rule_description": "Windows logon success.",
            "severity": 3,
            "agent": "DC01",
            "raw": {
                "timestamp": "2026-04-13T10:14:45.415+0530",
                "rule": {
                    "level": 3,
                    "description": "Windows logon success.",
                    "id": "60106",
                    "mitre": {
                        "id": [
                            "T1078"
                        ],
                        "tactic": [
                            "Defense Evasion",
                            "Persistence",
                            "Privilege Escalation",
                            "Initial Access"
                        ],
                        "technique": [
                            "Valid Accounts"
                        ]
                    },
                    "firedtimes": 56,
                    "mail": false,
                    "groups": [
                        "windows",
                        "windows_security",
                        "authentication_success"
                    ],
                    "gdpr": [
                        "IV_32.2"
                    ],
                    "gpg13": [
                        "7.1",
                        "7.2"
                    ],
                    "hipaa": [
                        "164.312.b"
                    ],
                    "nist_800_53": [
                        "AC.7",
                        "AU.14"
                    ],
                    "pci_dss": [
                        "10.2.5"
                    ],
                    "tsc": [
                        "CC6.8",
                        "CC7.2",
                        "CC7.3"
                    ]
                },
                "agent": {
                    "id": "001",
                    "name": "DC01",
                    "ip": "192.168.56.10"
                },
                "manager": {
                    "name": "wazuh-server"
                },
                "id": "1776055485.5994778",
                "decoder": {
                    "name": "windows_eventchannel"
                },
                "data": {
                    "win": {
                        "system": {
                            "providerName": "Microsoft-Windows-Security-Auditing",
                            "providerGuid": "{54849625-5478-4994-a5ba-3e3b0328c30d}",
                            "eventID": "4624",
                            "version": "2",
                            "level": "0",
                            "task": "12544",
                            "opcode": "0",
                            "keywords": "0x8020000000000000",
                            "systemTime": "2026-04-13T04:44:44.2663757Z",
                            "eventRecordID": "309229",
                            "processID": "688",
                            "threadID": "2212",
                            "channel": "Security",
                            "computer": "DC01.corp.local",
                            "severityValue": "AUDIT_SUCCESS",
                            "message": "\"An account was successfully logged on.\r\n\r\nSubject:\r\n\tSecurity ID:\t\tS-1-0-0\r\n\tAccount Name:\t\t-\r\n\tAccount Domain:\t\t-\r\n\tLogon ID:\t\t0x0\r\n\r\nLogon Information:\r\n\tLogon Type:\t\t3\r\n\tRestricted Admin Mode:\t-\r\n\tVirtual Account:\t\tNo\r\n\tElevated Token:\t\tYes\r\n\r\nImpersonation Level:\t\tImpersonation\r\n\r\nNew Logon:\r\n\tSecurity ID:\t\tS-1-5-18\r\n\tAccount Name:\t\tDC01$\r\n\tAccount Domain:\t\tCORP.LOCAL\r\n\tLogon ID:\t\t0x461C3F\r\n\tLinked Logon ID:\t\t0x0\r\n\tNetwork Account Name:\t-\r\n\tNetwork Account Domain:\t-\r\n\tLogon GUID:\t\t{1b730cc5-6f95-2924-1902-fa8ba313d21c}\r\n\r\nProcess Information:\r\n\tProcess ID:\t\t0x0\r\n\tProcess Name:\t\t-\r\n\r\nNetwork Information:\r\n\tWorkstation Name:\t-\r\n\tSource Network Address:\t::1\r\n\tSource Port:\t\t52004\r\n\r\nDetailed Authentication Information:\r\n\tLogon Process:\t\tKerberos\r\n\tAuthentication Package:\tKerberos\r\n\tTransited Services:\t-\r\n\tPackage Name (NTLM only):\t-\r\n\tKey Length:\t\t0\r\n\r\nThis event is generated when a logon session is created. It is generated on the computer that was accessed.\r\n\r\nThe subject fields indicate the account on the local system which requested the logon. This is most commonly a service such as the Server service, or a local process such as Winlogon.exe or Services.exe.\r\n\r\nThe logon type field indicates the kind of logon that occurred. The most common types are 2 (interactive) and 3 (network).\r\n\r\nThe New Logon fields indicate the account for whom the new logon was created, i.e. the account that was logged on.\r\n\r\nThe network fields indicate where a remote logon request originated. Workstation name is not always available and may be left blank in some cases.\r\n\r\nThe impersonation level field indicates the extent to which a process in the logon session can impersonate.\r\n\r\nThe authentication information fields provide detailed information about this specific logon request.\r\n\t- Logon GUID is a unique identifier that can be used to correlate this event with a KDC event.\r\n\t- Transited services indicate which intermediate services have participated in this logon request.\r\n\t- Package name indicates which sub-protocol was used among the NTLM protocols.\r\n\t- Key length indicates the length of the generated session key. This will be 0 if no session key was requested.\""
                        },
                        "eventdata": {
                            "subjectUserSid": "S-1-0-0",
                            "subjectLogonId": "0x0",
                            "targetUserSid": "S-1-5-18",
                            "targetUserName": "DC01$",
                            "targetDomainName": "CORP.LOCAL",
                            "targetLogonId": "0x461c3f",
                            "logonType": "3",
                            "logonProcessName": "Kerberos",
                            "authenticationPackageName": "Kerberos",
                            "logonGuid": "{1b730cc5-6f95-2924-1902-fa8ba313d21c}",
                            "keyLength": "0",
                            "processId": "0x0",
                            "ipAddress": "::1",
                            "ipPort": "52004",
                            "impersonationLevel": "%%1833",
                            "virtualAccount": "%%1843",
                            "targetLinkedLogonId": "0x0",
                            "elevatedToken": "%%1842"
                        }
                    }
                },
                "location": "EventChannel"
            }
        },
        {
            "timestamp": "2026-04-13 10:14:45",
            "rule_id": "60137",
            "rule_description": "Windows User Logoff.",
            "severity": 3,
            "agent": "DC01",
            "raw": {
                "timestamp": "2026-04-13T10:14:45.470+0530",
                "rule": {
                    "level": 3,
                    "description": "Windows User Logoff.",
                    "id": "60137",
                    "firedtimes": 49,
                    "mail": false,
                    "groups": [
                        "windows",
                        "windows_security"
                    ],
                    "gdpr": [
                        "IV_32.2"
                    ],
                    "hipaa": [
                        "164.312.b"
                    ],
                    "nist_800_53": [
                        "AC.7",
                        "AU.14"
                    ],
                    "pci_dss": [
                        "10.2.5"
                    ],
                    "tsc": [
                        "CC6.8",
                        "CC7.2",
                        "CC7.3"
                    ]
                },
                "agent": {
                    "id": "001",
                    "name": "DC01",
                    "ip": "192.168.56.10"
                },
                "manager": {
                    "name": "wazuh-server"
                },
                "id": "1776055485.6001785",
                "decoder": {
                    "name": "windows_eventchannel"
                },
                "data": {
                    "win": {
                        "system": {
                            "providerName": "Microsoft-Windows-Security-Auditing",
                            "providerGuid": "{54849625-5478-4994-a5ba-3e3b0328c30d}",
                            "eventID": "4634",
                            "version": "0",
                            "level": "0",
                            "task": "12545",
                            "opcode": "0",
                            "keywords": "0x8020000000000000",
                            "systemTime": "2026-04-13T04:44:44.2676864Z",
                            "eventRecordID": "309231",
                            "processID": "688",
                            "threadID": "2952",
                            "channel": "Security",
                            "computer": "DC01.corp.local",
                            "severityValue": "AUDIT_SUCCESS",
                            "message": "\"An account was logged off.\r\n\r\nSubject:\r\n\tSecurity ID:\t\tS-1-5-18\r\n\tAccount Name:\t\tDC01$\r\n\tAccount Domain:\t\tCORP\r\n\tLogon ID:\t\t0x461C3F\r\n\r\nLogon Type:\t\t\t3\r\n\r\nThis event is generated when a logon session is destroyed. It may be positively correlated with a logon event using the Logon ID value. Logon IDs are only unique between reboots on the same computer.\""
                        },
                        "eventdata": {
                            "targetUserSid": "S-1-5-18",
                            "targetUserName": "DC01$",
                            "targetDomainName": "CORP",
                            "targetLogonId": "0x461c3f",
                            "logonType": "3"
                        }
                    }
                },
                "location": "EventChannel"
            }
        },
        {
            "timestamp": "2026-04-13 10:14:56",
            "rule_id": "60137",
            "rule_description": "Windows User Logoff.",
            "severity": 3,
            "agent": "DC01",
            "raw": {
                "timestamp": "2026-04-13T10:14:56.400+0530",
                "rule": {
                    "level": 3,
                    "description": "Windows User Logoff.",
                    "id": "60137",
                    "firedtimes": 50,
                    "mail": false,
                    "groups": [
                        "windows",
                        "windows_security"
                    ],
                    "gdpr": [
                        "IV_32.2"
                    ],
                    "hipaa": [
                        "164.312.b"
                    ],
                    "nist_800_53": [
                        "AC.7",
                        "AU.14"
                    ],
                    "pci_dss": [
                        "10.2.5"
                    ],
                    "tsc": [
                        "CC6.8",
                        "CC7.2",
                        "CC7.3"
                    ]
                },
                "agent": {
                    "id": "001",
                    "name": "DC01",
                    "ip": "192.168.56.10"
                },
                "manager": {
                    "name": "wazuh-server"
                },
                "id": "1776055496.6004079",
                "decoder": {
                    "name": "windows_eventchannel"
                },
                "data": {
                    "win": {
                        "system": {
                            "providerName": "Microsoft-Windows-Security-Auditing",
                            "providerGuid": "{54849625-5478-4994-a5ba-3e3b0328c30d}",
                            "eventID": "4634",
                            "version": "0",
                            "level": "0",
                            "task": "12545",
                            "opcode": "0",
                            "keywords": "0x8020000000000000",
                            "systemTime": "2026-04-13T04:44:55.2648745Z",
                            "eventRecordID": "309232",
                            "processID": "688",
                            "threadID": "6160",
                            "channel": "Security",
                            "computer": "DC01.corp.local",
                            "severityValue": "AUDIT_SUCCESS",
                            "message": "\"An account was logged off.\r\n\r\nSubject:\r\n\tSecurity ID:\t\tS-1-5-18\r\n\tAccount Name:\t\tDC01$\r\n\tAccount Domain:\t\tCORP\r\n\tLogon ID:\t\t0x457BBB\r\n\r\nLogon Type:\t\t\t3\r\n\r\nThis event is generated when a logon session is destroyed. It may be positively correlated with a logon event using the Logon ID value. Logon IDs are only unique between reboots on the same computer.\""
                        },
                        "eventdata": {
                            "targetUserSid": "S-1-5-18",
                            "targetUserName": "DC01$",
                            "targetDomainName": "CORP",
                            "targetLogonId": "0x457bbb",
                            "logonType": "3"
                        }
                    }
                },
                "location": "EventChannel"
            }
        },
        {
            "timestamp": "2026-04-13 10:15:37",
            "rule_id": "60602",
            "rule_description": "Windows application error event.",
            "severity": 9,
            "agent": "DC01",
            "raw": {
                "timestamp": "2026-04-13T10:15:37.112+0530",
                "rule": {
                    "level": 9,
                    "description": "Windows application error event.",
                    "id": "60602",
                    "firedtimes": 1,
                    "mail": false,
                    "groups": [
                        "windows",
                        "windows_application",
                        "system_error"
                    ],
                    "gdpr": [
                        "IV_35.7.d"
                    ],
                    "gpg13": [
                        "4.3"
                    ]
                },
                "agent": {
                    "id": "001",
                    "name": "DC01",
                    "ip": "192.168.56.10"
                },
                "manager": {
                    "name": "wazuh-server"
                },
                "id": "1776055537.6006373",
                "decoder": {
                    "name": "windows_eventchannel"
                },
                "data": {
                    "win": {
                        "system": {
                            "providerName": "Microsoft-Windows-Winlogon",
                            "providerGuid": "{DBE9B383-7CF3-4331-91CC-A3CB16A3B538}",
                            "eventSourceName": "Wlclntfy",
                            "eventID": "4005",
                            "version": "0",
                            "level": "2",
                            "task": "0",
                            "opcode": "0",
                            "keywords": "0x80000000000000",
                            "systemTime": "2026-04-13T04:45:36.9831962Z",
                            "eventRecordID": "1006",
                            "processID": "0",
                            "threadID": "0",
                            "channel": "Application",
                            "computer": "DC01.corp.local",
                            "severityValue": "ERROR",
                            "message": "\"The Windows logon process has unexpectedly terminated.\""
                        },
                        "eventdata": {
                            "binary": "03400080"
                        }
                    }
                },
                "location": "EventChannel"
            }
        },
        {
            "timestamp": "2026-04-13 10:15:37",
            "rule_id": "60104",
            "rule_description": "Windows audit failure event.",
            "severity": 5,
            "agent": "DC01",
            "raw": {
                "timestamp": "2026-04-13T10:15:37.253+0530",
                "rule": {
                    "level": 5,
                    "description": "Windows audit failure event.",
                    "id": "60104",
                    "firedtimes": 163,
                    "mail": false,
                    "groups": [
                        "windows",
                        "windows_security"
                    ],
                    "gdpr": [
                        "IV_35.7.d"
                    ],
                    "hipaa": [
                        "164.312.b"
                    ],
                    "nist_800_53": [
                        "AU.6"
                    ],
                    "pci_dss": [
                        "10.6.1"
                    ],
                    "tsc": [
                        "CC7.2",
                        "CC7.3"
                    ]
                },
                "agent": {
                    "id": "001",
                    "name": "DC01",
                    "ip": "192.168.56.10"
                },
                "manager": {
                    "name": "wazuh-server"
                },
                "id": "1776055537.6007742",
                "decoder": {
                    "name": "windows_eventchannel"
                },
                "data": {
                    "win": {
                        "system": {
                            "providerName": "Microsoft-Windows-Security-Auditing",
                            "providerGuid": "{54849625-5478-4994-a5ba-3e3b0328c30d}",
                            "eventID": "4776",
                            "version": "0",
                            "level": "0",
                            "task": "14336",
                            "opcode": "0",
                            "keywords": "0x8010000000000000",
                            "systemTime": "2026-04-13T04:45:36.0815884Z",
                            "eventRecordID": "309234",
                            "processID": "688",
                            "threadID": "2952",
                            "channel": "Security",
                            "computer": "DC01.corp.local",
                            "severityValue": "AUDIT_FAILURE",
                            "message": "\"The computer attempted to validate the credentials for an account.\r\n\r\nAuthentication Package:\tMICROSOFT_AUTHENTICATION_PACKAGE_V1_0\r\nLogon Account:\tadministrator\r\nSource Workstation:\tkali\r\nError Code:\t0xC000006A\""
                        },
                        "eventdata": {
                            "packageName": "MICROSOFT_AUTHENTICATION_PACKAGE_V1_0",
                            "targetUserName": "administrator",
                            "workstation": "kali",
                            "status": "0xc000006a"
                        }
                    }
                },
                "location": "EventChannel"
            }
        },
        {
            "timestamp": "2026-04-13 10:15:37",
            "rule_id": "92657",
            "rule_description": "Successful Remote Logon Detected - User:\\Administrator - NTLM authentication, possible pass-the-hash attack - Possible RDP connection. Verify that kali is allowed to perform RDP connections",
            "severity": 6,
            "agent": "DC01",
            "raw": {
                "timestamp": "2026-04-13T10:15:37.281+0530",
                "rule": {
                    "level": 6,
                    "description": "Successful Remote Logon Detected - User:\\Administrator - NTLM authentication, possible pass-the-hash attack - Possible RDP connection. Verify that kali is allowed to perform RDP connections",
                    "id": "92657",
                    "mitre": {
                        "id": [
                            "T1550.002",
                            "T1078.002",
                            "T1021.001"
                        ],
                        "tactic": [
                            "Defense Evasion",
                            "Lateral Movement",
                            "Persistence",
                            "Privilege Escalation",
                            "Initial Access"
                        ],
                        "technique": [
                            "Pass the Hash",
                            "Domain Accounts",
                            "Remote Desktop Protocol"
                        ]
                    },
                    "firedtimes": 1,
                    "mail": false,
                    "groups": [
                        "win_evt_channel",
                        "windows",
                        "\n      authentication_success",
                        "\n    "
                    ],
                    "pci_dss": [
                        "10.2.5"
                    ],
                    "gpg13": [
                        "7.1",
                        "7.2"
                    ],
                    "gdpr": [
                        "IV_32.2"
                    ],
                    "hipaa": [
                        "164.312.b"
                    ],
                    "nist_800_53": [
                        "AU.14",
                        "AC.7"
                    ],
                    "tsc": [
                        "CC6.8",
                        "CC7.2",
                        "CC7.3"
                    ]
                },
                "agent": {
                    "id": "001",
                    "name": "DC01",
                    "ip": "192.168.56.10"
                },
                "manager": {
                    "name": "wazuh-server"
                },
                "id": "1776055537.6009718",
                "full_log": "{\"win\":{\"system\":{\"providerName\":\"Microsoft-Windows-Security-Auditing\",\"providerGuid\":\"{54849625-5478-4994-a5ba-3e3b0328c30d}\",\"eventID\":\"4624\",\"version\":\"2\",\"level\":\"0\",\"task\":\"12544\",\"opcode\":\"0\",\"keywords\":\"0x8020000000000000\",\"systemTime\":\"2026-04-13T04:45:36.0816965Z\",\"eventRecordID\":\"309236\",\"processID\":\"688\",\"threadID\":\"3080\",\"channel\":\"Security\",\"computer\":\"DC01.corp.local\",\"severityValue\":\"AUDIT_SUCCESS\",\"message\":\"\\\"An account was successfully logged on.\\r\\n\\r\\nSubject:\\r\\n\\tSecurity ID:\\t\\tS-1-0-0\\r\\n\\tAccount Name:\\t\\t-\\r\\n\\tAccount Domain:\\t\\t-\\r\\n\\tLogon ID:\\t\\t0x0\\r\\n\\r\\nLogon Information:\\r\\n\\tLogon Type:\\t\\t3\\r\\n\\tRestricted Admin Mode:\\t-\\r\\n\\tVirtual Account:\\t\\tNo\\r\\n\\tElevated Token:\\t\\tYes\\r\\n\\r\\nImpersonation Level:\\t\\tImpersonation\\r\\n\\r\\nNew Logon:\\r\\n\\tSecurity ID:\\t\\tS-1-5-21-4237099201-2470629605-866910986-500\\r\\n\\tAccount Name:\\t\\tAdministrator\\r\\n\\tAccount Domain:\\t\\tCORP\\r\\n\\tLogon ID:\\t\\t0x465771\\r\\n\\tLinked Logon ID:\\t\\t0x0\\r\\n\\tNetwork Account Name:\\t-\\r\\n\\tNetwork Account Domain:\\t-\\r\\n\\tLogon GUID:\\t\\t{00000000-0000-0000-0000-000000000000}\\r\\n\\r\\nProcess Information:\\r\\n\\tProcess ID:\\t\\t0x0\\r\\n\\tProcess Name:\\t\\t-\\r\\n\\r\\nNetwork Information:\\r\\n\\tWorkstation Name:\\tkali\\r\\n\\tSource Network Address:\\t192.168.56.30\\r\\n\\tSource Port:\\t\\t0\\r\\n\\r\\nDetailed Authentication Information:\\r\\n\\tLogon Process:\\t\\tNtLmSsp \\r\\n\\tAuthentication Package:\\tNTLM\\r\\n\\tTransited Services:\\t-\\r\\n\\tPackage Name (NTLM only):\\tNTLM V2\\r\\n\\tKey Length:\\t\\t128\\r\\n\\r\\nThis event is generated when a logon session is created. It is generated on the computer that was accessed.\\r\\n\\r\\nThe subject fields indicate the account on the local system which requested the logon. This is most commonly a service such as the Server service, or a local process such as Winlogon.exe or Services.exe.\\r\\n\\r\\nThe logon type field indicates the kind of logon that occurred. The most common types are 2 (interactive) and 3 (network).\\r\\n\\r\\nThe New Logon fields indicate the account for whom the new logon was created, i.e. the account that was logged on.\\r\\n\\r\\nThe network fields indicate where a remote logon request originated. Workstation name is not always available and may be left blank in some cases.\\r\\n\\r\\nThe impersonation level field indicates the extent to which a process in the logon session can impersonate.\\r\\n\\r\\nThe authentication information fields provide detailed information about this specific logon request.\\r\\n\\t- Logon GUID is a unique identifier that can be used to correlate this event with a KDC event.\\r\\n\\t- Transited services indicate which intermediate services have participated in this logon request.\\r\\n\\t- Package name indicates which sub-protocol was used among the NTLM protocols.\\r\\n\\t- Key length indicates the length of the generated session key. This will be 0 if no session key was requested.\\\"\"},\"eventdata\":{\"subjectUserSid\":\"S-1-0-0\",\"subjectLogonId\":\"0x0\",\"targetUserSid\":\"S-1-5-21-4237099201-2470629605-866910986-500\",\"targetUserName\":\"Administrator\",\"targetDomainName\":\"CORP\",\"targetLogonId\":\"0x465771\",\"logonType\":\"3\",\"logonProcessName\":\"NtLmSsp\",\"authenticationPackageName\":\"NTLM\",\"workstationName\":\"kali\",\"logonGuid\":\"{00000000-0000-0000-0000-000000000000}\",\"lmPackageName\":\"NTLM V2\",\"keyLength\":\"128\",\"processId\":\"0x0\",\"ipAddress\":\"192.168.56.30\",\"ipPort\":\"0\",\"impersonationLevel\":\"%%1833\",\"virtualAccount\":\"%%1843\",\"targetLinkedLogonId\":\"0x0\",\"elevatedToken\":\"%%1842\"}}}",
                "decoder": {
                    "name": "windows_eventchannel"
                },
                "data": {
                    "win": {
                        "system": {
                            "providerName": "Microsoft-Windows-Security-Auditing",
                            "providerGuid": "{54849625-5478-4994-a5ba-3e3b0328c30d}",
                            "eventID": "4624",
                            "version": "2",
                            "level": "0",
                            "task": "12544",
                            "opcode": "0",
                            "keywords": "0x8020000000000000",
                            "systemTime": "2026-04-13T04:45:36.0816965Z",
                            "eventRecordID": "309236",
                            "processID": "688",
                            "threadID": "3080",
                            "channel": "Security",
                            "computer": "DC01.corp.local",
                            "severityValue": "AUDIT_SUCCESS",
                            "message": "\"An account was successfully logged on.\r\n\r\nSubject:\r\n\tSecurity ID:\t\tS-1-0-0\r\n\tAccount Name:\t\t-\r\n\tAccount Domain:\t\t-\r\n\tLogon ID:\t\t0x0\r\n\r\nLogon Information:\r\n\tLogon Type:\t\t3\r\n\tRestricted Admin Mode:\t-\r\n\tVirtual Account:\t\tNo\r\n\tElevated Token:\t\tYes\r\n\r\nImpersonation Level:\t\tImpersonation\r\n\r\nNew Logon:\r\n\tSecurity ID:\t\tS-1-5-21-4237099201-2470629605-866910986-500\r\n\tAccount Name:\t\tAdministrator\r\n\tAccount Domain:\t\tCORP\r\n\tLogon ID:\t\t0x465771\r\n\tLinked Logon ID:\t\t0x0\r\n\tNetwork Account Name:\t-\r\n\tNetwork Account Domain:\t-\r\n\tLogon GUID:\t\t{00000000-0000-0000-0000-000000000000}\r\n\r\nProcess Information:\r\n\tProcess ID:\t\t0x0\r\n\tProcess Name:\t\t-\r\n\r\nNetwork Information:\r\n\tWorkstation Name:\tkali\r\n\tSource Network Address:\t192.168.56.30\r\n\tSource Port:\t\t0\r\n\r\nDetailed Authentication Information:\r\n\tLogon Process:\t\tNtLmSsp \r\n\tAuthentication Package:\tNTLM\r\n\tTransited Services:\t-\r\n\tPackage Name (NTLM only):\tNTLM V2\r\n\tKey Length:\t\t128\r\n\r\nThis event is generated when a logon session is created. It is generated on the computer that was accessed.\r\n\r\nThe subject fields indicate the account on the local system which requested the logon. This is most commonly a service such as the Server service, or a local process such as Winlogon.exe or Services.exe.\r\n\r\nThe logon type field indicates the kind of logon that occurred. The most common types are 2 (interactive) and 3 (network).\r\n\r\nThe New Logon fields indicate the account for whom the new logon was created, i.e. the account that was logged on.\r\n\r\nThe network fields indicate where a remote logon request originated. Workstation name is not always available and may be left blank in some cases.\r\n\r\nThe impersonation level field indicates the extent to which a process in the logon session can impersonate.\r\n\r\nThe authentication information fields provide detailed information about this specific logon request.\r\n\t- Logon GUID is a unique identifier that can be used to correlate this event with a KDC event.\r\n\t- Transited services indicate which intermediate services have participated in this logon request.\r\n\t- Package name indicates which sub-protocol was used among the NTLM protocols.\r\n\t- Key length indicates the length of the generated session key. This will be 0 if no session key was requested.\""
                        },
                        "eventdata": {
                            "subjectUserSid": "S-1-0-0",
                            "subjectLogonId": "0x0",
                            "targetUserSid": "S-1-5-21-4237099201-2470629605-866910986-500",
                            "targetUserName": "Administrator",
                            "targetDomainName": "CORP",
                            "targetLogonId": "0x465771",
                            "logonType": "3",
                            "logonProcessName": "NtLmSsp",
                            "authenticationPackageName": "NTLM",
                            "workstationName": "kali",
                            "logonGuid": "{00000000-0000-0000-0000-000000000000}",
                            "lmPackageName": "NTLM V2",
                            "keyLength": "128",
                            "processId": "0x0",
                            "ipAddress": "192.168.56.30",
                            "ipPort": "0",
                            "impersonationLevel": "%%1833",
                            "virtualAccount": "%%1843",
                            "targetLinkedLogonId": "0x0",
                            "elevatedToken": "%%1842"
                        }
                    }
                },
                "location": "EventChannel"
            }
        },
        {
            "timestamp": "2026-04-13 10:15:37",
            "rule_id": "60122",
            "rule_description": "Logon failure - Unknown user or bad password.",
            "severity": 5,
            "agent": "DC01",
            "raw": {
                "timestamp": "2026-04-13T10:15:37.312+0530",
                "rule": {
                    "level": 5,
                    "description": "Logon failure - Unknown user or bad password.",
                    "id": "60122",
                    "mitre": {
                        "id": [
                            "T1078",
                            "T1531"
                        ],
                        "tactic": [
                            "Defense Evasion",
                            "Persistence",
                            "Privilege Escalation",
                            "Initial Access",
                            "Impact"
                        ],
                        "technique": [
                            "Valid Accounts",
                            "Account Access Removal"
                        ]
                    },
                    "firedtimes": 1,
                    "mail": false,
                    "groups": [
                        "windows",
                        "windows_security",
                        "authentication_failed"
                    ],
                    "gdpr": [
                        "IV_32.2",
                        "IV_35.7.d"
                    ],
                    "gpg13": [
                        "7.1"
                    ],
                    "hipaa": [
                        "164.312.b"
                    ],
                    "nist_800_53": [
                        "AC.7",
                        "AU.14"
                    ],
                    "pci_dss": [
                        "10.2.4",
                        "10.2.5"
                    ],
                    "tsc": [
                        "CC6.1",
                        "CC6.8",
                        "CC7.2",
                        "CC7.3"
                    ]
                },
                "agent": {
                    "id": "001",
                    "name": "DC01",
                    "ip": "192.168.56.10"
                },
                "manager": {
                    "name": "wazuh-server"
                },
                "id": "1776055537.6017211",
                "decoder": {
                    "name": "windows_eventchannel"
                },
                "data": {
                    "win": {
                        "system": {
                            "providerName": "Microsoft-Windows-Security-Auditing",
                            "providerGuid": "{54849625-5478-4994-a5ba-3e3b0328c30d}",
                            "eventID": "4625",
                            "version": "0",
                            "level": "0",
                            "task": "12544",
                            "opcode": "0",
                            "keywords": "0x8010000000000000",
                            "systemTime": "2026-04-13T04:45:36.0817190Z",
                            "eventRecordID": "309238",
                            "processID": "688",
                            "threadID": "2952",
                            "channel": "Security",
                            "computer": "DC01.corp.local",
                            "severityValue": "AUDIT_FAILURE",
                            "message": "\"An account failed to log on.\r\n\r\nSubject:\r\n\tSecurity ID:\t\tS-1-0-0\r\n\tAccount Name:\t\t-\r\n\tAccount Domain:\t\t-\r\n\tLogon ID:\t\t0x0\r\n\r\nLogon Type:\t\t\t3\r\n\r\nAccount For Which Logon Failed:\r\n\tSecurity ID:\t\tS-1-0-0\r\n\tAccount Name:\t\tadministrator\r\n\tAccount Domain:\t\t\r\n\r\nFailure Information:\r\n\tFailure Reason:\t\tUnknown user name or bad password.\r\n\tStatus:\t\t\t0xC000006D\r\n\tSub Status:\t\t0xC000006A\r\n\r\nProcess Information:\r\n\tCaller Process ID:\t0x0\r\n\tCaller Process Name:\t-\r\n\r\nNetwork Information:\r\n\tWorkstation Name:\tkali\r\n\tSource Network Address:\t192.168.56.30\r\n\tSource Port:\t\t0\r\n\r\nDetailed Authentication Information:\r\n\tLogon Process:\t\tNtLmSsp \r\n\tAuthentication Package:\tNTLM\r\n\tTransited Services:\t-\r\n\tPackage Name (NTLM only):\t-\r\n\tKey Length:\t\t0\r\n\r\nThis event is generated when a logon request fails. It is generated on the computer where access was attempted.\r\n\r\nThe Subject fields indicate the account on the local system which requested the logon. This is most commonly a service such as the Server service, or a local process such as Winlogon.exe or Services.exe.\r\n\r\nThe Logon Type field indicates the kind of logon that was requested. The most common types are 2 (interactive) and 3 (network).\r\n\r\nThe Process Information fields indicate which account and process on the system requested the logon.\r\n\r\nThe Network Information fields indicate where a remote logon request originated. Workstation name is not always available and may be left blank in some cases.\r\n\r\nThe authentication information fields provide detailed information about this specific logon request.\r\n\t- Transited services indicate which intermediate services have participated in this logon request.\r\n\t- Package name indicates which sub-protocol was used among the NTLM protocols.\r\n\t- Key length indicates the length of the generated session key. This will be 0 if no session key was requested.\""
                        },
                        "eventdata": {
                            "subjectUserSid": "S-1-0-0",
                            "subjectLogonId": "0x0",
                            "targetUserSid": "S-1-0-0",
                            "targetUserName": "administrator",
                            "status": "0xc000006d",
                            "failureReason": "%%2313",
                            "subStatus": "0xc000006a",
                            "logonType": "3",
                            "logonProcessName": "NtLmSsp",
                            "authenticationPackageName": "NTLM",
                            "workstationName": "kali",
                            "keyLength": "0",
                            "processId": "0x0",
                            "ipAddress": "192.168.56.30",
                            "ipPort": "0"
                        }
                    }
                },
                "location": "EventChannel"
            }
        },
        {
            "timestamp": "2026-04-13 10:15:37",
            "rule_id": "60104",
            "rule_description": "Windows audit failure event.",
            "severity": 5,
            "agent": "DC01",
            "raw": {
                "timestamp": "2026-04-13T10:15:37.328+0530",
                "rule": {
                    "level": 5,
                    "description": "Windows audit failure event.",
                    "id": "60104",
                    "firedtimes": 164,
                    "mail": false,
                    "groups": [
                        "windows",
                        "windows_security"
                    ],
                    "gdpr": [
                        "IV_35.7.d"
                    ],
                    "hipaa": [
                        "164.312.b"
                    ],
                    "nist_800_53": [
                        "AU.6"
                    ],
                    "pci_dss": [
                        "10.6.1"
                    ],
                    "tsc": [
                        "CC7.2",
                        "CC7.3"
                    ]
                },
                "agent": {
                    "id": "001",
                    "name": "DC01",
                    "ip": "192.168.56.10"
                },
                "manager": {
                    "name": "wazuh-server"
                },
                "id": "1776055537.6023301",
                "decoder": {
                    "name": "windows_eventchannel"
                },
                "data": {
                    "win": {
                        "system": {
                            "providerName": "Microsoft-Windows-Security-Auditing",
                            "providerGuid": "{54849625-5478-4994-a5ba-3e3b0328c30d}",
                            "eventID": "4776",
                            "version": "0",
                            "level": "0",
                            "task": "14336",
                            "opcode": "0",
                            "keywords": "0x8010000000000000",
                            "systemTime": "2026-04-13T04:45:36.0829803Z",
                            "eventRecordID": "309239",
                            "processID": "688",
                            "threadID": "2080",
                            "channel": "Security",
                            "computer": "DC01.corp.local",
                            "severityValue": "AUDIT_FAILURE",
                            "message": "\"The computer attempted to validate the credentials for an account.\r\n\r\nAuthentication Package:\tMICROSOFT_AUTHENTICATION_PACKAGE_V1_0\r\nLogon Account:\tadministrator\r\nSource Workstation:\tkali\r\nError Code:\t0xC000006A\""
                        },
                        "eventdata": {
                            "packageName": "MICROSOFT_AUTHENTICATION_PACKAGE_V1_0",
                            "targetUserName": "administrator",
                            "workstation": "kali",
                            "status": "0xc000006a"
                        }
                    }
                },
                "location": "EventChannel"
            }
        },
        {
            "timestamp": "2026-04-13 10:15:37",
            "rule_id": "60122",
            "rule_description": "Logon failure - Unknown user or bad password.",
            "severity": 5,
            "agent": "DC01",
            "raw": {
                "timestamp": "2026-04-13T10:15:37.344+0530",
                "rule": {
                    "level": 5,
                    "description": "Logon failure - Unknown user or bad password.",
                    "id": "60122",
                    "mitre": {
                        "id": [
                            "T1078",
                            "T1531"
                        ],
                        "tactic": [
                            "Defense Evasion",
                            "Persistence",
                            "Privilege Escalation",
                            "Initial Access",
                            "Impact"
                        ],
                        "technique": [
                            "Valid Accounts",
                            "Account Access Removal"
                        ]
                    },
                    "firedtimes": 2,
                    "mail": false,
                    "groups": [
                        "windows",
                        "windows_security",
                        "authentication_failed"
                    ],
                    "gdpr": [
                        "IV_32.2",
                        "IV_35.7.d"
                    ],
                    "gpg13": [
                        "7.1"
                    ],
                    "hipaa": [
                        "164.312.b"
                    ],
                    "nist_800_53": [
                        "AC.7",
                        "AU.14"
                    ],
                    "pci_dss": [
                        "10.2.4",
                        "10.2.5"
                    ],
                    "tsc": [
                        "CC6.1",
                        "CC6.8",
                        "CC7.2",
                        "CC7.3"
                    ]
                },
                "agent": {
                    "id": "001",
                    "name": "DC01",
                    "ip": "192.168.56.10"
                },
                "manager": {
                    "name": "wazuh-server"
                },
                "id": "1776055537.6025277",
                "decoder": {
                    "name": "windows_eventchannel"
                },
                "data": {
                    "win": {
                        "system": {
                            "providerName": "Microsoft-Windows-Security-Auditing",
                            "providerGuid": "{54849625-5478-4994-a5ba-3e3b0328c30d}",
                            "eventID": "4625",
                            "version": "0",
                            "level": "0",
                            "task": "12544",
                            "opcode": "0",
                            "keywords": "0x8010000000000000",
                            "systemTime": "2026-04-13T04:45:36.0830518Z",
                            "eventRecordID": "309240",
                            "processID": "688",
                            "threadID": "2080",
                            "channel": "Security",
                            "computer": "DC01.corp.local",
                            "severityValue": "AUDIT_FAILURE",
                            "message": "\"An account failed to log on.\r\n\r\nSubject:\r\n\tSecurity ID:\t\tS-1-0-0\r\n\tAccount Name:\t\t-\r\n\tAccount Domain:\t\t-\r\n\tLogon ID:\t\t0x0\r\n\r\nLogon Type:\t\t\t3\r\n\r\nAccount For Which Logon Failed:\r\n\tSecurity ID:\t\tS-1-0-0\r\n\tAccount Name:\t\tadministrator\r\n\tAccount Domain:\t\t\r\n\r\nFailure Information:\r\n\tFailure Reason:\t\tUnknown user name or bad password.\r\n\tStatus:\t\t\t0xC000006D\r\n\tSub Status:\t\t0xC000006A\r\n\r\nProcess Information:\r\n\tCaller Process ID:\t0x0\r\n\tCaller Process Name:\t-\r\n\r\nNetwork Information:\r\n\tWorkstation Name:\tkali\r\n\tSource Network Address:\t192.168.56.30\r\n\tSource Port:\t\t0\r\n\r\nDetailed Authentication Information:\r\n\tLogon Process:\t\tNtLmSsp \r\n\tAuthentication Package:\tNTLM\r\n\tTransited Services:\t-\r\n\tPackage Name (NTLM only):\t-\r\n\tKey Length:\t\t0\r\n\r\nThis event is generated when a logon request fails. It is generated on the computer where access was attempted.\r\n\r\nThe Subject fields indicate the account on the local system which requested the logon. This is most commonly a service such as the Server service, or a local process such as Winlogon.exe or Services.exe.\r\n\r\nThe Logon Type field indicates the kind of logon that was requested. The most common types are 2 (interactive) and 3 (network).\r\n\r\nThe Process Information fields indicate which account and process on the system requested the logon.\r\n\r\nThe Network Information fields indicate where a remote logon request originated. Workstation name is not always available and may be left blank in some cases.\r\n\r\nThe authentication information fields provide detailed information about this specific logon request.\r\n\t- Transited services indicate which intermediate services have participated in this logon request.\r\n\t- Package name indicates which sub-protocol was used among the NTLM protocols.\r\n\t- Key length indicates the length of the generated session key. This will be 0 if no session key was requested.\""
                        },
                        "eventdata": {
                            "subjectUserSid": "S-1-0-0",
                            "subjectLogonId": "0x0",
                            "targetUserSid": "S-1-0-0",
                            "targetUserName": "administrator",
                            "status": "0xc000006d",
                            "failureReason": "%%2313",
                            "subStatus": "0xc000006a",
                            "logonType": "3",
                            "logonProcessName": "NtLmSsp",
                            "authenticationPackageName": "NTLM",
                            "workstationName": "kali",
                            "keyLength": "0",
                            "processId": "0x0",
                            "ipAddress": "192.168.56.30",
                            "ipPort": "0"
                        }
                    }
                },
                "location": "EventChannel"
            }
        },
