        {
            "timestamp": "2026-04-13 10:15:37",
            "rule_id": "60137",
            "rule_description": "Windows User Logoff.",
            "severity": 3,
            "agent": "DC01",
            "raw": {
                "timestamp": "2026-04-13T10:15:37.359+0530",
                "rule": {
                    "level": 3,
                    "description": "Windows User Logoff.",
                    "id": "60137",
                    "firedtimes": 51,
                    "mail": false,
                    "groups": [
                        "windows",
                        "windows_security"
                    ],
                    "gdpr": [
                        "IV_32.2"
                    ],
                    "hipaa": [
                        "164.312.b"
                    ],
                    "nist_800_53": [
                        "AC.7",
                        "AU.14"
                    ],
                    "pci_dss": [
                        "10.2.5"
                    ],
                    "tsc": [
                        "CC6.8",
                        "CC7.2",
                        "CC7.3"
                    ]
                },
                "agent": {
                    "id": "001",
                    "name": "DC01",
                    "ip": "192.168.56.10"
                },
                "manager": {
                    "name": "wazuh-server"
                },
                "id": "1776055537.6031367",
                "decoder": {
                    "name": "windows_eventchannel"
                },
                "data": {
                    "win": {
                        "system": {
                            "providerName": "Microsoft-Windows-Security-Auditing",
                            "providerGuid": "{54849625-5478-4994-a5ba-3e3b0328c30d}",
                            "eventID": "4634",
                            "version": "0",
                            "level": "0",
                            "task": "12545",
                            "opcode": "0",
                            "keywords": "0x8020000000000000",
                            "systemTime": "2026-04-13T04:45:36.0859923Z",
                            "eventRecordID": "309241",
                            "processID": "688",
                            "threadID": "2080",
                            "channel": "Security",
                            "computer": "DC01.corp.local",
                            "severityValue": "AUDIT_SUCCESS",
                            "message": "\"An account was logged off.\r\n\r\nSubject:\r\n\tSecurity ID:\t\tS-1-5-21-4237099201-2470629605-866910986-500\r\n\tAccount Name:\t\tAdministrator\r\n\tAccount Domain:\t\tCORP\r\n\tLogon ID:\t\t0x465771\r\n\r\nLogon Type:\t\t\t3\r\n\r\nThis event is generated when a logon session is destroyed. It may be positively correlated with a logon event using the Logon ID value. Logon IDs are only unique between reboots on the same computer.\""
                        },
                        "eventdata": {
                            "targetUserSid": "S-1-5-21-4237099201-2470629605-866910986-500",
                            "targetUserName": "Administrator",
                            "targetDomainName": "CORP",
                            "targetLogonId": "0x465771",
                            "logonType": "3"
                        }
                    }
                },
                "location": "EventChannel"
            }
        },
        {
            "timestamp": "2026-04-13 10:15:37",
            "rule_id": "60104",
            "rule_description": "Windows audit failure event.",
            "severity": 5,
            "agent": "DC01",
            "raw": {
                "timestamp": "2026-04-13T10:15:37.375+0530",
                "rule": {
                    "level": 5,
                    "description": "Windows audit failure event.",
                    "id": "60104",
                    "firedtimes": 165,
                    "mail": false,
                    "groups": [
                        "windows",
                        "windows_security"
                    ],
                    "gdpr": [
                        "IV_35.7.d"
                    ],
                    "hipaa": [
                        "164.312.b"
                    ],
                    "nist_800_53": [
                        "AU.6"
                    ],
                    "pci_dss": [
                        "10.6.1"
                    ],
                    "tsc": [
                        "CC7.2",
                        "CC7.3"
                    ]
                },
                "agent": {
                    "id": "001",
                    "name": "DC01",
                    "ip": "192.168.56.10"
                },
                "manager": {
                    "name": "wazuh-server"
                },
                "id": "1776055537.6033837",
                "decoder": {
                    "name": "windows_eventchannel"
                },
                "data": {
                    "win": {
                        "system": {
                            "providerName": "Microsoft-Windows-Security-Auditing",
                            "providerGuid": "{54849625-5478-4994-a5ba-3e3b0328c30d}",
                            "eventID": "4776",
                            "version": "0",
                            "level": "0",
                            "task": "14336",
                            "opcode": "0",
                            "keywords": "0x8010000000000000",
                            "systemTime": "2026-04-13T04:45:36.2488266Z",
                            "eventRecordID": "309242",
                            "processID": "688",
                            "threadID": "6160",
                            "channel": "Security",
                            "computer": "DC01.corp.local",
                            "severityValue": "AUDIT_FAILURE",
                            "message": "\"The computer attempted to validate the credentials for an account.\r\n\r\nAuthentication Package:\tMICROSOFT_AUTHENTICATION_PACKAGE_V1_0\r\nLogon Account:\tadministrator\r\nSource Workstation:\tkali\r\nError Code:\t0xC000006A\""
                        },
                        "eventdata": {
                            "packageName": "MICROSOFT_AUTHENTICATION_PACKAGE_V1_0",
                            "targetUserName": "administrator",
                            "workstation": "kali",
                            "status": "0xc000006a"
                        }
                    }
                },
                "location": "EventChannel"
            }
        },
        {
            "timestamp": "2026-04-13 10:15:37",
            "rule_id": "60122",
            "rule_description": "Logon failure - Unknown user or bad password.",
            "severity": 5,
            "agent": "DC01",
            "raw": {
                "timestamp": "2026-04-13T10:15:37.391+0530",
                "rule": {
                    "level": 5,
                    "description": "Logon failure - Unknown user or bad password.",
                    "id": "60122",
                    "mitre": {
                        "id": [
                            "T1078",
                            "T1531"
                        ],
                        "tactic": [
                            "Defense Evasion",
                            "Persistence",
                            "Privilege Escalation",
                            "Initial Access",
                            "Impact"
                        ],
                        "technique": [
                            "Valid Accounts",
                            "Account Access Removal"
                        ]
                    },
                    "firedtimes": 3,
                    "mail": false,
                    "groups": [
                        "windows",
                        "windows_security",
                        "authentication_failed"
                    ],
                    "gdpr": [
                        "IV_32.2",
                        "IV_35.7.d"
                    ],
                    "gpg13": [
                        "7.1"
                    ],
                    "hipaa": [
                        "164.312.b"
                    ],
                    "nist_800_53": [
                        "AC.7",
                        "AU.14"
                    ],
                    "pci_dss": [
                        "10.2.4",
                        "10.2.5"
                    ],
                    "tsc": [
                        "CC6.1",
                        "CC6.8",
                        "CC7.2",
                        "CC7.3"
                    ]
                },
                "agent": {
                    "id": "001",
                    "name": "DC01",
                    "ip": "192.168.56.10"
                },
                "manager": {
                    "name": "wazuh-server"
                },
                "id": "1776055537.6035813",
                "decoder": {
                    "name": "windows_eventchannel"
                },
                "data": {
                    "win": {
                        "system": {
                            "providerName": "Microsoft-Windows-Security-Auditing",
                            "providerGuid": "{54849625-5478-4994-a5ba-3e3b0328c30d}",
                            "eventID": "4625",
                            "version": "0",
                            "level": "0",
                            "task": "12544",
                            "opcode": "0",
                            "keywords": "0x8010000000000000",
                            "systemTime": "2026-04-13T04:45:36.2489602Z",
                            "eventRecordID": "309243",
                            "processID": "688",
                            "threadID": "6160",
                            "channel": "Security",
                            "computer": "DC01.corp.local",
                            "severityValue": "AUDIT_FAILURE",
                            "message": "\"An account failed to log on.\r\n\r\nSubject:\r\n\tSecurity ID:\t\tS-1-0-0\r\n\tAccount Name:\t\t-\r\n\tAccount Domain:\t\t-\r\n\tLogon ID:\t\t0x0\r\n\r\nLogon Type:\t\t\t3\r\n\r\nAccount For Which Logon Failed:\r\n\tSecurity ID:\t\tS-1-0-0\r\n\tAccount Name:\t\tadministrator\r\n\tAccount Domain:\t\t\r\n\r\nFailure Information:\r\n\tFailure Reason:\t\tUnknown user name or bad password.\r\n\tStatus:\t\t\t0xC000006D\r\n\tSub Status:\t\t0xC000006A\r\n\r\nProcess Information:\r\n\tCaller Process ID:\t0x0\r\n\tCaller Process Name:\t-\r\n\r\nNetwork Information:\r\n\tWorkstation Name:\tkali\r\n\tSource Network Address:\t192.168.56.30\r\n\tSource Port:\t\t0\r\n\r\nDetailed Authentication Information:\r\n\tLogon Process:\t\tNtLmSsp \r\n\tAuthentication Package:\tNTLM\r\n\tTransited Services:\t-\r\n\tPackage Name (NTLM only):\t-\r\n\tKey Length:\t\t0\r\n\r\nThis event is generated when a logon request fails. It is generated on the computer where access was attempted.\r\n\r\nThe Subject fields indicate the account on the local system which requested the logon. This is most commonly a service such as the Server service, or a local process such as Winlogon.exe or Services.exe.\r\n\r\nThe Logon Type field indicates the kind of logon that was requested. The most common types are 2 (interactive) and 3 (network).\r\n\r\nThe Process Information fields indicate which account and process on the system requested the logon.\r\n\r\nThe Network Information fields indicate where a remote logon request originated. Workstation name is not always available and may be left blank in some cases.\r\n\r\nThe authentication information fields provide detailed information about this specific logon request.\r\n\t- Transited services indicate which intermediate services have participated in this logon request.\r\n\t- Package name indicates which sub-protocol was used among the NTLM protocols.\r\n\t- Key length indicates the length of the generated session key. This will be 0 if no session key was requested.\""
                        },
                        "eventdata": {
                            "subjectUserSid": "S-1-0-0",
                            "subjectLogonId": "0x0",
                            "targetUserSid": "S-1-0-0",
                            "targetUserName": "administrator",
                            "status": "0xc000006d",
                            "failureReason": "%%2313",
                            "subStatus": "0xc000006a",
                            "logonType": "3",
                            "logonProcessName": "NtLmSsp",
                            "authenticationPackageName": "NTLM",
                            "workstationName": "kali",
                            "keyLength": "0",
                            "processId": "0x0",
                            "ipAddress": "192.168.56.30",
                            "ipPort": "0"
                        }
                    }
                },
                "location": "EventChannel"
            }
        },
        {
            "timestamp": "2026-04-13 10:15:37",
            "rule_id": "92657",
            "rule_description": "Successful Remote Logon Detected - User:\\Administrator - NTLM authentication, possible pass-the-hash attack - Possible RDP connection. Verify that kali is allowed to perform RDP connections",
            "severity": 6,
            "agent": "DC01",
            "raw": {
                "timestamp": "2026-04-13T10:15:37.439+0530",
                "rule": {
                    "level": 6,
                    "description": "Successful Remote Logon Detected - User:\\Administrator - NTLM authentication, possible pass-the-hash attack - Possible RDP connection. Verify that kali is allowed to perform RDP connections",
                    "id": "92657",
                    "mitre": {
                        "id": [
                            "T1550.002",
                            "T1078.002",
                            "T1021.001"
                        ],
                        "tactic": [
                            "Defense Evasion",
                            "Lateral Movement",
                            "Persistence",
                            "Privilege Escalation",
                            "Initial Access"
                        ],
                        "technique": [
                            "Pass the Hash",
                            "Domain Accounts",
                            "Remote Desktop Protocol"
                        ]
                    },
                    "firedtimes": 2,
                    "mail": false,
                    "groups": [
                        "win_evt_channel",
                        "windows",
                        "\n      authentication_success",
                        "\n    "
                    ],
                    "pci_dss": [
                        "10.2.5"
                    ],
                    "gpg13": [
                        "7.1",
                        "7.2"
                    ],
                    "gdpr": [
                        "IV_32.2"
                    ],
                    "hipaa": [
                        "164.312.b"
                    ],
                    "nist_800_53": [
                        "AU.14",
                        "AC.7"
                    ],
                    "tsc": [
                        "CC6.8",
                        "CC7.2",
                        "CC7.3"
                    ]
                },
                "agent": {
                    "id": "001",
                    "name": "DC01",
                    "ip": "192.168.56.10"
                },
                "manager": {
                    "name": "wazuh-server"
                },
                "id": "1776055537.6041903",
                "full_log": "{\"win\":{\"system\":{\"providerName\":\"Microsoft-Windows-Security-Auditing\",\"providerGuid\":\"{54849625-5478-4994-a5ba-3e3b0328c30d}\",\"eventID\":\"4624\",\"version\":\"2\",\"level\":\"0\",\"task\":\"12544\",\"opcode\":\"0\",\"keywords\":\"0x8020000000000000\",\"systemTime\":\"2026-04-13T04:45:36.8652196Z\",\"eventRecordID\":\"309246\",\"processID\":\"688\",\"threadID\":\"6160\",\"channel\":\"Security\",\"computer\":\"DC01.corp.local\",\"severityValue\":\"AUDIT_SUCCESS\",\"message\":\"\\\"An account was successfully logged on.\\r\\n\\r\\nSubject:\\r\\n\\tSecurity ID:\\t\\tS-1-0-0\\r\\n\\tAccount Name:\\t\\t-\\r\\n\\tAccount Domain:\\t\\t-\\r\\n\\tLogon ID:\\t\\t0x0\\r\\n\\r\\nLogon Information:\\r\\n\\tLogon Type:\\t\\t3\\r\\n\\tRestricted Admin Mode:\\t-\\r\\n\\tVirtual Account:\\t\\tNo\\r\\n\\tElevated Token:\\t\\tYes\\r\\n\\r\\nImpersonation Level:\\t\\tImpersonation\\r\\n\\r\\nNew Logon:\\r\\n\\tSecurity ID:\\t\\tS-1-5-21-4237099201-2470629605-866910986-500\\r\\n\\tAccount Name:\\t\\tAdministrator\\r\\n\\tAccount Domain:\\t\\tCORP\\r\\n\\tLogon ID:\\t\\t0x4658DB\\r\\n\\tLinked Logon ID:\\t\\t0x0\\r\\n\\tNetwork Account Name:\\t-\\r\\n\\tNetwork Account Domain:\\t-\\r\\n\\tLogon GUID:\\t\\t{00000000-0000-0000-0000-000000000000}\\r\\n\\r\\nProcess Information:\\r\\n\\tProcess ID:\\t\\t0x0\\r\\n\\tProcess Name:\\t\\t-\\r\\n\\r\\nNetwork Information:\\r\\n\\tWorkstation Name:\\tkali\\r\\n\\tSource Network Address:\\t192.168.56.30\\r\\n\\tSource Port:\\t\\t0\\r\\n\\r\\nDetailed Authentication Information:\\r\\n\\tLogon Process:\\t\\tNtLmSsp \\r\\n\\tAuthentication Package:\\tNTLM\\r\\n\\tTransited Services:\\t-\\r\\n\\tPackage Name (NTLM only):\\tNTLM V2\\r\\n\\tKey Length:\\t\\t128\\r\\n\\r\\nThis event is generated when a logon session is created. It is generated on the computer that was accessed.\\r\\n\\r\\nThe subject fields indicate the account on the local system which requested the logon. This is most commonly a service such as the Server service, or a local process such as Winlogon.exe or Services.exe.\\r\\n\\r\\nThe logon type field indicates the kind of logon that occurred. The most common types are 2 (interactive) and 3 (network).\\r\\n\\r\\nThe New Logon fields indicate the account for whom the new logon was created, i.e. the account that was logged on.\\r\\n\\r\\nThe network fields indicate where a remote logon request originated. Workstation name is not always available and may be left blank in some cases.\\r\\n\\r\\nThe impersonation level field indicates the extent to which a process in the logon session can impersonate.\\r\\n\\r\\nThe authentication information fields provide detailed information about this specific logon request.\\r\\n\\t- Logon GUID is a unique identifier that can be used to correlate this event with a KDC event.\\r\\n\\t- Transited services indicate which intermediate services have participated in this logon request.\\r\\n\\t- Package name indicates which sub-protocol was used among the NTLM protocols.\\r\\n\\t- Key length indicates the length of the generated session key. This will be 0 if no session key was requested.\\\"\"},\"eventdata\":{\"subjectUserSid\":\"S-1-0-0\",\"subjectLogonId\":\"0x0\",\"targetUserSid\":\"S-1-5-21-4237099201-2470629605-866910986-500\",\"targetUserName\":\"Administrator\",\"targetDomainName\":\"CORP\",\"targetLogonId\":\"0x4658db\",\"logonType\":\"3\",\"logonProcessName\":\"NtLmSsp\",\"authenticationPackageName\":\"NTLM\",\"workstationName\":\"kali\",\"logonGuid\":\"{00000000-0000-0000-0000-000000000000}\",\"lmPackageName\":\"NTLM V2\",\"keyLength\":\"128\",\"processId\":\"0x0\",\"ipAddress\":\"192.168.56.30\",\"ipPort\":\"0\",\"impersonationLevel\":\"%%1833\",\"virtualAccount\":\"%%1843\",\"targetLinkedLogonId\":\"0x0\",\"elevatedToken\":\"%%1842\"}}}",
                "decoder": {
                    "name": "windows_eventchannel"
                },
                "data": {
                    "win": {
                        "system": {
                            "providerName": "Microsoft-Windows-Security-Auditing",
                            "providerGuid": "{54849625-5478-4994-a5ba-3e3b0328c30d}",
                            "eventID": "4624",
                            "version": "2",
                            "level": "0",
                            "task": "12544",
                            "opcode": "0",
                            "keywords": "0x8020000000000000",
                            "systemTime": "2026-04-13T04:45:36.8652196Z",
                            "eventRecordID": "309246",
                            "processID": "688",
                            "threadID": "6160",
                            "channel": "Security",
                            "computer": "DC01.corp.local",
                            "severityValue": "AUDIT_SUCCESS",
                            "message": "\"An account was successfully logged on.\r\n\r\nSubject:\r\n\tSecurity ID:\t\tS-1-0-0\r\n\tAccount Name:\t\t-\r\n\tAccount Domain:\t\t-\r\n\tLogon ID:\t\t0x0\r\n\r\nLogon Information:\r\n\tLogon Type:\t\t3\r\n\tRestricted Admin Mode:\t-\r\n\tVirtual Account:\t\tNo\r\n\tElevated Token:\t\tYes\r\n\r\nImpersonation Level:\t\tImpersonation\r\n\r\nNew Logon:\r\n\tSecurity ID:\t\tS-1-5-21-4237099201-2470629605-866910986-500\r\n\tAccount Name:\t\tAdministrator\r\n\tAccount Domain:\t\tCORP\r\n\tLogon ID:\t\t0x4658DB\r\n\tLinked Logon ID:\t\t0x0\r\n\tNetwork Account Name:\t-\r\n\tNetwork Account Domain:\t-\r\n\tLogon GUID:\t\t{00000000-0000-0000-0000-000000000000}\r\n\r\nProcess Information:\r\n\tProcess ID:\t\t0x0\r\n\tProcess Name:\t\t-\r\n\r\nNetwork Information:\r\n\tWorkstation Name:\tkali\r\n\tSource Network Address:\t192.168.56.30\r\n\tSource Port:\t\t0\r\n\r\nDetailed Authentication Information:\r\n\tLogon Process:\t\tNtLmSsp \r\n\tAuthentication Package:\tNTLM\r\n\tTransited Services:\t-\r\n\tPackage Name (NTLM only):\tNTLM V2\r\n\tKey Length:\t\t128\r\n\r\nThis event is generated when a logon session is created. It is generated on the computer that was accessed.\r\n\r\nThe subject fields indicate the account on the local system which requested the logon. This is most commonly a service such as the Server service, or a local process such as Winlogon.exe or Services.exe.\r\n\r\nThe logon type field indicates the kind of logon that occurred. The most common types are 2 (interactive) and 3 (network).\r\n\r\nThe New Logon fields indicate the account for whom the new logon was created, i.e. the account that was logged on.\r\n\r\nThe network fields indicate where a remote logon request originated. Workstation name is not always available and may be left blank in some cases.\r\n\r\nThe impersonation level field indicates the extent to which a process in the logon session can impersonate.\r\n\r\nThe authentication information fields provide detailed information about this specific logon request.\r\n\t- Logon GUID is a unique identifier that can be used to correlate this event with a KDC event.\r\n\t- Transited services indicate which intermediate services have participated in this logon request.\r\n\t- Package name indicates which sub-protocol was used among the NTLM protocols.\r\n\t- Key length indicates the length of the generated session key. This will be 0 if no session key was requested.\""
                        },
                        "eventdata": {
                            "subjectUserSid": "S-1-0-0",
                            "subjectLogonId": "0x0",
                            "targetUserSid": "S-1-5-21-4237099201-2470629605-866910986-500",
                            "targetUserName": "Administrator",
                            "targetDomainName": "CORP",
                            "targetLogonId": "0x4658db",
                            "logonType": "3",
                            "logonProcessName": "NtLmSsp",
                            "authenticationPackageName": "NTLM",
                            "workstationName": "kali",
                            "logonGuid": "{00000000-0000-0000-0000-000000000000}",
                            "lmPackageName": "NTLM V2",
                            "keyLength": "128",
                            "processId": "0x0",
                            "ipAddress": "192.168.56.30",
                            "ipPort": "0",
                            "impersonationLevel": "%%1833",
                            "virtualAccount": "%%1843",
                            "targetLinkedLogonId": "0x0",
                            "elevatedToken": "%%1842"
                        }
                    }
                },
                "location": "EventChannel"
            }
        },
        {
            "timestamp": "2026-04-13 10:15:37",
            "rule_id": "60137",
            "rule_description": "Windows User Logoff.",
            "severity": 3,
            "agent": "DC01",
            "raw": {
                "timestamp": "2026-04-13T10:15:37.469+0530",
                "rule": {
                    "level": 3,
                    "description": "Windows User Logoff.",
                    "id": "60137",
                    "firedtimes": 52,
                    "mail": false,
                    "groups": [
                        "windows",
                        "windows_security"
                    ],
                    "gdpr": [
                        "IV_32.2"
                    ],
                    "hipaa": [
                        "164.312.b"
                    ],
                    "nist_800_53": [
                        "AC.7",
                        "AU.14"
                    ],
                    "pci_dss": [
                        "10.2.5"
                    ],
                    "tsc": [
                        "CC6.8",
                        "CC7.2",
                        "CC7.3"
                    ]
                },
                "agent": {
                    "id": "001",
                    "name": "DC01",
                    "ip": "192.168.56.10"
                },
                "manager": {
                    "name": "wazuh-server"
                },
                "id": "1776055537.6049396",
                "decoder": {
                    "name": "windows_eventchannel"
                },
                "data": {
                    "win": {
                        "system": {
                            "providerName": "Microsoft-Windows-Security-Auditing",
                            "providerGuid": "{54849625-5478-4994-a5ba-3e3b0328c30d}",
                            "eventID": "4634",
                            "version": "0",
                            "level": "0",
                            "task": "12545",
                            "opcode": "0",
                            "keywords": "0x8020000000000000",
                            "systemTime": "2026-04-13T04:45:36.9246376Z",
                            "eventRecordID": "309248",
                            "processID": "688",
                            "threadID": "3080",
                            "channel": "Security",
                            "computer": "DC01.corp.local",
                            "severityValue": "AUDIT_SUCCESS",
                            "message": "\"An account was logged off.\r\n\r\nSubject:\r\n\tSecurity ID:\t\tS-1-5-21-4237099201-2470629605-866910986-500\r\n\tAccount Name:\t\tAdministrator\r\n\tAccount Domain:\t\tCORP\r\n\tLogon ID:\t\t0x4658DB\r\n\r\nLogon Type:\t\t\t3\r\n\r\nThis event is generated when a logon session is destroyed. It may be positively correlated with a logon event using the Logon ID value. Logon IDs are only unique between reboots on the same computer.\""
                        },
                        "eventdata": {
                            "targetUserSid": "S-1-5-21-4237099201-2470629605-866910986-500",
                            "targetUserName": "Administrator",
                            "targetDomainName": "CORP",
                            "targetLogonId": "0x4658db",
                            "logonType": "3"
                        }
                    }
                },
                "location": "EventChannel"
            }
        }
    ],
    [
        {
            "timestamp": "2026-04-13 14:53:42",
            "rule_id": "52002",
            "rule_description": "Apparmor DENIED",
            "severity": 3,
            "agent": "wazuh-server",
            "raw": {
                "timestamp": "2026-04-13T14:53:42.319+0530",
                "rule": {
                    "level": 3,
                    "description": "Apparmor DENIED",
                    "id": "52002",
                    "firedtimes": 33,
                    "mail": false,
                    "groups": [
                        "local",
                        "syslog",
                        "apparmor"
                    ]
                },
                "agent": {
                    "id": "000",
                    "name": "wazuh-server"
                },
                "manager": {
                    "name": "wazuh-server"
                },
                "id": "1776072222.9766123",
                "full_log": "Apr 13 14:53:41 wazuh-server kernel: [10709.674524] audit: type=1400 audit(1776072221.803:376): apparmor=\"DENIED\" operation=\"open\" profile=\"snap.firefox.firefox\" name=\"/proc/pressure/memory\" pid=50464 comm=\"MemoryPoller\" requested_mask=\"r\" denied_mask=\"r\" fsuid=1000 ouid=0",
                "predecoder": {
                    "program_name": "kernel",
                    "timestamp": "Apr 13 14:53:41",
                    "hostname": "wazuh-server"
                },
                "decoder": {
                    "parent": "kernel",
                    "name": "kernel"
                },
                "data": {
                    "status": "DENIED",
                    "extra_data": "open"
                },
                "location": "/var/log/syslog"
            }
        },
        {
            "timestamp": "2026-04-13 14:53:42",
            "rule_id": "52002",
            "rule_description": "Apparmor DENIED",
            "severity": 3,
            "agent": "wazuh-server",
            "raw": {
                "timestamp": "2026-04-13T14:53:42.319+0530",
                "rule": {
                    "level": 3,
                    "description": "Apparmor DENIED",
                    "id": "52002",
                    "firedtimes": 34,
                    "mail": false,
                    "groups": [
                        "local",
                        "syslog",
                        "apparmor"
                    ]
                },
                "agent": {
                    "id": "000",
                    "name": "wazuh-server"
                },
                "manager": {
                    "name": "wazuh-server"
                },
                "id": "1776072222.9766546",
                "full_log": "Apr 13 14:53:41 wazuh-server kernel: [10709.674524] audit: type=1400 audit(1776072221.803:376): apparmor=\"DENIED\" operation=\"open\" profile=\"snap.firefox.firefox\" name=\"/proc/pressure/memory\" pid=50464 comm=\"MemoryPoller\" requested_mask=\"r\" denied_mask=\"r\" fsuid=1000 ouid=0",
                "predecoder": {
                    "program_name": "kernel",
                    "timestamp": "Apr 13 14:53:41",
                    "hostname": "wazuh-server"
                },
                "decoder": {
                    "parent": "kernel",
                    "name": "kernel"
                },
                "data": {
                    "status": "DENIED",
                    "extra_data": "open"
                },
                "location": "/var/log/kern.log"
            }
        },
        {
            "timestamp": "2026-04-13 14:53:48",
            "rule_id": "52002",
            "rule_description": "Apparmor DENIED",
            "severity": 3,
            "agent": "wazuh-server",
            "raw": {
                "timestamp": "2026-04-13T14:53:48.326+0530",
                "rule": {
                    "level": 3,
                    "description": "Apparmor DENIED",
                    "id": "52002",
                    "firedtimes": 35,
                    "mail": false,
                    "groups": [
                        "local",
                        "syslog",
                        "apparmor"
                    ]
                },
                "agent": {
                    "id": "000",
                    "name": "wazuh-server"
                },
                "manager": {
                    "name": "wazuh-server"
                },
                "id": "1776072228.9766971",
                "full_log": "Apr 13 14:53:46 wazuh-server kernel: [10714.829175] audit: type=1400 audit(1776072226.953:377): apparmor=\"DENIED\" operation=\"open\" profile=\"snap.firefox.firefox\" name=\"/proc/pressure/memory\" pid=50464 comm=\"MemoryPoller\" requested_mask=\"r\" denied_mask=\"r\" fsuid=1000 ouid=0",
                "predecoder": {
                    "program_name": "kernel",
                    "timestamp": "Apr 13 14:53:46",
                    "hostname": "wazuh-server"
                },
                "decoder": {
                    "parent": "kernel",
                    "name": "kernel"
                },
                "data": {
                    "status": "DENIED",
                    "extra_data": "open"
                },
                "location": "/var/log/syslog"
            }
        },
        {
            "timestamp": "2026-04-13 14:53:48",
            "rule_id": "52002",
            "rule_description": "Apparmor DENIED",
            "severity": 3,
            "agent": "wazuh-server",
            "raw": {
                "timestamp": "2026-04-13T14:53:48.326+0530",
                "rule": {
                    "level": 3,
                    "description": "Apparmor DENIED",
                    "id": "52002",
                    "firedtimes": 36,
                    "mail": false,
                    "groups": [
                        "local",
                        "syslog",
                        "apparmor"
                    ]
                },
                "agent": {
                    "id": "000",
                    "name": "wazuh-server"
                },
                "manager": {
                    "name": "wazuh-server"
                },
                "id": "1776072228.9767394",
                "full_log": "Apr 13 14:53:46 wazuh-server kernel: [10714.829175] audit: type=1400 audit(1776072226.953:377): apparmor=\"DENIED\" operation=\"open\" profile=\"snap.firefox.firefox\" name=\"/proc/pressure/memory\" pid=50464 comm=\"MemoryPoller\" requested_mask=\"r\" denied_mask=\"r\" fsuid=1000 ouid=0",
                "predecoder": {
                    "program_name": "kernel",
                    "timestamp": "Apr 13 14:53:46",
                    "hostname": "wazuh-server"
                },
                "decoder": {
                    "parent": "kernel",
                    "name": "kernel"
                },
                "data": {
                    "status": "DENIED",
                    "extra_data": "open"
                },
                "location": "/var/log/kern.log"
            }
        },
        {
            "timestamp": "2026-04-13 14:53:52",
            "rule_id": "52002",
            "rule_description": "Apparmor DENIED",
            "severity": 3,
            "agent": "wazuh-server",
            "raw": {
                "timestamp": "2026-04-13T14:53:52.332+0530",
                "rule": {
                    "level": 3,
                    "description": "Apparmor DENIED",
                    "id": "52002",
                    "firedtimes": 38,
                    "mail": false,
                    "groups": [
                        "local",
                        "syslog",
                        "apparmor"
                    ]
                },
                "agent": {
                    "id": "000",
                    "name": "wazuh-server"
                },
                "manager": {
                    "name": "wazuh-server"
                },
                "id": "1776072232.9767819",
                "full_log": "Apr 13 14:53:52 wazuh-server kernel: [10720.128669] audit: type=1400 audit(1776072232.251:378): apparmor=\"DENIED\" operation=\"open\" profile=\"snap.firefox.firefox\" name=\"/proc/pressure/memory\" pid=50464 comm=\"MemoryPoller\" requested_mask=\"r\" denied_mask=\"r\" fsuid=1000 ouid=0",
                "predecoder": {
                    "program_name": "kernel",
                    "timestamp": "Apr 13 14:53:52",
                    "hostname": "wazuh-server"
                },
                "decoder": {
                    "parent": "kernel",
                    "name": "kernel"
                },
                "data": {
                    "status": "DENIED",
                    "extra_data": "open"
                },
                "location": "/var/log/kern.log"
            }
        },
        {
            "timestamp": "2026-04-13 14:53:52",
            "rule_id": "52002",
            "rule_description": "Apparmor DENIED",
            "severity": 3,
            "agent": "wazuh-server",
            "raw": {
                "timestamp": "2026-04-13T14:53:52.332+0530",
                "rule": {
                    "level": 3,
                    "description": "Apparmor DENIED",
                    "id": "52002",
                    "firedtimes": 37,
                    "mail": false,
                    "groups": [
                        "local",
                        "syslog",
                        "apparmor"
                    ]
                },
                "agent": {
                    "id": "000",
                    "name": "wazuh-server"
                },
                "manager": {
                    "name": "wazuh-server"
                },
                "id": "1776072232.9768244",
                "full_log": "Apr 13 14:53:52 wazuh-server kernel: [10720.128669] audit: type=1400 audit(1776072232.251:378): apparmor=\"DENIED\" operation=\"open\" profile=\"snap.firefox.firefox\" name=\"/proc/pressure/memory\" pid=50464 comm=\"MemoryPoller\" requested_mask=\"r\" denied_mask=\"r\" fsuid=1000 ouid=0",
                "predecoder": {
                    "program_name": "kernel",
                    "timestamp": "Apr 13 14:53:52",
                    "hostname": "wazuh-server"
                },
                "decoder": {
                    "parent": "kernel",
                    "name": "kernel"
                },
                "data": {
                    "status": "DENIED",
                    "extra_data": "open"
                },
                "location": "/var/log/syslog"
            }
        },
        {
            "timestamp": "2026-04-13 14:53:59",
            "rule_id": "60104",
            "rule_description": "Windows audit failure event.",
            "severity": 5,
            "agent": "DC01",
            "raw": {
                "timestamp": "2026-04-13T14:53:59.734+0530",
                "rule": {
                    "level": 5,
                    "description": "Windows audit failure event.",
                    "id": "60104",
                    "firedtimes": 160,
                    "mail": false,
                    "groups": [
                        "windows",
                        "windows_security"
                    ],
                    "gdpr": [
                        "IV_35.7.d"
                    ],
                    "hipaa": [
                        "164.312.b"
                    ],
                    "nist_800_53": [
                        "AU.6"
                    ],
                    "pci_dss": [
                        "10.6.1"
                    ],
                    "tsc": [
                        "CC7.2",
                        "CC7.3"
                    ]
                },
                "agent": {
                    "id": "001",
                    "name": "DC01",
                    "ip": "192.168.56.10"
                },
                "manager": {
                    "name": "wazuh-server"
                },
                "id": "1776072239.9768667",
                "decoder": {
                    "name": "windows_eventchannel"
                },
                "data": {
                    "win": {
                        "system": {
                            "providerName": "Microsoft-Windows-Security-Auditing",
                            "providerGuid": "{54849625-5478-4994-a5ba-3e3b0328c30d}",
                            "eventID": "4957",
                            "version": "0",
                            "level": "0",
                            "task": "13571",
                            "opcode": "0",
                            "keywords": "0x8010000000000000",
                            "systemTime": "2026-04-13T09:23:59.0809083Z",
                            "eventRecordID": "318951",
                            "processID": "688",
                            "threadID": "2080",
                            "channel": "Security",
                            "computer": "DC01.corp.local",
                            "severityValue": "AUDIT_FAILURE",
                            "message": "\"Windows Firewall did not apply the following rule:\r\n\r\nRule Information:\r\n\tID:\tCoreNet-Teredo-In\r\n\tName:\tCore Networking - Teredo (UDP-In)\r\n\r\nError Information:\r\n\tReason:\tLocal Port resolved to an empty set.\""
                        },
                        "eventdata": {
                            "ruleId": "CoreNet-Teredo-In",
                            "ruleName": "Core Networking - Teredo (UDP-In)",
                            "ruleAttr": "Local Port"
                        }
                    }
                },
                "location": "EventChannel"
            }
        },
        {
            "timestamp": "2026-04-13 14:53:59",
            "rule_id": "60104",
            "rule_description": "Windows audit failure event.",
            "severity": 5,
            "agent": "DC01",
            "raw": {
                "timestamp": "2026-04-13T14:53:59.735+0530",
                "rule": {
                    "level": 5,
                    "description": "Windows audit failure event.",
                    "id": "60104",
                    "firedtimes": 161,
                    "mail": false,
                    "groups": [
                        "windows",
                        "windows_security"
                    ],
                    "gdpr": [
                        "IV_35.7.d"
                    ],
                    "hipaa": [
                        "164.312.b"
                    ],
                    "nist_800_53": [
                        "AU.6"
                    ],
                    "pci_dss": [
                        "10.6.1"
                    ],
                    "tsc": [
                        "CC7.2",
                        "CC7.3"
                    ]
                },
                "agent": {
                    "id": "001",
                    "name": "DC01",
                    "ip": "192.168.56.10"
                },
                "manager": {
                    "name": "wazuh-server"
                },
                "id": "1776072239.9770568",
                "decoder": {
                    "name": "windows_eventchannel"
                },
                "data": {
                    "win": {
                        "system": {
                            "providerName": "Microsoft-Windows-Security-Auditing",
                            "providerGuid": "{54849625-5478-4994-a5ba-3e3b0328c30d}",
                            "eventID": "4957",
                            "version": "0",
                            "level": "0",
                            "task": "13571",
                            "opcode": "0",
                            "keywords": "0x8010000000000000",
                            "systemTime": "2026-04-13T09:23:59.0809587Z",
                            "eventRecordID": "318952",
                            "processID": "688",
                            "threadID": "2080",
                            "channel": "Security",
                            "computer": "DC01.corp.local",
                            "severityValue": "AUDIT_FAILURE",
                            "message": "\"Windows Firewall did not apply the following rule:\r\n\r\nRule Information:\r\n\tID:\tCoreNet-IPHTTPS-In\r\n\tName:\tCore Networking - IPHTTPS (TCP-In)\r\n\r\nError Information:\r\n\tReason:\tLocal Port resolved to an empty set.\""
                        },
                        "eventdata": {
                            "ruleId": "CoreNet-IPHTTPS-In",
                            "ruleName": "Core Networking - IPHTTPS (TCP-In)",
                            "ruleAttr": "Local Port"
                        }
                    }
                },
                "location": "EventChannel"
            }
        },
