        {
            "timestamp": "2026-04-26 11:55:51",
            "rule_id": "60107",
            "rule_description": "Failed attempt to perform a privileged operation.",
            "severity": 4,
            "agent": "WIN10-CLIENT",
            "agent_ip": "192.168.56.20",
            "windows_event_id": "4673",
            "source_ip": null,
            "raw": {
                "timestamp": "2026-04-26T11:55:51.830+0530",
                "rule": {
                    "level": 4,
                    "description": "Failed attempt to perform a privileged operation.",
                    "id": "60107",
                    "mitre": {
                        "id": [
                            "T1078"
                        ],
                        "tactic": [
                            "Defense Evasion",
                            "Persistence",
                            "Privilege Escalation",
                            "Initial Access"
                        ],
                        "technique": [
                            "Valid Accounts"
                        ]
                    },
                    "firedtimes": 1237,
                    "mail": false,
                    "groups": [
                        "windows",
                        "windows_security"
                    ],
                    "gdpr": [
                        "IV_32.2"
                    ],
                    "hipaa": [
                        "164.312.b"
                    ],
                    "nist_800_53": [
                        "AC.6",
                        "AU.14"
                    ],
                    "pci_dss": [
                        "10.2.2"
                    ],
                    "tsc": [
                        "CC6.8",
                        "CC7.2",
                        "CC7.3"
                    ]
                },
                "agent": {
                    "id": "003",
                    "name": "WIN10-CLIENT",
                    "ip": "192.168.56.20"
                },
                "manager": {
                    "name": "wazuh-server"
                },
                "id": "1777184751.8946813",
                "decoder": {
                    "name": "windows_eventchannel"
                },
                "data": {
                    "win": {
                        "system": {
                            "providerName": "Microsoft-Windows-Security-Auditing",
                            "providerGuid": "{54849625-5478-4994-a5ba-3e3b0328c30d}",
                            "eventID": "4673",
                            "version": "0",
                            "level": "0",
                            "task": "13056",
                            "opcode": "0",
                            "keywords": "0x8010000000000000",
                            "systemTime": "2026-04-26T06:25:51.4975380Z",
                            "eventRecordID": "155838",
                            "processID": "4",
                            "threadID": "2756",
                            "channel": "Security",
                            "computer": "WIN10-CLIENT.corp.local",
                            "severityValue": "AUDIT_FAILURE",
                            "message": "\"A privileged service was called.\r\n\r\nSubject:\r\n\tSecurity ID:\t\tS-1-5-21-4237099201-2470629605-866910986-1103\r\n\tAccount Name:\t\tPranav\r\n\tAccount Domain:\t\tCORP\r\n\tLogon ID:\t\t0x7C489\r\n\r\nService:\r\n\tServer:\tSecurity\r\n\tService Name:\t-\r\n\r\nProcess:\r\n\tProcess ID:\t0x1d68\r\n\tProcess Name:\tC:\\Program Files\\BraveSoftware\\Brave-Browser\\Application\\brave.exe\r\n\r\nService Request Information:\r\n\tPrivileges:\t\tSeProfileSingleProcessPrivilege\""
                        },
                        "eventdata": {
                            "subjectUserSid": "S-1-5-21-4237099201-2470629605-866910986-1103",
                            "subjectUserName": "Pranav",
                            "subjectDomainName": "CORP",
                            "subjectLogonId": "0x7c489",
                            "objectServer": "Security",
                            "privilegeList": "SeProfileSingleProcessPrivilege",
                            "processId": "0x1d68",
                            "processName": "C:\\\\Program Files\\\\BraveSoftware\\\\Brave-Browser\\\\Application\\\\brave.exe"
                        }
                    }
                },
                "location": "EventChannel"
            }
        },
        {
            "timestamp": "2026-04-26 11:55:51",
            "rule_id": "60107",
            "rule_description": "Failed attempt to perform a privileged operation.",
            "severity": 4,
            "agent": "WIN10-CLIENT",
            "agent_ip": "192.168.56.20",
            "windows_event_id": "4673",
            "source_ip": null,
            "raw": {
                "timestamp": "2026-04-26T11:55:51.849+0530",
                "rule": {
                    "level": 4,
                    "description": "Failed attempt to perform a privileged operation.",
                    "id": "60107",
                    "mitre": {
                        "id": [
                            "T1078"
                        ],
                        "tactic": [
                            "Defense Evasion",
                            "Persistence",
                            "Privilege Escalation",
                            "Initial Access"
                        ],
                        "technique": [
                            "Valid Accounts"
                        ]
                    },
                    "firedtimes": 1238,
                    "mail": false,
                    "groups": [
                        "windows",
                        "windows_security"
                    ],
                    "gdpr": [
                        "IV_32.2"
                    ],
                    "hipaa": [
                        "164.312.b"
                    ],
                    "nist_800_53": [
                        "AC.6",
                        "AU.14"
                    ],
                    "pci_dss": [
                        "10.2.2"
                    ],
                    "tsc": [
                        "CC6.8",
                        "CC7.2",
                        "CC7.3"
                    ]
                },
                "agent": {
                    "id": "003",
                    "name": "WIN10-CLIENT",
                    "ip": "192.168.56.20"
                },
                "manager": {
                    "name": "wazuh-server"
                },
                "id": "1777184751.8949776",
                "decoder": {
                    "name": "windows_eventchannel"
                },
                "data": {
                    "win": {
                        "system": {
                            "providerName": "Microsoft-Windows-Security-Auditing",
                            "providerGuid": "{54849625-5478-4994-a5ba-3e3b0328c30d}",
                            "eventID": "4673",
                            "version": "0",
                            "level": "0",
                            "task": "13056",
                            "opcode": "0",
                            "keywords": "0x8010000000000000",
                            "systemTime": "2026-04-26T06:25:51.4975389Z",
                            "eventRecordID": "155839",
                            "processID": "4",
                            "threadID": "2756",
                            "channel": "Security",
                            "computer": "WIN10-CLIENT.corp.local",
                            "severityValue": "AUDIT_FAILURE",
                            "message": "\"A privileged service was called.\r\n\r\nSubject:\r\n\tSecurity ID:\t\tS-1-5-21-4237099201-2470629605-866910986-1103\r\n\tAccount Name:\t\tPranav\r\n\tAccount Domain:\t\tCORP\r\n\tLogon ID:\t\t0x7C489\r\n\r\nService:\r\n\tServer:\tSecurity\r\n\tService Name:\t-\r\n\r\nProcess:\r\n\tProcess ID:\t0x1d68\r\n\tProcess Name:\tC:\\Program Files\\BraveSoftware\\Brave-Browser\\Application\\brave.exe\r\n\r\nService Request Information:\r\n\tPrivileges:\t\tSeProfileSingleProcessPrivilege\""
                        },
                        "eventdata": {
                            "subjectUserSid": "S-1-5-21-4237099201-2470629605-866910986-1103",
                            "subjectUserName": "Pranav",
                            "subjectDomainName": "CORP",
                            "subjectLogonId": "0x7c489",
                            "objectServer": "Security",
                            "privilegeList": "SeProfileSingleProcessPrivilege",
                            "processId": "0x1d68",
                            "processName": "C:\\\\Program Files\\\\BraveSoftware\\\\Brave-Browser\\\\Application\\\\brave.exe"
                        }
                    }
                },
                "location": "EventChannel"
            }
        },
        {
            "timestamp": "2026-04-26 11:55:51",
            "rule_id": "60107",
            "rule_description": "Failed attempt to perform a privileged operation.",
            "severity": 4,
            "agent": "WIN10-CLIENT",
            "agent_ip": "192.168.56.20",
            "windows_event_id": "4673",
            "source_ip": null,
            "raw": {
                "timestamp": "2026-04-26T11:55:51.861+0530",
                "rule": {
                    "level": 4,
                    "description": "Failed attempt to perform a privileged operation.",
                    "id": "60107",
                    "mitre": {
                        "id": [
                            "T1078"
                        ],
                        "tactic": [
                            "Defense Evasion",
                            "Persistence",
                            "Privilege Escalation",
                            "Initial Access"
                        ],
                        "technique": [
                            "Valid Accounts"
                        ]
                    },
                    "firedtimes": 1239,
                    "mail": false,
                    "groups": [
                        "windows",
                        "windows_security"
                    ],
                    "gdpr": [
                        "IV_32.2"
                    ],
                    "hipaa": [
                        "164.312.b"
                    ],
                    "nist_800_53": [
                        "AC.6",
                        "AU.14"
                    ],
                    "pci_dss": [
                        "10.2.2"
                    ],
                    "tsc": [
                        "CC6.8",
                        "CC7.2",
                        "CC7.3"
                    ]
                },
                "agent": {
                    "id": "003",
                    "name": "WIN10-CLIENT",
                    "ip": "192.168.56.20"
                },
                "manager": {
                    "name": "wazuh-server"
                },
                "id": "1777184751.8952739",
                "decoder": {
                    "name": "windows_eventchannel"
                },
                "data": {
                    "win": {
                        "system": {
                            "providerName": "Microsoft-Windows-Security-Auditing",
                            "providerGuid": "{54849625-5478-4994-a5ba-3e3b0328c30d}",
                            "eventID": "4673",
                            "version": "0",
                            "level": "0",
                            "task": "13056",
                            "opcode": "0",
                            "keywords": "0x8010000000000000",
                            "systemTime": "2026-04-26T06:25:51.4975526Z",
                            "eventRecordID": "155840",
                            "processID": "4",
                            "threadID": "2756",
                            "channel": "Security",
                            "computer": "WIN10-CLIENT.corp.local",
                            "severityValue": "AUDIT_FAILURE",
                            "message": "\"A privileged service was called.\r\n\r\nSubject:\r\n\tSecurity ID:\t\tS-1-5-21-4237099201-2470629605-866910986-1103\r\n\tAccount Name:\t\tPranav\r\n\tAccount Domain:\t\tCORP\r\n\tLogon ID:\t\t0x7C489\r\n\r\nService:\r\n\tServer:\tSecurity\r\n\tService Name:\t-\r\n\r\nProcess:\r\n\tProcess ID:\t0x1d68\r\n\tProcess Name:\tC:\\Program Files\\BraveSoftware\\Brave-Browser\\Application\\brave.exe\r\n\r\nService Request Information:\r\n\tPrivileges:\t\tSeProfileSingleProcessPrivilege\""
                        },
                        "eventdata": {
                            "subjectUserSid": "S-1-5-21-4237099201-2470629605-866910986-1103",
                            "subjectUserName": "Pranav",
                            "subjectDomainName": "CORP",
                            "subjectLogonId": "0x7c489",
                            "objectServer": "Security",
                            "privilegeList": "SeProfileSingleProcessPrivilege",
                            "processId": "0x1d68",
                            "processName": "C:\\\\Program Files\\\\BraveSoftware\\\\Brave-Browser\\\\Application\\\\brave.exe"
                        }
                    }
                },
                "location": "EventChannel"
            }
        },
        {
            "timestamp": "2026-04-26 11:55:51",
            "rule_id": "60107",
            "rule_description": "Failed attempt to perform a privileged operation.",
            "severity": 4,
            "agent": "WIN10-CLIENT",
            "agent_ip": "192.168.56.20",
            "windows_event_id": "4673",
            "source_ip": null,
            "raw": {
                "timestamp": "2026-04-26T11:55:51.880+0530",
                "rule": {
                    "level": 4,
                    "description": "Failed attempt to perform a privileged operation.",
                    "id": "60107",
                    "mitre": {
                        "id": [
                            "T1078"
                        ],
                        "tactic": [
                            "Defense Evasion",
                            "Persistence",
                            "Privilege Escalation",
                            "Initial Access"
                        ],
                        "technique": [
                            "Valid Accounts"
                        ]
                    },
                    "firedtimes": 1240,
                    "mail": false,
                    "groups": [
                        "windows",
                        "windows_security"
                    ],
                    "gdpr": [
                        "IV_32.2"
                    ],
                    "hipaa": [
                        "164.312.b"
                    ],
                    "nist_800_53": [
                        "AC.6",
                        "AU.14"
                    ],
                    "pci_dss": [
                        "10.2.2"
                    ],
                    "tsc": [
                        "CC6.8",
                        "CC7.2",
                        "CC7.3"
                    ]
                },
                "agent": {
                    "id": "003",
                    "name": "WIN10-CLIENT",
                    "ip": "192.168.56.20"
                },
                "manager": {
                    "name": "wazuh-server"
                },
                "id": "1777184751.8955702",
                "decoder": {
                    "name": "windows_eventchannel"
                },
                "data": {
                    "win": {
                        "system": {
                            "providerName": "Microsoft-Windows-Security-Auditing",
                            "providerGuid": "{54849625-5478-4994-a5ba-3e3b0328c30d}",
                            "eventID": "4673",
                            "version": "0",
                            "level": "0",
                            "task": "13056",
                            "opcode": "0",
                            "keywords": "0x8010000000000000",
                            "systemTime": "2026-04-26T06:25:51.4975536Z",
                            "eventRecordID": "155841",
                            "processID": "4",
                            "threadID": "2756",
                            "channel": "Security",
                            "computer": "WIN10-CLIENT.corp.local",
                            "severityValue": "AUDIT_FAILURE",
                            "message": "\"A privileged service was called.\r\n\r\nSubject:\r\n\tSecurity ID:\t\tS-1-5-21-4237099201-2470629605-866910986-1103\r\n\tAccount Name:\t\tPranav\r\n\tAccount Domain:\t\tCORP\r\n\tLogon ID:\t\t0x7C489\r\n\r\nService:\r\n\tServer:\tSecurity\r\n\tService Name:\t-\r\n\r\nProcess:\r\n\tProcess ID:\t0x1d68\r\n\tProcess Name:\tC:\\Program Files\\BraveSoftware\\Brave-Browser\\Application\\brave.exe\r\n\r\nService Request Information:\r\n\tPrivileges:\t\tSeProfileSingleProcessPrivilege\""
                        },
                        "eventdata": {
                            "subjectUserSid": "S-1-5-21-4237099201-2470629605-866910986-1103",
                            "subjectUserName": "Pranav",
                            "subjectDomainName": "CORP",
                            "subjectLogonId": "0x7c489",
                            "objectServer": "Security",
                            "privilegeList": "SeProfileSingleProcessPrivilege",
                            "processId": "0x1d68",
                            "processName": "C:\\\\Program Files\\\\BraveSoftware\\\\Brave-Browser\\\\Application\\\\brave.exe"
                        }
                    }
                },
                "location": "EventChannel"
            }
        },
        {
            "timestamp": "2026-04-26 11:55:51",
            "rule_id": "60107",
            "rule_description": "Failed attempt to perform a privileged operation.",
            "severity": 4,
            "agent": "WIN10-CLIENT",
            "agent_ip": "192.168.56.20",
            "windows_event_id": "4673",
            "source_ip": null,
            "raw": {
                "timestamp": "2026-04-26T11:55:51.892+0530",
                "rule": {
                    "level": 4,
                    "description": "Failed attempt to perform a privileged operation.",
                    "id": "60107",
                    "mitre": {
                        "id": [
                            "T1078"
                        ],
                        "tactic": [
                            "Defense Evasion",
                            "Persistence",
                            "Privilege Escalation",
                            "Initial Access"
                        ],
                        "technique": [
                            "Valid Accounts"
                        ]
                    },
                    "firedtimes": 1241,
                    "mail": false,
                    "groups": [
                        "windows",
                        "windows_security"
                    ],
                    "gdpr": [
                        "IV_32.2"
                    ],
                    "hipaa": [
                        "164.312.b"
                    ],
                    "nist_800_53": [
                        "AC.6",
                        "AU.14"
                    ],
                    "pci_dss": [
                        "10.2.2"
                    ],
                    "tsc": [
                        "CC6.8",
                        "CC7.2",
                        "CC7.3"
                    ]
                },
                "agent": {
                    "id": "003",
                    "name": "WIN10-CLIENT",
                    "ip": "192.168.56.20"
                },
                "manager": {
                    "name": "wazuh-server"
                },
                "id": "1777184751.8958665",
                "decoder": {
                    "name": "windows_eventchannel"
                },
                "data": {
                    "win": {
                        "system": {
                            "providerName": "Microsoft-Windows-Security-Auditing",
                            "providerGuid": "{54849625-5478-4994-a5ba-3e3b0328c30d}",
                            "eventID": "4673",
                            "version": "0",
                            "level": "0",
                            "task": "13056",
                            "opcode": "0",
                            "keywords": "0x8010000000000000",
                            "systemTime": "2026-04-26T06:25:51.4975681Z",
                            "eventRecordID": "155842",
                            "processID": "4",
                            "threadID": "2756",
                            "channel": "Security",
                            "computer": "WIN10-CLIENT.corp.local",
                            "severityValue": "AUDIT_FAILURE",
                            "message": "\"A privileged service was called.\r\n\r\nSubject:\r\n\tSecurity ID:\t\tS-1-5-21-4237099201-2470629605-866910986-1103\r\n\tAccount Name:\t\tPranav\r\n\tAccount Domain:\t\tCORP\r\n\tLogon ID:\t\t0x7C489\r\n\r\nService:\r\n\tServer:\tSecurity\r\n\tService Name:\t-\r\n\r\nProcess:\r\n\tProcess ID:\t0x1d68\r\n\tProcess Name:\tC:\\Program Files\\BraveSoftware\\Brave-Browser\\Application\\brave.exe\r\n\r\nService Request Information:\r\n\tPrivileges:\t\tSeProfileSingleProcessPrivilege\""
                        },
                        "eventdata": {
                            "subjectUserSid": "S-1-5-21-4237099201-2470629605-866910986-1103",
                            "subjectUserName": "Pranav",
                            "subjectDomainName": "CORP",
                            "subjectLogonId": "0x7c489",
                            "objectServer": "Security",
                            "privilegeList": "SeProfileSingleProcessPrivilege",
                            "processId": "0x1d68",
                            "processName": "C:\\\\Program Files\\\\BraveSoftware\\\\Brave-Browser\\\\Application\\\\brave.exe"
                        }
                    }
                },
                "location": "EventChannel"
            }
        },
        {
            "timestamp": "2026-04-26 11:55:51",
            "rule_id": "60107",
            "rule_description": "Failed attempt to perform a privileged operation.",
            "severity": 4,
            "agent": "WIN10-CLIENT",
            "agent_ip": "192.168.56.20",
            "windows_event_id": "4673",
            "source_ip": null,
            "raw": {
                "timestamp": "2026-04-26T11:55:51.908+0530",
                "rule": {
                    "level": 4,
                    "description": "Failed attempt to perform a privileged operation.",
                    "id": "60107",
                    "mitre": {
                        "id": [
                            "T1078"
                        ],
                        "tactic": [
                            "Defense Evasion",
                            "Persistence",
                            "Privilege Escalation",
                            "Initial Access"
                        ],
                        "technique": [
                            "Valid Accounts"
                        ]
                    },
                    "firedtimes": 1242,
                    "mail": false,
                    "groups": [
                        "windows",
                        "windows_security"
                    ],
                    "gdpr": [
                        "IV_32.2"
                    ],
                    "hipaa": [
                        "164.312.b"
                    ],
                    "nist_800_53": [
                        "AC.6",
                        "AU.14"
                    ],
                    "pci_dss": [
                        "10.2.2"
                    ],
                    "tsc": [
                        "CC6.8",
                        "CC7.2",
                        "CC7.3"
                    ]
                },
                "agent": {
                    "id": "003",
                    "name": "WIN10-CLIENT",
                    "ip": "192.168.56.20"
                },
                "manager": {
                    "name": "wazuh-server"
                },
                "id": "1777184751.8961628",
                "decoder": {
                    "name": "windows_eventchannel"
                },
                "data": {
                    "win": {
                        "system": {
                            "providerName": "Microsoft-Windows-Security-Auditing",
                            "providerGuid": "{54849625-5478-4994-a5ba-3e3b0328c30d}",
                            "eventID": "4673",
                            "version": "0",
                            "level": "0",
                            "task": "13056",
                            "opcode": "0",
                            "keywords": "0x8010000000000000",
                            "systemTime": "2026-04-26T06:25:51.4975690Z",
                            "eventRecordID": "155843",
                            "processID": "4",
                            "threadID": "2756",
                            "channel": "Security",
                            "computer": "WIN10-CLIENT.corp.local",
                            "severityValue": "AUDIT_FAILURE",
                            "message": "\"A privileged service was called.\r\n\r\nSubject:\r\n\tSecurity ID:\t\tS-1-5-21-4237099201-2470629605-866910986-1103\r\n\tAccount Name:\t\tPranav\r\n\tAccount Domain:\t\tCORP\r\n\tLogon ID:\t\t0x7C489\r\n\r\nService:\r\n\tServer:\tSecurity\r\n\tService Name:\t-\r\n\r\nProcess:\r\n\tProcess ID:\t0x1d68\r\n\tProcess Name:\tC:\\Program Files\\BraveSoftware\\Brave-Browser\\Application\\brave.exe\r\n\r\nService Request Information:\r\n\tPrivileges:\t\tSeProfileSingleProcessPrivilege\""
                        },
                        "eventdata": {
                            "subjectUserSid": "S-1-5-21-4237099201-2470629605-866910986-1103",
                            "subjectUserName": "Pranav",
                            "subjectDomainName": "CORP",
                            "subjectLogonId": "0x7c489",
                            "objectServer": "Security",
                            "privilegeList": "SeProfileSingleProcessPrivilege",
                            "processId": "0x1d68",
                            "processName": "C:\\\\Program Files\\\\BraveSoftware\\\\Brave-Browser\\\\Application\\\\brave.exe"
                        }
                    }
                },
                "location": "EventChannel"
            }
        },
        {
            "timestamp": "2026-04-26 11:55:51",
            "rule_id": "60107",
            "rule_description": "Failed attempt to perform a privileged operation.",
            "severity": 4,
            "agent": "WIN10-CLIENT",
            "agent_ip": "192.168.56.20",
            "windows_event_id": "4673",
            "source_ip": null,
            "raw": {
                "timestamp": "2026-04-26T11:55:51.923+0530",
                "rule": {
                    "level": 4,
                    "description": "Failed attempt to perform a privileged operation.",
                    "id": "60107",
                    "mitre": {
                        "id": [
                            "T1078"
                        ],
                        "tactic": [
                            "Defense Evasion",
                            "Persistence",
                            "Privilege Escalation",
                            "Initial Access"
                        ],
                        "technique": [
                            "Valid Accounts"
                        ]
                    },
                    "firedtimes": 1243,
                    "mail": false,
                    "groups": [
                        "windows",
                        "windows_security"
                    ],
                    "gdpr": [
                        "IV_32.2"
                    ],
                    "hipaa": [
                        "164.312.b"
                    ],
                    "nist_800_53": [
                        "AC.6",
                        "AU.14"
                    ],
                    "pci_dss": [
                        "10.2.2"
                    ],
                    "tsc": [
                        "CC6.8",
                        "CC7.2",
                        "CC7.3"
                    ]
                },
                "agent": {
                    "id": "003",
                    "name": "WIN10-CLIENT",
                    "ip": "192.168.56.20"
                },
                "manager": {
                    "name": "wazuh-server"
                },
                "id": "1777184751.8964591",
                "decoder": {
                    "name": "windows_eventchannel"
                },
                "data": {
                    "win": {
                        "system": {
                            "providerName": "Microsoft-Windows-Security-Auditing",
                            "providerGuid": "{54849625-5478-4994-a5ba-3e3b0328c30d}",
                            "eventID": "4673",
                            "version": "0",
                            "level": "0",
                            "task": "13056",
                            "opcode": "0",
                            "keywords": "0x8010000000000000",
                            "systemTime": "2026-04-26T06:25:51.4975832Z",
                            "eventRecordID": "155844",
                            "processID": "4",
                            "threadID": "2756",
                            "channel": "Security",
                            "computer": "WIN10-CLIENT.corp.local",
                            "severityValue": "AUDIT_FAILURE",
                            "message": "\"A privileged service was called.\r\n\r\nSubject:\r\n\tSecurity ID:\t\tS-1-5-21-4237099201-2470629605-866910986-1103\r\n\tAccount Name:\t\tPranav\r\n\tAccount Domain:\t\tCORP\r\n\tLogon ID:\t\t0x7C489\r\n\r\nService:\r\n\tServer:\tSecurity\r\n\tService Name:\t-\r\n\r\nProcess:\r\n\tProcess ID:\t0x1d68\r\n\tProcess Name:\tC:\\Program Files\\BraveSoftware\\Brave-Browser\\Application\\brave.exe\r\n\r\nService Request Information:\r\n\tPrivileges:\t\tSeProfileSingleProcessPrivilege\""
                        },
                        "eventdata": {
                            "subjectUserSid": "S-1-5-21-4237099201-2470629605-866910986-1103",
                            "subjectUserName": "Pranav",
                            "subjectDomainName": "CORP",
                            "subjectLogonId": "0x7c489",
                            "objectServer": "Security",
                            "privilegeList": "SeProfileSingleProcessPrivilege",
                            "processId": "0x1d68",
                            "processName": "C:\\\\Program Files\\\\BraveSoftware\\\\Brave-Browser\\\\Application\\\\brave.exe"
                        }
                    }
                },
                "location": "EventChannel"
            }
        },
        {
            "timestamp": "2026-04-26 11:55:51",
            "rule_id": "60107",
            "rule_description": "Failed attempt to perform a privileged operation.",
            "severity": 4,
            "agent": "WIN10-CLIENT",
            "agent_ip": "192.168.56.20",
            "windows_event_id": "4673",
            "source_ip": null,
            "raw": {
                "timestamp": "2026-04-26T11:55:51.940+0530",
                "rule": {
                    "level": 4,
                    "description": "Failed attempt to perform a privileged operation.",
                    "id": "60107",
                    "mitre": {
                        "id": [
                            "T1078"
                        ],
                        "tactic": [
                            "Defense Evasion",
                            "Persistence",
                            "Privilege Escalation",
                            "Initial Access"
                        ],
                        "technique": [
                            "Valid Accounts"
                        ]
                    },
                    "firedtimes": 1244,
                    "mail": false,
                    "groups": [
                        "windows",
                        "windows_security"
                    ],
                    "gdpr": [
                        "IV_32.2"
                    ],
                    "hipaa": [
                        "164.312.b"
                    ],
                    "nist_800_53": [
                        "AC.6",
                        "AU.14"
                    ],
                    "pci_dss": [
                        "10.2.2"
                    ],
                    "tsc": [
                        "CC6.8",
                        "CC7.2",
                        "CC7.3"
                    ]
                },
                "agent": {
                    "id": "003",
                    "name": "WIN10-CLIENT",
                    "ip": "192.168.56.20"
                },
                "manager": {
                    "name": "wazuh-server"
                },
                "id": "1777184751.8967554",
                "decoder": {
                    "name": "windows_eventchannel"
                },
                "data": {
                    "win": {
                        "system": {
                            "providerName": "Microsoft-Windows-Security-Auditing",
                            "providerGuid": "{54849625-5478-4994-a5ba-3e3b0328c30d}",
                            "eventID": "4673",
                            "version": "0",
                            "level": "0",
                            "task": "13056",
                            "opcode": "0",
                            "keywords": "0x8010000000000000",
                            "systemTime": "2026-04-26T06:25:51.8104431Z",
                            "eventRecordID": "155845",
                            "processID": "4",
                            "threadID": "2756",
                            "channel": "Security",
                            "computer": "WIN10-CLIENT.corp.local",
                            "severityValue": "AUDIT_FAILURE",
                            "message": "\"A privileged service was called.\r\n\r\nSubject:\r\n\tSecurity ID:\t\tS-1-5-21-4237099201-2470629605-866910986-1103\r\n\tAccount Name:\t\tPranav\r\n\tAccount Domain:\t\tCORP\r\n\tLogon ID:\t\t0x7C489\r\n\r\nService:\r\n\tServer:\tSecurity\r\n\tService Name:\t-\r\n\r\nProcess:\r\n\tProcess ID:\t0x27e8\r\n\tProcess Name:\tC:\\Program Files\\BraveSoftware\\Brave-Browser\\Application\\brave.exe\r\n\r\nService Request Information:\r\n\tPrivileges:\t\tSeProfileSingleProcessPrivilege\""
                        },
                        "eventdata": {
                            "subjectUserSid": "S-1-5-21-4237099201-2470629605-866910986-1103",
                            "subjectUserName": "Pranav",
                            "subjectDomainName": "CORP",
                            "subjectLogonId": "0x7c489",
                            "objectServer": "Security",
                            "privilegeList": "SeProfileSingleProcessPrivilege",
                            "processId": "0x27e8",
                            "processName": "C:\\\\Program Files\\\\BraveSoftware\\\\Brave-Browser\\\\Application\\\\brave.exe"
                        }
                    }
                },
                "location": "EventChannel"
            }
        },
        {
            "timestamp": "2026-04-26 11:55:51",
            "rule_id": "60107",
            "rule_description": "Failed attempt to perform a privileged operation.",
            "severity": 4,
            "agent": "WIN10-CLIENT",
            "agent_ip": "192.168.56.20",
            "windows_event_id": "4673",
            "source_ip": null,
            "raw": {
                "timestamp": "2026-04-26T11:55:51.955+0530",
                "rule": {
                    "level": 4,
                    "description": "Failed attempt to perform a privileged operation.",
                    "id": "60107",
                    "mitre": {
                        "id": [
                            "T1078"
                        ],
                        "tactic": [
                            "Defense Evasion",
                            "Persistence",
                            "Privilege Escalation",
                            "Initial Access"
                        ],
                        "technique": [
                            "Valid Accounts"
                        ]
                    },
                    "firedtimes": 1245,
                    "mail": false,
                    "groups": [
                        "windows",
                        "windows_security"
                    ],
                    "gdpr": [
                        "IV_32.2"
                    ],
                    "hipaa": [
                        "164.312.b"
                    ],
                    "nist_800_53": [
                        "AC.6",
                        "AU.14"
                    ],
                    "pci_dss": [
                        "10.2.2"
                    ],
                    "tsc": [
                        "CC6.8",
                        "CC7.2",
                        "CC7.3"
                    ]
                },
                "agent": {
                    "id": "003",
                    "name": "WIN10-CLIENT",
                    "ip": "192.168.56.20"
                },
                "manager": {
                    "name": "wazuh-server"
                },
                "id": "1777184751.8970517",
                "decoder": {
                    "name": "windows_eventchannel"
                },
                "data": {
                    "win": {
                        "system": {
                            "providerName": "Microsoft-Windows-Security-Auditing",
                            "providerGuid": "{54849625-5478-4994-a5ba-3e3b0328c30d}",
                            "eventID": "4673",
                            "version": "0",
                            "level": "0",
                            "task": "13056",
                            "opcode": "0",
                            "keywords": "0x8010000000000000",
                            "systemTime": "2026-04-26T06:25:51.8104787Z",
                            "eventRecordID": "155846",
                            "processID": "4",
                            "threadID": "2756",
                            "channel": "Security",
                            "computer": "WIN10-CLIENT.corp.local",
                            "severityValue": "AUDIT_FAILURE",
                            "message": "\"A privileged service was called.\r\n\r\nSubject:\r\n\tSecurity ID:\t\tS-1-5-21-4237099201-2470629605-866910986-1103\r\n\tAccount Name:\t\tPranav\r\n\tAccount Domain:\t\tCORP\r\n\tLogon ID:\t\t0x7C489\r\n\r\nService:\r\n\tServer:\tSecurity\r\n\tService Name:\t-\r\n\r\nProcess:\r\n\tProcess ID:\t0x27e8\r\n\tProcess Name:\tC:\\Program Files\\BraveSoftware\\Brave-Browser\\Application\\brave.exe\r\n\r\nService Request Information:\r\n\tPrivileges:\t\tSeProfileSingleProcessPrivilege\""
                        },
                        "eventdata": {
                            "subjectUserSid": "S-1-5-21-4237099201-2470629605-866910986-1103",
                            "subjectUserName": "Pranav",
                            "subjectDomainName": "CORP",
                            "subjectLogonId": "0x7c489",
                            "objectServer": "Security",
                            "privilegeList": "SeProfileSingleProcessPrivilege",
                            "processId": "0x27e8",
                            "processName": "C:\\\\Program Files\\\\BraveSoftware\\\\Brave-Browser\\\\Application\\\\brave.exe"
                        }
                    }
                },
                "location": "EventChannel"
            }
        },
        {
            "timestamp": "2026-04-26 11:55:51",
            "rule_id": "60107",
            "rule_description": "Failed attempt to perform a privileged operation.",
            "severity": 4,
            "agent": "WIN10-CLIENT",
            "agent_ip": "192.168.56.20",
            "windows_event_id": "4673",
            "source_ip": null,
            "raw": {
                "timestamp": "2026-04-26T11:55:51.971+0530",
                "rule": {
                    "level": 4,
                    "description": "Failed attempt to perform a privileged operation.",
                    "id": "60107",
                    "mitre": {
                        "id": [
                            "T1078"
                        ],
                        "tactic": [
                            "Defense Evasion",
                            "Persistence",
                            "Privilege Escalation",
                            "Initial Access"
                        ],
                        "technique": [
                            "Valid Accounts"
                        ]
                    },
                    "firedtimes": 1246,
                    "mail": false,
                    "groups": [
                        "windows",
                        "windows_security"
                    ],
                    "gdpr": [
                        "IV_32.2"
                    ],
                    "hipaa": [
                        "164.312.b"
                    ],
                    "nist_800_53": [
                        "AC.6",
                        "AU.14"
                    ],
                    "pci_dss": [
                        "10.2.2"
                    ],
                    "tsc": [
                        "CC6.8",
                        "CC7.2",
                        "CC7.3"
                    ]
                },
                "agent": {
                    "id": "003",
                    "name": "WIN10-CLIENT",
                    "ip": "192.168.56.20"
                },
                "manager": {
                    "name": "wazuh-server"
                },
                "id": "1777184751.8973480",
                "decoder": {
                    "name": "windows_eventchannel"
                },
                "data": {
                    "win": {
                        "system": {
                            "providerName": "Microsoft-Windows-Security-Auditing",
                            "providerGuid": "{54849625-5478-4994-a5ba-3e3b0328c30d}",
                            "eventID": "4673",
                            "version": "0",
                            "level": "0",
                            "task": "13056",
                            "opcode": "0",
                            "keywords": "0x8010000000000000",
                            "systemTime": "2026-04-26T06:25:51.8104869Z",
                            "eventRecordID": "155847",
                            "processID": "4",
                            "threadID": "2756",
                            "channel": "Security",
                            "computer": "WIN10-CLIENT.corp.local",
                            "severityValue": "AUDIT_FAILURE",
                            "message": "\"A privileged service was called.\r\n\r\nSubject:\r\n\tSecurity ID:\t\tS-1-5-21-4237099201-2470629605-866910986-1103\r\n\tAccount Name:\t\tPranav\r\n\tAccount Domain:\t\tCORP\r\n\tLogon ID:\t\t0x7C489\r\n\r\nService:\r\n\tServer:\tSecurity\r\n\tService Name:\t-\r\n\r\nProcess:\r\n\tProcess ID:\t0x27e8\r\n\tProcess Name:\tC:\\Program Files\\BraveSoftware\\Brave-Browser\\Application\\brave.exe\r\n\r\nService Request Information:\r\n\tPrivileges:\t\tSeProfileSingleProcessPrivilege\""
                        },
                        "eventdata": {
                            "subjectUserSid": "S-1-5-21-4237099201-2470629605-866910986-1103",
                            "subjectUserName": "Pranav",
                            "subjectDomainName": "CORP",
                            "subjectLogonId": "0x7c489",
                            "objectServer": "Security",
                            "privilegeList": "SeProfileSingleProcessPrivilege",
                            "processId": "0x27e8",
                            "processName": "C:\\\\Program Files\\\\BraveSoftware\\\\Brave-Browser\\\\Application\\\\brave.exe"
                        }
                    }
                },
                "location": "EventChannel"
            }
        },
