        {
            "timestamp": "2026-04-13 14:57:46",
            "rule_id": "60104",
            "rule_description": "Windows audit failure event.",
            "severity": 5,
            "agent": "DC01",
            "raw": {
                "timestamp": "2026-04-13T14:57:46.609+0530",
                "rule": {
                    "level": 5,
                    "description": "Windows audit failure event.",
                    "id": "60104",
                    "firedtimes": 166,
                    "mail": false,
                    "groups": [
                        "windows",
                        "windows_security"
                    ],
                    "gdpr": [
                        "IV_35.7.d"
                    ],
                    "hipaa": [
                        "164.312.b"
                    ],
                    "nist_800_53": [
                        "AU.6"
                    ],
                    "pci_dss": [
                        "10.6.1"
                    ],
                    "tsc": [
                        "CC7.2",
                        "CC7.3"
                    ]
                },
                "agent": {
                    "id": "001",
                    "name": "DC01",
                    "ip": "192.168.56.10"
                },
                "manager": {
                    "name": "wazuh-server"
                },
                "id": "1776072466.10046224",
                "decoder": {
                    "name": "windows_eventchannel"
                },
                "data": {
                    "win": {
                        "system": {
                            "providerName": "Microsoft-Windows-Security-Auditing",
                            "providerGuid": "{54849625-5478-4994-a5ba-3e3b0328c30d}",
                            "eventID": "4776",
                            "version": "0",
                            "level": "0",
                            "task": "14336",
                            "opcode": "0",
                            "keywords": "0x8010000000000000",
                            "systemTime": "2026-04-13T09:27:45.0574663Z",
                            "eventRecordID": "319204",
                            "processID": "688",
                            "threadID": "6832",
                            "channel": "Security",
                            "computer": "DC01.corp.local",
                            "severityValue": "AUDIT_FAILURE",
                            "message": "\"The computer attempted to validate the credentials for an account.\r\n\r\nAuthentication Package:\tMICROSOFT_AUTHENTICATION_PACKAGE_V1_0\r\nLogon Account:\tadministrator\r\nSource Workstation:\t\r\nError Code:\t0xC000006A\""
                        },
                        "eventdata": {
                            "packageName": "MICROSOFT_AUTHENTICATION_PACKAGE_V1_0",
                            "targetUserName": "administrator",
                            "status": "0xc000006a"
                        }
                    }
                },
                "location": "EventChannel"
            }
        },
        {
            "timestamp": "2026-04-13 14:57:46",
            "rule_id": "60122",
            "rule_description": "Logon failure - Unknown user or bad password.",
            "severity": 5,
            "agent": "DC01",
            "raw": {
                "timestamp": "2026-04-13T14:57:46.626+0530",
                "rule": {
                    "level": 5,
                    "description": "Logon failure - Unknown user or bad password.",
                    "id": "60122",
                    "mitre": {
                        "id": [
                            "T1078",
                            "T1531"
                        ],
                        "tactic": [
                            "Defense Evasion",
                            "Persistence",
                            "Privilege Escalation",
                            "Initial Access",
                            "Impact"
                        ],
                        "technique": [
                            "Valid Accounts",
                            "Account Access Removal"
                        ]
                    },
                    "firedtimes": 1,
                    "mail": false,
                    "groups": [
                        "windows",
                        "windows_security",
                        "authentication_failed"
                    ],
                    "gdpr": [
                        "IV_32.2",
                        "IV_35.7.d"
                    ],
                    "gpg13": [
                        "7.1"
                    ],
                    "hipaa": [
                        "164.312.b"
                    ],
                    "nist_800_53": [
                        "AC.7",
                        "AU.14"
                    ],
                    "pci_dss": [
                        "10.2.4",
                        "10.2.5"
                    ],
                    "tsc": [
                        "CC6.1",
                        "CC6.8",
                        "CC7.2",
                        "CC7.3"
                    ]
                },
                "agent": {
                    "id": "001",
                    "name": "DC01",
                    "ip": "192.168.56.10"
                },
                "manager": {
                    "name": "wazuh-server"
                },
                "id": "1776072466.10048140",
                "decoder": {
                    "name": "windows_eventchannel"
                },
                "data": {
                    "win": {
                        "system": {
                            "providerName": "Microsoft-Windows-Security-Auditing",
                            "providerGuid": "{54849625-5478-4994-a5ba-3e3b0328c30d}",
                            "eventID": "4625",
                            "version": "0",
                            "level": "0",
                            "task": "12544",
                            "opcode": "0",
                            "keywords": "0x8010000000000000",
                            "systemTime": "2026-04-13T09:27:45.0575752Z",
                            "eventRecordID": "319205",
                            "processID": "688",
                            "threadID": "6832",
                            "channel": "Security",
                            "computer": "DC01.corp.local",
                            "severityValue": "AUDIT_FAILURE",
                            "message": "\"An account failed to log on.\r\n\r\nSubject:\r\n\tSecurity ID:\t\tS-1-0-0\r\n\tAccount Name:\t\t-\r\n\tAccount Domain:\t\t-\r\n\tLogon ID:\t\t0x0\r\n\r\nLogon Type:\t\t\t3\r\n\r\nAccount For Which Logon Failed:\r\n\tSecurity ID:\t\tS-1-0-0\r\n\tAccount Name:\t\tadministrator\r\n\tAccount Domain:\t\tcorp.local\r\n\r\nFailure Information:\r\n\tFailure Reason:\t\tUnknown user name or bad password.\r\n\tStatus:\t\t\t0xC000006D\r\n\tSub Status:\t\t0xC000006A\r\n\r\nProcess Information:\r\n\tCaller Process ID:\t0x0\r\n\tCaller Process Name:\t-\r\n\r\nNetwork Information:\r\n\tWorkstation Name:\t-\r\n\tSource Network Address:\t192.168.56.30\r\n\tSource Port:\t\t42580\r\n\r\nDetailed Authentication Information:\r\n\tLogon Process:\t\tNtLmSsp \r\n\tAuthentication Package:\tNTLM\r\n\tTransited Services:\t-\r\n\tPackage Name (NTLM only):\t-\r\n\tKey Length:\t\t0\r\n\r\nThis event is generated when a logon request fails. It is generated on the computer where access was attempted.\r\n\r\nThe Subject fields indicate the account on the local system which requested the logon. This is most commonly a service such as the Server service, or a local process such as Winlogon.exe or Services.exe.\r\n\r\nThe Logon Type field indicates the kind of logon that was requested. The most common types are 2 (interactive) and 3 (network).\r\n\r\nThe Process Information fields indicate which account and process on the system requested the logon.\r\n\r\nThe Network Information fields indicate where a remote logon request originated. Workstation name is not always available and may be left blank in some cases.\r\n\r\nThe authentication information fields provide detailed information about this specific logon request.\r\n\t- Transited services indicate which intermediate services have participated in this logon request.\r\n\t- Package name indicates which sub-protocol was used among the NTLM protocols.\r\n\t- Key length indicates the length of the generated session key. This will be 0 if no session key was requested.\""
                        },
                        "eventdata": {
                            "subjectUserSid": "S-1-0-0",
                            "subjectLogonId": "0x0",
                            "targetUserSid": "S-1-0-0",
                            "targetUserName": "administrator",
                            "targetDomainName": "corp.local",
                            "status": "0xc000006d",
                            "failureReason": "%%2313",
                            "subStatus": "0xc000006a",
                            "logonType": "3",
                            "logonProcessName": "NtLmSsp",
                            "authenticationPackageName": "NTLM",
                            "keyLength": "0",
                            "processId": "0x0",
                            "ipAddress": "192.168.56.30",
                            "ipPort": "42580"
                        }
                    }
                },
                "location": "EventChannel"
            }
        },
        {
            "timestamp": "2026-04-13 14:57:46",
            "rule_id": "60104",
            "rule_description": "Windows audit failure event.",
            "severity": 5,
            "agent": "DC01",
            "raw": {
                "timestamp": "2026-04-13T14:57:46.643+0530",
                "rule": {
                    "level": 5,
                    "description": "Windows audit failure event.",
                    "id": "60104",
                    "firedtimes": 167,
                    "mail": false,
                    "groups": [
                        "windows",
                        "windows_security"
                    ],
                    "gdpr": [
                        "IV_35.7.d"
                    ],
                    "hipaa": [
                        "164.312.b"
                    ],
                    "nist_800_53": [
                        "AU.6"
                    ],
                    "pci_dss": [
                        "10.6.1"
                    ],
                    "tsc": [
                        "CC7.2",
                        "CC7.3"
                    ]
                },
                "agent": {
                    "id": "001",
                    "name": "DC01",
                    "ip": "192.168.56.10"
                },
                "manager": {
                    "name": "wazuh-server"
                },
                "id": "1776072466.10054275",
                "decoder": {
                    "name": "windows_eventchannel"
                },
                "data": {
                    "win": {
                        "system": {
                            "providerName": "Microsoft-Windows-Security-Auditing",
                            "providerGuid": "{54849625-5478-4994-a5ba-3e3b0328c30d}",
                            "eventID": "4776",
                            "version": "0",
                            "level": "0",
                            "task": "14336",
                            "opcode": "0",
                            "keywords": "0x8010000000000000",
                            "systemTime": "2026-04-13T09:27:45.0667798Z",
                            "eventRecordID": "319206",
                            "processID": "688",
                            "threadID": "1628",
                            "channel": "Security",
                            "computer": "DC01.corp.local",
                            "severityValue": "AUDIT_FAILURE",
                            "message": "\"The computer attempted to validate the credentials for an account.\r\n\r\nAuthentication Package:\tMICROSOFT_AUTHENTICATION_PACKAGE_V1_0\r\nLogon Account:\tadministrator\r\nSource Workstation:\t\r\nError Code:\t0xC000006A\""
                        },
                        "eventdata": {
                            "packageName": "MICROSOFT_AUTHENTICATION_PACKAGE_V1_0",
                            "targetUserName": "administrator",
                            "status": "0xc000006a"
                        }
                    }
                },
                "location": "EventChannel"
            }
        },
        {
            "timestamp": "2026-04-13 14:57:46",
            "rule_id": "60122",
            "rule_description": "Logon failure - Unknown user or bad password.",
            "severity": 5,
            "agent": "DC01",
            "raw": {
                "timestamp": "2026-04-13T14:57:46.674+0530",
                "rule": {
                    "level": 5,
                    "description": "Logon failure - Unknown user or bad password.",
                    "id": "60122",
                    "mitre": {
                        "id": [
                            "T1078",
                            "T1531"
                        ],
                        "tactic": [
                            "Defense Evasion",
                            "Persistence",
                            "Privilege Escalation",
                            "Initial Access",
                            "Impact"
                        ],
                        "technique": [
                            "Valid Accounts",
                            "Account Access Removal"
                        ]
                    },
                    "firedtimes": 2,
                    "mail": false,
                    "groups": [
                        "windows",
                        "windows_security",
                        "authentication_failed"
                    ],
                    "gdpr": [
                        "IV_32.2",
                        "IV_35.7.d"
                    ],
                    "gpg13": [
                        "7.1"
                    ],
                    "hipaa": [
                        "164.312.b"
                    ],
                    "nist_800_53": [
                        "AC.7",
                        "AU.14"
                    ],
                    "pci_dss": [
                        "10.2.4",
                        "10.2.5"
                    ],
                    "tsc": [
                        "CC6.1",
                        "CC6.8",
                        "CC7.2",
                        "CC7.3"
                    ]
                },
                "agent": {
                    "id": "001",
                    "name": "DC01",
                    "ip": "192.168.56.10"
                },
                "manager": {
                    "name": "wazuh-server"
                },
                "id": "1776072466.10056191",
                "decoder": {
                    "name": "windows_eventchannel"
                },
                "data": {
                    "win": {
                        "system": {
                            "providerName": "Microsoft-Windows-Security-Auditing",
                            "providerGuid": "{54849625-5478-4994-a5ba-3e3b0328c30d}",
                            "eventID": "4625",
                            "version": "0",
                            "level": "0",
                            "task": "12544",
                            "opcode": "0",
                            "keywords": "0x8010000000000000",
                            "systemTime": "2026-04-13T09:27:45.0668743Z",
                            "eventRecordID": "319207",
                            "processID": "688",
                            "threadID": "1628",
                            "channel": "Security",
                            "computer": "DC01.corp.local",
                            "severityValue": "AUDIT_FAILURE",
                            "message": "\"An account failed to log on.\r\n\r\nSubject:\r\n\tSecurity ID:\t\tS-1-0-0\r\n\tAccount Name:\t\t-\r\n\tAccount Domain:\t\t-\r\n\tLogon ID:\t\t0x0\r\n\r\nLogon Type:\t\t\t3\r\n\r\nAccount For Which Logon Failed:\r\n\tSecurity ID:\t\tS-1-0-0\r\n\tAccount Name:\t\tadministrator\r\n\tAccount Domain:\t\tcorp.local\r\n\r\nFailure Information:\r\n\tFailure Reason:\t\tUnknown user name or bad password.\r\n\tStatus:\t\t\t0xC000006D\r\n\tSub Status:\t\t0xC000006A\r\n\r\nProcess Information:\r\n\tCaller Process ID:\t0x0\r\n\tCaller Process Name:\t-\r\n\r\nNetwork Information:\r\n\tWorkstation Name:\t-\r\n\tSource Network Address:\t192.168.56.30\r\n\tSource Port:\t\t42600\r\n\r\nDetailed Authentication Information:\r\n\tLogon Process:\t\tNtLmSsp \r\n\tAuthentication Package:\tNTLM\r\n\tTransited Services:\t-\r\n\tPackage Name (NTLM only):\t-\r\n\tKey Length:\t\t0\r\n\r\nThis event is generated when a logon request fails. It is generated on the computer where access was attempted.\r\n\r\nThe Subject fields indicate the account on the local system which requested the logon. This is most commonly a service such as the Server service, or a local process such as Winlogon.exe or Services.exe.\r\n\r\nThe Logon Type field indicates the kind of logon that was requested. The most common types are 2 (interactive) and 3 (network).\r\n\r\nThe Process Information fields indicate which account and process on the system requested the logon.\r\n\r\nThe Network Information fields indicate where a remote logon request originated. Workstation name is not always available and may be left blank in some cases.\r\n\r\nThe authentication information fields provide detailed information about this specific logon request.\r\n\t- Transited services indicate which intermediate services have participated in this logon request.\r\n\t- Package name indicates which sub-protocol was used among the NTLM protocols.\r\n\t- Key length indicates the length of the generated session key. This will be 0 if no session key was requested.\""
                        },
                        "eventdata": {
                            "subjectUserSid": "S-1-0-0",
                            "subjectLogonId": "0x0",
                            "targetUserSid": "S-1-0-0",
                            "targetUserName": "administrator",
                            "targetDomainName": "corp.local",
                            "status": "0xc000006d",
                            "failureReason": "%%2313",
                            "subStatus": "0xc000006a",
                            "logonType": "3",
                            "logonProcessName": "NtLmSsp",
                            "authenticationPackageName": "NTLM",
                            "keyLength": "0",
                            "processId": "0x0",
                            "ipAddress": "192.168.56.30",
                            "ipPort": "42600"
                        }
                    }
                },
                "location": "EventChannel"
            }
        },
        {
            "timestamp": "2026-04-13 14:57:46",
            "rule_id": "60104",
            "rule_description": "Windows audit failure event.",
            "severity": 5,
            "agent": "DC01",
            "raw": {
                "timestamp": "2026-04-13T14:57:46.689+0530",
                "rule": {
                    "level": 5,
                    "description": "Windows audit failure event.",
                    "id": "60104",
                    "firedtimes": 168,
                    "mail": false,
                    "groups": [
                        "windows",
                        "windows_security"
                    ],
                    "gdpr": [
                        "IV_35.7.d"
                    ],
                    "hipaa": [
                        "164.312.b"
                    ],
                    "nist_800_53": [
                        "AU.6"
                    ],
                    "pci_dss": [
                        "10.6.1"
                    ],
                    "tsc": [
                        "CC7.2",
                        "CC7.3"
                    ]
                },
                "agent": {
                    "id": "001",
                    "name": "DC01",
                    "ip": "192.168.56.10"
                },
                "manager": {
                    "name": "wazuh-server"
                },
                "id": "1776072466.10062326",
                "decoder": {
                    "name": "windows_eventchannel"
                },
                "data": {
                    "win": {
                        "system": {
                            "providerName": "Microsoft-Windows-Security-Auditing",
                            "providerGuid": "{54849625-5478-4994-a5ba-3e3b0328c30d}",
                            "eventID": "4776",
                            "version": "0",
                            "level": "0",
                            "task": "14336",
                            "opcode": "0",
                            "keywords": "0x8010000000000000",
                            "systemTime": "2026-04-13T09:27:45.0770400Z",
                            "eventRecordID": "319208",
                            "processID": "688",
                            "threadID": "1628",
                            "channel": "Security",
                            "computer": "DC01.corp.local",
                            "severityValue": "AUDIT_FAILURE",
                            "message": "\"The computer attempted to validate the credentials for an account.\r\n\r\nAuthentication Package:\tMICROSOFT_AUTHENTICATION_PACKAGE_V1_0\r\nLogon Account:\tadministrator\r\nSource Workstation:\t\r\nError Code:\t0xC000006A\""
                        },
                        "eventdata": {
                            "packageName": "MICROSOFT_AUTHENTICATION_PACKAGE_V1_0",
                            "targetUserName": "administrator",
                            "status": "0xc000006a"
                        }
                    }
                },
                "location": "EventChannel"
            }
        },
        {
            "timestamp": "2026-04-13 14:57:46",
            "rule_id": "60122",
            "rule_description": "Logon failure - Unknown user or bad password.",
            "severity": 5,
            "agent": "DC01",
            "raw": {
                "timestamp": "2026-04-13T14:57:46.705+0530",
                "rule": {
                    "level": 5,
                    "description": "Logon failure - Unknown user or bad password.",
                    "id": "60122",
                    "mitre": {
                        "id": [
                            "T1078",
                            "T1531"
                        ],
                        "tactic": [
                            "Defense Evasion",
                            "Persistence",
                            "Privilege Escalation",
                            "Initial Access",
                            "Impact"
                        ],
                        "technique": [
                            "Valid Accounts",
                            "Account Access Removal"
                        ]
                    },
                    "firedtimes": 3,
                    "mail": false,
                    "groups": [
                        "windows",
                        "windows_security",
                        "authentication_failed"
                    ],
                    "gdpr": [
                        "IV_32.2",
                        "IV_35.7.d"
                    ],
                    "gpg13": [
                        "7.1"
                    ],
                    "hipaa": [
                        "164.312.b"
                    ],
                    "nist_800_53": [
                        "AC.7",
                        "AU.14"
                    ],
                    "pci_dss": [
                        "10.2.4",
                        "10.2.5"
                    ],
                    "tsc": [
                        "CC6.1",
                        "CC6.8",
                        "CC7.2",
                        "CC7.3"
                    ]
                },
                "agent": {
                    "id": "001",
                    "name": "DC01",
                    "ip": "192.168.56.10"
                },
                "manager": {
                    "name": "wazuh-server"
                },
                "id": "1776072466.10064242",
                "decoder": {
                    "name": "windows_eventchannel"
                },
                "data": {
                    "win": {
                        "system": {
                            "providerName": "Microsoft-Windows-Security-Auditing",
                            "providerGuid": "{54849625-5478-4994-a5ba-3e3b0328c30d}",
                            "eventID": "4625",
                            "version": "0",
                            "level": "0",
                            "task": "12544",
                            "opcode": "0",
                            "keywords": "0x8010000000000000",
                            "systemTime": "2026-04-13T09:27:45.0771349Z",
                            "eventRecordID": "319209",
                            "processID": "688",
                            "threadID": "1628",
                            "channel": "Security",
                            "computer": "DC01.corp.local",
                            "severityValue": "AUDIT_FAILURE",
                            "message": "\"An account failed to log on.\r\n\r\nSubject:\r\n\tSecurity ID:\t\tS-1-0-0\r\n\tAccount Name:\t\t-\r\n\tAccount Domain:\t\t-\r\n\tLogon ID:\t\t0x0\r\n\r\nLogon Type:\t\t\t3\r\n\r\nAccount For Which Logon Failed:\r\n\tSecurity ID:\t\tS-1-0-0\r\n\tAccount Name:\t\tadministrator\r\n\tAccount Domain:\t\tcorp.local\r\n\r\nFailure Information:\r\n\tFailure Reason:\t\tUnknown user name or bad password.\r\n\tStatus:\t\t\t0xC000006D\r\n\tSub Status:\t\t0xC000006A\r\n\r\nProcess Information:\r\n\tCaller Process ID:\t0x0\r\n\tCaller Process Name:\t-\r\n\r\nNetwork Information:\r\n\tWorkstation Name:\t-\r\n\tSource Network Address:\t192.168.56.30\r\n\tSource Port:\t\t42612\r\n\r\nDetailed Authentication Information:\r\n\tLogon Process:\t\tNtLmSsp \r\n\tAuthentication Package:\tNTLM\r\n\tTransited Services:\t-\r\n\tPackage Name (NTLM only):\t-\r\n\tKey Length:\t\t0\r\n\r\nThis event is generated when a logon request fails. It is generated on the computer where access was attempted.\r\n\r\nThe Subject fields indicate the account on the local system which requested the logon. This is most commonly a service such as the Server service, or a local process such as Winlogon.exe or Services.exe.\r\n\r\nThe Logon Type field indicates the kind of logon that was requested. The most common types are 2 (interactive) and 3 (network).\r\n\r\nThe Process Information fields indicate which account and process on the system requested the logon.\r\n\r\nThe Network Information fields indicate where a remote logon request originated. Workstation name is not always available and may be left blank in some cases.\r\n\r\nThe authentication information fields provide detailed information about this specific logon request.\r\n\t- Transited services indicate which intermediate services have participated in this logon request.\r\n\t- Package name indicates which sub-protocol was used among the NTLM protocols.\r\n\t- Key length indicates the length of the generated session key. This will be 0 if no session key was requested.\""
                        },
                        "eventdata": {
                            "subjectUserSid": "S-1-0-0",
                            "subjectLogonId": "0x0",
                            "targetUserSid": "S-1-0-0",
                            "targetUserName": "administrator",
                            "targetDomainName": "corp.local",
                            "status": "0xc000006d",
                            "failureReason": "%%2313",
                            "subStatus": "0xc000006a",
                            "logonType": "3",
                            "logonProcessName": "NtLmSsp",
                            "authenticationPackageName": "NTLM",
                            "keyLength": "0",
                            "processId": "0x0",
                            "ipAddress": "192.168.56.30",
                            "ipPort": "42612"
                        }
                    }
                },
                "location": "EventChannel"
            }
        },
        {
            "timestamp": "2026-04-13 14:57:46",
            "rule_id": "92652",
            "rule_description": "Successful Remote Logon Detected - User:\\Administrator - NTLM authentication, possible pass-the-hash attack.",
            "severity": 6,
            "agent": "DC01",
            "raw": {
                "timestamp": "2026-04-13T14:57:46.751+0530",
                "rule": {
                    "level": 6,
                    "description": "Successful Remote Logon Detected - User:\\Administrator - NTLM authentication, possible pass-the-hash attack.",
                    "id": "92652",
                    "mitre": {
                        "id": [
                            "T1550.002",
                            "T1078.002"
                        ],
                        "tactic": [
                            "Defense Evasion",
                            "Lateral Movement",
                            "Persistence",
                            "Privilege Escalation",
                            "Initial Access"
                        ],
                        "technique": [
                            "Pass the Hash",
                            "Domain Accounts"
                        ]
                    },
                    "firedtimes": 2,
                    "mail": false,
                    "groups": [
                        "win_evt_channel",
                        "windows",
                        "authentication_success"
                    ],
                    "gdpr": [
                        "IV_32.2"
                    ],
                    "gpg13": [
                        "7.1",
                        "7.2"
                    ],
                    "hipaa": [
                        "164.312.b"
                    ],
                    "nist_800_53": [
                        "AC.7",
                        "AU.14"
                    ],
                    "pci_dss": [
                        "10.2.5"
                    ],
                    "tsc": [
                        "CC6.8",
                        "CC7.2",
                        "CC7.3"
                    ]
                },
                "agent": {
                    "id": "001",
                    "name": "DC01",
                    "ip": "192.168.56.10"
                },
                "manager": {
                    "name": "wazuh-server"
                },
                "id": "1776072466.10070377",
                "full_log": "{\"win\":{\"system\":{\"providerName\":\"Microsoft-Windows-Security-Auditing\",\"providerGuid\":\"{54849625-5478-4994-a5ba-3e3b0328c30d}\",\"eventID\":\"4624\",\"version\":\"2\",\"level\":\"0\",\"task\":\"12544\",\"opcode\":\"0\",\"keywords\":\"0x8020000000000000\",\"systemTime\":\"2026-04-13T09:27:45.0861338Z\",\"eventRecordID\":\"319212\",\"processID\":\"688\",\"threadID\":\"1628\",\"channel\":\"Security\",\"computer\":\"DC01.corp.local\",\"severityValue\":\"AUDIT_SUCCESS\",\"message\":\"\\\"An account was successfully logged on.\\r\\n\\r\\nSubject:\\r\\n\\tSecurity ID:\\t\\tS-1-0-0\\r\\n\\tAccount Name:\\t\\t-\\r\\n\\tAccount Domain:\\t\\t-\\r\\n\\tLogon ID:\\t\\t0x0\\r\\n\\r\\nLogon Information:\\r\\n\\tLogon Type:\\t\\t3\\r\\n\\tRestricted Admin Mode:\\t-\\r\\n\\tVirtual Account:\\t\\tNo\\r\\n\\tElevated Token:\\t\\tYes\\r\\n\\r\\nImpersonation Level:\\t\\tImpersonation\\r\\n\\r\\nNew Logon:\\r\\n\\tSecurity ID:\\t\\tS-1-5-21-4237099201-2470629605-866910986-500\\r\\n\\tAccount Name:\\t\\tAdministrator\\r\\n\\tAccount Domain:\\t\\tCORP\\r\\n\\tLogon ID:\\t\\t0xEBC46C\\r\\n\\tLinked Logon ID:\\t\\t0x0\\r\\n\\tNetwork Account Name:\\t-\\r\\n\\tNetwork Account Domain:\\t-\\r\\n\\tLogon GUID:\\t\\t{00000000-0000-0000-0000-000000000000}\\r\\n\\r\\nProcess Information:\\r\\n\\tProcess ID:\\t\\t0x0\\r\\n\\tProcess Name:\\t\\t-\\r\\n\\r\\nNetwork Information:\\r\\n\\tWorkstation Name:\\t-\\r\\n\\tSource Network Address:\\t192.168.56.30\\r\\n\\tSource Port:\\t\\t42628\\r\\n\\r\\nDetailed Authentication Information:\\r\\n\\tLogon Process:\\t\\tNtLmSsp \\r\\n\\tAuthentication Package:\\tNTLM\\r\\n\\tTransited Services:\\t-\\r\\n\\tPackage Name (NTLM only):\\tNTLM V2\\r\\n\\tKey Length:\\t\\t128\\r\\n\\r\\nThis event is generated when a logon session is created. It is generated on the computer that was accessed.\\r\\n\\r\\nThe subject fields indicate the account on the local system which requested the logon. This is most commonly a service such as the Server service, or a local process such as Winlogon.exe or Services.exe.\\r\\n\\r\\nThe logon type field indicates the kind of logon that occurred. The most common types are 2 (interactive) and 3 (network).\\r\\n\\r\\nThe New Logon fields indicate the account for whom the new logon was created, i.e. the account that was logged on.\\r\\n\\r\\nThe network fields indicate where a remote logon request originated. Workstation name is not always available and may be left blank in some cases.\\r\\n\\r\\nThe impersonation level field indicates the extent to which a process in the logon session can impersonate.\\r\\n\\r\\nThe authentication information fields provide detailed information about this specific logon request.\\r\\n\\t- Logon GUID is a unique identifier that can be used to correlate this event with a KDC event.\\r\\n\\t- Transited services indicate which intermediate services have participated in this logon request.\\r\\n\\t- Package name indicates which sub-protocol was used among the NTLM protocols.\\r\\n\\t- Key length indicates the length of the generated session key. This will be 0 if no session key was requested.\\\"\"},\"eventdata\":{\"subjectUserSid\":\"S-1-0-0\",\"subjectLogonId\":\"0x0\",\"targetUserSid\":\"S-1-5-21-4237099201-2470629605-866910986-500\",\"targetUserName\":\"Administrator\",\"targetDomainName\":\"CORP\",\"targetLogonId\":\"0xebc46c\",\"logonType\":\"3\",\"logonProcessName\":\"NtLmSsp\",\"authenticationPackageName\":\"NTLM\",\"logonGuid\":\"{00000000-0000-0000-0000-000000000000}\",\"lmPackageName\":\"NTLM V2\",\"keyLength\":\"128\",\"processId\":\"0x0\",\"ipAddress\":\"192.168.56.30\",\"ipPort\":\"42628\",\"impersonationLevel\":\"%%1833\",\"virtualAccount\":\"%%1843\",\"targetLinkedLogonId\":\"0x0\",\"elevatedToken\":\"%%1842\"}}}",
                "decoder": {
                    "name": "windows_eventchannel"
                },
                "data": {
                    "win": {
                        "system": {
                            "providerName": "Microsoft-Windows-Security-Auditing",
                            "providerGuid": "{54849625-5478-4994-a5ba-3e3b0328c30d}",
                            "eventID": "4624",
                            "version": "2",
                            "level": "0",
                            "task": "12544",
                            "opcode": "0",
                            "keywords": "0x8020000000000000",
                            "systemTime": "2026-04-13T09:27:45.0861338Z",
                            "eventRecordID": "319212",
                            "processID": "688",
                            "threadID": "1628",
                            "channel": "Security",
                            "computer": "DC01.corp.local",
                            "severityValue": "AUDIT_SUCCESS",
                            "message": "\"An account was successfully logged on.\r\n\r\nSubject:\r\n\tSecurity ID:\t\tS-1-0-0\r\n\tAccount Name:\t\t-\r\n\tAccount Domain:\t\t-\r\n\tLogon ID:\t\t0x0\r\n\r\nLogon Information:\r\n\tLogon Type:\t\t3\r\n\tRestricted Admin Mode:\t-\r\n\tVirtual Account:\t\tNo\r\n\tElevated Token:\t\tYes\r\n\r\nImpersonation Level:\t\tImpersonation\r\n\r\nNew Logon:\r\n\tSecurity ID:\t\tS-1-5-21-4237099201-2470629605-866910986-500\r\n\tAccount Name:\t\tAdministrator\r\n\tAccount Domain:\t\tCORP\r\n\tLogon ID:\t\t0xEBC46C\r\n\tLinked Logon ID:\t\t0x0\r\n\tNetwork Account Name:\t-\r\n\tNetwork Account Domain:\t-\r\n\tLogon GUID:\t\t{00000000-0000-0000-0000-000000000000}\r\n\r\nProcess Information:\r\n\tProcess ID:\t\t0x0\r\n\tProcess Name:\t\t-\r\n\r\nNetwork Information:\r\n\tWorkstation Name:\t-\r\n\tSource Network Address:\t192.168.56.30\r\n\tSource Port:\t\t42628\r\n\r\nDetailed Authentication Information:\r\n\tLogon Process:\t\tNtLmSsp \r\n\tAuthentication Package:\tNTLM\r\n\tTransited Services:\t-\r\n\tPackage Name (NTLM only):\tNTLM V2\r\n\tKey Length:\t\t128\r\n\r\nThis event is generated when a logon session is created. It is generated on the computer that was accessed.\r\n\r\nThe subject fields indicate the account on the local system which requested the logon. This is most commonly a service such as the Server service, or a local process such as Winlogon.exe or Services.exe.\r\n\r\nThe logon type field indicates the kind of logon that occurred. The most common types are 2 (interactive) and 3 (network).\r\n\r\nThe New Logon fields indicate the account for whom the new logon was created, i.e. the account that was logged on.\r\n\r\nThe network fields indicate where a remote logon request originated. Workstation name is not always available and may be left blank in some cases.\r\n\r\nThe impersonation level field indicates the extent to which a process in the logon session can impersonate.\r\n\r\nThe authentication information fields provide detailed information about this specific logon request.\r\n\t- Logon GUID is a unique identifier that can be used to correlate this event with a KDC event.\r\n\t- Transited services indicate which intermediate services have participated in this logon request.\r\n\t- Package name indicates which sub-protocol was used among the NTLM protocols.\r\n\t- Key length indicates the length of the generated session key. This will be 0 if no session key was requested.\""
                        },
                        "eventdata": {
                            "subjectUserSid": "S-1-0-0",
                            "subjectLogonId": "0x0",
                            "targetUserSid": "S-1-5-21-4237099201-2470629605-866910986-500",
                            "targetUserName": "Administrator",
                            "targetDomainName": "CORP",
                            "targetLogonId": "0xebc46c",
                            "logonType": "3",
                            "logonProcessName": "NtLmSsp",
                            "authenticationPackageName": "NTLM",
                            "logonGuid": "{00000000-0000-0000-0000-000000000000}",
                            "lmPackageName": "NTLM V2",
                            "keyLength": "128",
                            "processId": "0x0",
                            "ipAddress": "192.168.56.30",
                            "ipPort": "42628",
                            "impersonationLevel": "%%1833",
                            "virtualAccount": "%%1843",
                            "targetLinkedLogonId": "0x0",
                            "elevatedToken": "%%1842"
                        }
                    }
                },
                "location": "EventChannel"
            }
        },
        {
            "timestamp": "2026-04-13 14:57:46",
            "rule_id": "60137",
            "rule_description": "Windows User Logoff.",
            "severity": 3,
            "agent": "DC01",
            "raw": {
                "timestamp": "2026-04-13T14:57:46.799+0530",
                "rule": {
                    "level": 3,
                    "description": "Windows User Logoff.",
                    "id": "60137",
                    "firedtimes": 34,
                    "mail": false,
                    "groups": [
                        "windows",
                        "windows_security"
                    ],
                    "gdpr": [
                        "IV_32.2"
                    ],
                    "hipaa": [
                        "164.312.b"
                    ],
                    "nist_800_53": [
                        "AC.7",
                        "AU.14"
                    ],
                    "pci_dss": [
                        "10.2.5"
                    ],
                    "tsc": [
                        "CC6.8",
                        "CC7.2",
                        "CC7.3"
                    ]
                },
                "agent": {
                    "id": "001",
                    "name": "DC01",
                    "ip": "192.168.56.10"
                },
                "manager": {
                    "name": "wazuh-server"
                },
                "id": "1776072466.10077727",
                "decoder": {
                    "name": "windows_eventchannel"
                },
                "data": {
                    "win": {
                        "system": {
                            "providerName": "Microsoft-Windows-Security-Auditing",
                            "providerGuid": "{54849625-5478-4994-a5ba-3e3b0328c30d}",
                            "eventID": "4634",
                            "version": "0",
                            "level": "0",
                            "task": "12545",
                            "opcode": "0",
                            "keywords": "0x8020000000000000",
                            "systemTime": "2026-04-13T09:27:45.1288722Z",
                            "eventRecordID": "319215",
                            "processID": "688",
                            "threadID": "1628",
                            "channel": "Security",
                            "computer": "DC01.corp.local",
                            "severityValue": "AUDIT_SUCCESS",
                            "message": "\"An account was logged off.\r\n\r\nSubject:\r\n\tSecurity ID:\t\tS-1-5-21-4237099201-2470629605-866910986-500\r\n\tAccount Name:\t\tAdministrator\r\n\tAccount Domain:\t\tCORP\r\n\tLogon ID:\t\t0xEBC46C\r\n\r\nLogon Type:\t\t\t3\r\n\r\nThis event is generated when a logon session is destroyed. It may be positively correlated with a logon event using the Logon ID value. Logon IDs are only unique between reboots on the same computer.\""
                        },
                        "eventdata": {
                            "targetUserSid": "S-1-5-21-4237099201-2470629605-866910986-500",
                            "targetUserName": "Administrator",
                            "targetDomainName": "CORP",
                            "targetLogonId": "0xebc46c",
                            "logonType": "3"
                        }
                    }
                },
                "location": "EventChannel"
            }
        },
