        {
            "timestamp": "2026-04-26 11:55:40",
            "rule_id": "60107",
            "rule_description": "Failed attempt to perform a privileged operation.",
            "severity": 4,
            "agent": "WIN10-CLIENT",
            "agent_ip": "192.168.56.20",
            "windows_event_id": "4673",
            "source_ip": null,
            "raw": {
                "timestamp": "2026-04-26T11:55:40.128+0530",
                "rule": {
                    "level": 4,
                    "description": "Failed attempt to perform a privileged operation.",
                    "id": "60107",
                    "mitre": {
                        "id": [
                            "T1078"
                        ],
                        "tactic": [
                            "Defense Evasion",
                            "Persistence",
                            "Privilege Escalation",
                            "Initial Access"
                        ],
                        "technique": [
                            "Valid Accounts"
                        ]
                    },
                    "firedtimes": 1147,
                    "mail": false,
                    "groups": [
                        "windows",
                        "windows_security"
                    ],
                    "gdpr": [
                        "IV_32.2"
                    ],
                    "hipaa": [
                        "164.312.b"
                    ],
                    "nist_800_53": [
                        "AC.6",
                        "AU.14"
                    ],
                    "pci_dss": [
                        "10.2.2"
                    ],
                    "tsc": [
                        "CC6.8",
                        "CC7.2",
                        "CC7.3"
                    ]
                },
                "agent": {
                    "id": "003",
                    "name": "WIN10-CLIENT",
                    "ip": "192.168.56.20"
                },
                "manager": {
                    "name": "wazuh-server"
                },
                "id": "1777184740.8680145",
                "decoder": {
                    "name": "windows_eventchannel"
                },
                "data": {
                    "win": {
                        "system": {
                            "providerName": "Microsoft-Windows-Security-Auditing",
                            "providerGuid": "{54849625-5478-4994-a5ba-3e3b0328c30d}",
                            "eventID": "4673",
                            "version": "0",
                            "level": "0",
                            "task": "13056",
                            "opcode": "0",
                            "keywords": "0x8010000000000000",
                            "systemTime": "2026-04-26T06:25:40.2315933Z",
                            "eventRecordID": "155748",
                            "processID": "4",
                            "threadID": "3592",
                            "channel": "Security",
                            "computer": "WIN10-CLIENT.corp.local",
                            "severityValue": "AUDIT_FAILURE",
                            "message": "\"A privileged service was called.\r\n\r\nSubject:\r\n\tSecurity ID:\t\tS-1-5-21-4237099201-2470629605-866910986-1103\r\n\tAccount Name:\t\tPranav\r\n\tAccount Domain:\t\tCORP\r\n\tLogon ID:\t\t0x7C489\r\n\r\nService:\r\n\tServer:\tSecurity\r\n\tService Name:\t-\r\n\r\nProcess:\r\n\tProcess ID:\t0x1ed0\r\n\tProcess Name:\tC:\\Program Files\\BraveSoftware\\Brave-Browser\\Application\\brave.exe\r\n\r\nService Request Information:\r\n\tPrivileges:\t\tSeProfileSingleProcessPrivilege\""
                        },
                        "eventdata": {
                            "subjectUserSid": "S-1-5-21-4237099201-2470629605-866910986-1103",
                            "subjectUserName": "Pranav",
                            "subjectDomainName": "CORP",
                            "subjectLogonId": "0x7c489",
                            "objectServer": "Security",
                            "privilegeList": "SeProfileSingleProcessPrivilege",
                            "processId": "0x1ed0",
                            "processName": "C:\\\\Program Files\\\\BraveSoftware\\\\Brave-Browser\\\\Application\\\\brave.exe"
                        }
                    }
                },
                "location": "EventChannel"
            }
        },
        {
            "timestamp": "2026-04-26 11:55:40",
            "rule_id": "60107",
            "rule_description": "Failed attempt to perform a privileged operation.",
            "severity": 4,
            "agent": "WIN10-CLIENT",
            "agent_ip": "192.168.56.20",
            "windows_event_id": "4673",
            "source_ip": null,
            "raw": {
                "timestamp": "2026-04-26T11:55:40.142+0530",
                "rule": {
                    "level": 4,
                    "description": "Failed attempt to perform a privileged operation.",
                    "id": "60107",
                    "mitre": {
                        "id": [
                            "T1078"
                        ],
                        "tactic": [
                            "Defense Evasion",
                            "Persistence",
                            "Privilege Escalation",
                            "Initial Access"
                        ],
                        "technique": [
                            "Valid Accounts"
                        ]
                    },
                    "firedtimes": 1148,
                    "mail": false,
                    "groups": [
                        "windows",
                        "windows_security"
                    ],
                    "gdpr": [
                        "IV_32.2"
                    ],
                    "hipaa": [
                        "164.312.b"
                    ],
                    "nist_800_53": [
                        "AC.6",
                        "AU.14"
                    ],
                    "pci_dss": [
                        "10.2.2"
                    ],
                    "tsc": [
                        "CC6.8",
                        "CC7.2",
                        "CC7.3"
                    ]
                },
                "agent": {
                    "id": "003",
                    "name": "WIN10-CLIENT",
                    "ip": "192.168.56.20"
                },
                "manager": {
                    "name": "wazuh-server"
                },
                "id": "1777184740.8683108",
                "decoder": {
                    "name": "windows_eventchannel"
                },
                "data": {
                    "win": {
                        "system": {
                            "providerName": "Microsoft-Windows-Security-Auditing",
                            "providerGuid": "{54849625-5478-4994-a5ba-3e3b0328c30d}",
                            "eventID": "4673",
                            "version": "0",
                            "level": "0",
                            "task": "13056",
                            "opcode": "0",
                            "keywords": "0x8010000000000000",
                            "systemTime": "2026-04-26T06:25:40.2315998Z",
                            "eventRecordID": "155749",
                            "processID": "4",
                            "threadID": "3592",
                            "channel": "Security",
                            "computer": "WIN10-CLIENT.corp.local",
                            "severityValue": "AUDIT_FAILURE",
                            "message": "\"A privileged service was called.\r\n\r\nSubject:\r\n\tSecurity ID:\t\tS-1-5-21-4237099201-2470629605-866910986-1103\r\n\tAccount Name:\t\tPranav\r\n\tAccount Domain:\t\tCORP\r\n\tLogon ID:\t\t0x7C489\r\n\r\nService:\r\n\tServer:\tSecurity\r\n\tService Name:\t-\r\n\r\nProcess:\r\n\tProcess ID:\t0x1ed0\r\n\tProcess Name:\tC:\\Program Files\\BraveSoftware\\Brave-Browser\\Application\\brave.exe\r\n\r\nService Request Information:\r\n\tPrivileges:\t\tSeProfileSingleProcessPrivilege\""
                        },
                        "eventdata": {
                            "subjectUserSid": "S-1-5-21-4237099201-2470629605-866910986-1103",
                            "subjectUserName": "Pranav",
                            "subjectDomainName": "CORP",
                            "subjectLogonId": "0x7c489",
                            "objectServer": "Security",
                            "privilegeList": "SeProfileSingleProcessPrivilege",
                            "processId": "0x1ed0",
                            "processName": "C:\\\\Program Files\\\\BraveSoftware\\\\Brave-Browser\\\\Application\\\\brave.exe"
                        }
                    }
                },
                "location": "EventChannel"
            }
        },
        {
            "timestamp": "2026-04-26 11:55:43",
            "rule_id": "60107",
            "rule_description": "Failed attempt to perform a privileged operation.",
            "severity": 4,
            "agent": "WIN10-CLIENT",
            "agent_ip": "192.168.56.20",
            "windows_event_id": "4673",
            "source_ip": null,
            "raw": {
                "timestamp": "2026-04-26T11:55:43.612+0530",
                "rule": {
                    "level": 4,
                    "description": "Failed attempt to perform a privileged operation.",
                    "id": "60107",
                    "mitre": {
                        "id": [
                            "T1078"
                        ],
                        "tactic": [
                            "Defense Evasion",
                            "Persistence",
                            "Privilege Escalation",
                            "Initial Access"
                        ],
                        "technique": [
                            "Valid Accounts"
                        ]
                    },
                    "firedtimes": 1149,
                    "mail": false,
                    "groups": [
                        "windows",
                        "windows_security"
                    ],
                    "gdpr": [
                        "IV_32.2"
                    ],
                    "hipaa": [
                        "164.312.b"
                    ],
                    "nist_800_53": [
                        "AC.6",
                        "AU.14"
                    ],
                    "pci_dss": [
                        "10.2.2"
                    ],
                    "tsc": [
                        "CC6.8",
                        "CC7.2",
                        "CC7.3"
                    ]
                },
                "agent": {
                    "id": "003",
                    "name": "WIN10-CLIENT",
                    "ip": "192.168.56.20"
                },
                "manager": {
                    "name": "wazuh-server"
                },
                "id": "1777184743.8686071",
                "decoder": {
                    "name": "windows_eventchannel"
                },
                "data": {
                    "win": {
                        "system": {
                            "providerName": "Microsoft-Windows-Security-Auditing",
                            "providerGuid": "{54849625-5478-4994-a5ba-3e3b0328c30d}",
                            "eventID": "4673",
                            "version": "0",
                            "level": "0",
                            "task": "13056",
                            "opcode": "0",
                            "keywords": "0x8010000000000000",
                            "systemTime": "2026-04-26T06:25:43.4551853Z",
                            "eventRecordID": "155750",
                            "processID": "4",
                            "threadID": "7468",
                            "channel": "Security",
                            "computer": "WIN10-CLIENT.corp.local",
                            "severityValue": "AUDIT_FAILURE",
                            "message": "\"A privileged service was called.\r\n\r\nSubject:\r\n\tSecurity ID:\t\tS-1-5-21-4237099201-2470629605-866910986-1103\r\n\tAccount Name:\t\tPranav\r\n\tAccount Domain:\t\tCORP\r\n\tLogon ID:\t\t0x7C489\r\n\r\nService:\r\n\tServer:\tSecurity\r\n\tService Name:\t-\r\n\r\nProcess:\r\n\tProcess ID:\t0x1d68\r\n\tProcess Name:\tC:\\Program Files\\BraveSoftware\\Brave-Browser\\Application\\brave.exe\r\n\r\nService Request Information:\r\n\tPrivileges:\t\tSeProfileSingleProcessPrivilege\""
                        },
                        "eventdata": {
                            "subjectUserSid": "S-1-5-21-4237099201-2470629605-866910986-1103",
                            "subjectUserName": "Pranav",
                            "subjectDomainName": "CORP",
                            "subjectLogonId": "0x7c489",
                            "objectServer": "Security",
                            "privilegeList": "SeProfileSingleProcessPrivilege",
                            "processId": "0x1d68",
                            "processName": "C:\\\\Program Files\\\\BraveSoftware\\\\Brave-Browser\\\\Application\\\\brave.exe"
                        }
                    }
                },
                "location": "EventChannel"
            }
        },
        {
            "timestamp": "2026-04-26 11:55:43",
            "rule_id": "60107",
            "rule_description": "Failed attempt to perform a privileged operation.",
            "severity": 4,
            "agent": "WIN10-CLIENT",
            "agent_ip": "192.168.56.20",
            "windows_event_id": "4673",
            "source_ip": null,
            "raw": {
                "timestamp": "2026-04-26T11:55:43.615+0530",
                "rule": {
                    "level": 4,
                    "description": "Failed attempt to perform a privileged operation.",
                    "id": "60107",
                    "mitre": {
                        "id": [
                            "T1078"
                        ],
                        "tactic": [
                            "Defense Evasion",
                            "Persistence",
                            "Privilege Escalation",
                            "Initial Access"
                        ],
                        "technique": [
                            "Valid Accounts"
                        ]
                    },
                    "firedtimes": 1150,
                    "mail": false,
                    "groups": [
                        "windows",
                        "windows_security"
                    ],
                    "gdpr": [
                        "IV_32.2"
                    ],
                    "hipaa": [
                        "164.312.b"
                    ],
                    "nist_800_53": [
                        "AC.6",
                        "AU.14"
                    ],
                    "pci_dss": [
                        "10.2.2"
                    ],
                    "tsc": [
                        "CC6.8",
                        "CC7.2",
                        "CC7.3"
                    ]
                },
                "agent": {
                    "id": "003",
                    "name": "WIN10-CLIENT",
                    "ip": "192.168.56.20"
                },
                "manager": {
                    "name": "wazuh-server"
                },
                "id": "1777184743.8689034",
                "decoder": {
                    "name": "windows_eventchannel"
                },
                "data": {
                    "win": {
                        "system": {
                            "providerName": "Microsoft-Windows-Security-Auditing",
                            "providerGuid": "{54849625-5478-4994-a5ba-3e3b0328c30d}",
                            "eventID": "4673",
                            "version": "0",
                            "level": "0",
                            "task": "13056",
                            "opcode": "0",
                            "keywords": "0x8010000000000000",
                            "systemTime": "2026-04-26T06:25:43.4552041Z",
                            "eventRecordID": "155751",
                            "processID": "4",
                            "threadID": "7468",
                            "channel": "Security",
                            "computer": "WIN10-CLIENT.corp.local",
                            "severityValue": "AUDIT_FAILURE",
                            "message": "\"A privileged service was called.\r\n\r\nSubject:\r\n\tSecurity ID:\t\tS-1-5-21-4237099201-2470629605-866910986-1103\r\n\tAccount Name:\t\tPranav\r\n\tAccount Domain:\t\tCORP\r\n\tLogon ID:\t\t0x7C489\r\n\r\nService:\r\n\tServer:\tSecurity\r\n\tService Name:\t-\r\n\r\nProcess:\r\n\tProcess ID:\t0x1d68\r\n\tProcess Name:\tC:\\Program Files\\BraveSoftware\\Brave-Browser\\Application\\brave.exe\r\n\r\nService Request Information:\r\n\tPrivileges:\t\tSeProfileSingleProcessPrivilege\""
                        },
                        "eventdata": {
                            "subjectUserSid": "S-1-5-21-4237099201-2470629605-866910986-1103",
                            "subjectUserName": "Pranav",
                            "subjectDomainName": "CORP",
                            "subjectLogonId": "0x7c489",
                            "objectServer": "Security",
                            "privilegeList": "SeProfileSingleProcessPrivilege",
                            "processId": "0x1d68",
                            "processName": "C:\\\\Program Files\\\\BraveSoftware\\\\Brave-Browser\\\\Application\\\\brave.exe"
                        }
                    }
                },
                "location": "EventChannel"
            }
        },
        {
            "timestamp": "2026-04-26 11:55:43",
            "rule_id": "60107",
            "rule_description": "Failed attempt to perform a privileged operation.",
            "severity": 4,
            "agent": "WIN10-CLIENT",
            "agent_ip": "192.168.56.20",
            "windows_event_id": "4673",
            "source_ip": null,
            "raw": {
                "timestamp": "2026-04-26T11:55:43.627+0530",
                "rule": {
                    "level": 4,
                    "description": "Failed attempt to perform a privileged operation.",
                    "id": "60107",
                    "mitre": {
                        "id": [
                            "T1078"
                        ],
                        "tactic": [
                            "Defense Evasion",
                            "Persistence",
                            "Privilege Escalation",
                            "Initial Access"
                        ],
                        "technique": [
                            "Valid Accounts"
                        ]
                    },
                    "firedtimes": 1151,
                    "mail": false,
                    "groups": [
                        "windows",
                        "windows_security"
                    ],
                    "gdpr": [
                        "IV_32.2"
                    ],
                    "hipaa": [
                        "164.312.b"
                    ],
                    "nist_800_53": [
                        "AC.6",
                        "AU.14"
                    ],
                    "pci_dss": [
                        "10.2.2"
                    ],
                    "tsc": [
                        "CC6.8",
                        "CC7.2",
                        "CC7.3"
                    ]
                },
                "agent": {
                    "id": "003",
                    "name": "WIN10-CLIENT",
                    "ip": "192.168.56.20"
                },
                "manager": {
                    "name": "wazuh-server"
                },
                "id": "1777184743.8691997",
                "decoder": {
                    "name": "windows_eventchannel"
                },
                "data": {
                    "win": {
                        "system": {
                            "providerName": "Microsoft-Windows-Security-Auditing",
                            "providerGuid": "{54849625-5478-4994-a5ba-3e3b0328c30d}",
                            "eventID": "4673",
                            "version": "0",
                            "level": "0",
                            "task": "13056",
                            "opcode": "0",
                            "keywords": "0x8010000000000000",
                            "systemTime": "2026-04-26T06:25:43.4552139Z",
                            "eventRecordID": "155752",
                            "processID": "4",
                            "threadID": "7468",
                            "channel": "Security",
                            "computer": "WIN10-CLIENT.corp.local",
                            "severityValue": "AUDIT_FAILURE",
                            "message": "\"A privileged service was called.\r\n\r\nSubject:\r\n\tSecurity ID:\t\tS-1-5-21-4237099201-2470629605-866910986-1103\r\n\tAccount Name:\t\tPranav\r\n\tAccount Domain:\t\tCORP\r\n\tLogon ID:\t\t0x7C489\r\n\r\nService:\r\n\tServer:\tSecurity\r\n\tService Name:\t-\r\n\r\nProcess:\r\n\tProcess ID:\t0x1d68\r\n\tProcess Name:\tC:\\Program Files\\BraveSoftware\\Brave-Browser\\Application\\brave.exe\r\n\r\nService Request Information:\r\n\tPrivileges:\t\tSeProfileSingleProcessPrivilege\""
                        },
                        "eventdata": {
                            "subjectUserSid": "S-1-5-21-4237099201-2470629605-866910986-1103",
                            "subjectUserName": "Pranav",
                            "subjectDomainName": "CORP",
                            "subjectLogonId": "0x7c489",
                            "objectServer": "Security",
                            "privilegeList": "SeProfileSingleProcessPrivilege",
                            "processId": "0x1d68",
                            "processName": "C:\\\\Program Files\\\\BraveSoftware\\\\Brave-Browser\\\\Application\\\\brave.exe"
                        }
                    }
                },
                "location": "EventChannel"
            }
        },
        {
            "timestamp": "2026-04-26 11:55:43",
            "rule_id": "60107",
            "rule_description": "Failed attempt to perform a privileged operation.",
            "severity": 4,
            "agent": "WIN10-CLIENT",
            "agent_ip": "192.168.56.20",
            "windows_event_id": "4673",
            "source_ip": null,
            "raw": {
                "timestamp": "2026-04-26T11:55:43.642+0530",
                "rule": {
                    "level": 4,
                    "description": "Failed attempt to perform a privileged operation.",
                    "id": "60107",
                    "mitre": {
                        "id": [
                            "T1078"
                        ],
                        "tactic": [
                            "Defense Evasion",
                            "Persistence",
                            "Privilege Escalation",
                            "Initial Access"
                        ],
                        "technique": [
                            "Valid Accounts"
                        ]
                    },
                    "firedtimes": 1152,
                    "mail": false,
                    "groups": [
                        "windows",
                        "windows_security"
                    ],
                    "gdpr": [
                        "IV_32.2"
                    ],
                    "hipaa": [
                        "164.312.b"
                    ],
                    "nist_800_53": [
                        "AC.6",
                        "AU.14"
                    ],
                    "pci_dss": [
                        "10.2.2"
                    ],
                    "tsc": [
                        "CC6.8",
                        "CC7.2",
                        "CC7.3"
                    ]
                },
                "agent": {
                    "id": "003",
                    "name": "WIN10-CLIENT",
                    "ip": "192.168.56.20"
                },
                "manager": {
                    "name": "wazuh-server"
                },
                "id": "1777184743.8694960",
                "decoder": {
                    "name": "windows_eventchannel"
                },
                "data": {
                    "win": {
                        "system": {
                            "providerName": "Microsoft-Windows-Security-Auditing",
                            "providerGuid": "{54849625-5478-4994-a5ba-3e3b0328c30d}",
                            "eventID": "4673",
                            "version": "0",
                            "level": "0",
                            "task": "13056",
                            "opcode": "0",
                            "keywords": "0x8010000000000000",
                            "systemTime": "2026-04-26T06:25:43.4552262Z",
                            "eventRecordID": "155753",
                            "processID": "4",
                            "threadID": "7468",
                            "channel": "Security",
                            "computer": "WIN10-CLIENT.corp.local",
                            "severityValue": "AUDIT_FAILURE",
                            "message": "\"A privileged service was called.\r\n\r\nSubject:\r\n\tSecurity ID:\t\tS-1-5-21-4237099201-2470629605-866910986-1103\r\n\tAccount Name:\t\tPranav\r\n\tAccount Domain:\t\tCORP\r\n\tLogon ID:\t\t0x7C489\r\n\r\nService:\r\n\tServer:\tSecurity\r\n\tService Name:\t-\r\n\r\nProcess:\r\n\tProcess ID:\t0x1d68\r\n\tProcess Name:\tC:\\Program Files\\BraveSoftware\\Brave-Browser\\Application\\brave.exe\r\n\r\nService Request Information:\r\n\tPrivileges:\t\tSeProfileSingleProcessPrivilege\""
                        },
                        "eventdata": {
                            "subjectUserSid": "S-1-5-21-4237099201-2470629605-866910986-1103",
                            "subjectUserName": "Pranav",
                            "subjectDomainName": "CORP",
                            "subjectLogonId": "0x7c489",
                            "objectServer": "Security",
                            "privilegeList": "SeProfileSingleProcessPrivilege",
                            "processId": "0x1d68",
                            "processName": "C:\\\\Program Files\\\\BraveSoftware\\\\Brave-Browser\\\\Application\\\\brave.exe"
                        }
                    }
                },
                "location": "EventChannel"
            }
        },
        {
            "timestamp": "2026-04-26 11:55:43",
            "rule_id": "60107",
            "rule_description": "Failed attempt to perform a privileged operation.",
            "severity": 4,
            "agent": "WIN10-CLIENT",
            "agent_ip": "192.168.56.20",
            "windows_event_id": "4673",
            "source_ip": null,
            "raw": {
                "timestamp": "2026-04-26T11:55:43.659+0530",
                "rule": {
                    "level": 4,
                    "description": "Failed attempt to perform a privileged operation.",
                    "id": "60107",
                    "mitre": {
                        "id": [
                            "T1078"
                        ],
                        "tactic": [
                            "Defense Evasion",
                            "Persistence",
                            "Privilege Escalation",
                            "Initial Access"
                        ],
                        "technique": [
                            "Valid Accounts"
                        ]
                    },
                    "firedtimes": 1153,
                    "mail": false,
                    "groups": [
                        "windows",
                        "windows_security"
                    ],
                    "gdpr": [
                        "IV_32.2"
                    ],
                    "hipaa": [
                        "164.312.b"
                    ],
                    "nist_800_53": [
                        "AC.6",
                        "AU.14"
                    ],
                    "pci_dss": [
                        "10.2.2"
                    ],
                    "tsc": [
                        "CC6.8",
                        "CC7.2",
                        "CC7.3"
                    ]
                },
                "agent": {
                    "id": "003",
                    "name": "WIN10-CLIENT",
                    "ip": "192.168.56.20"
                },
                "manager": {
                    "name": "wazuh-server"
                },
                "id": "1777184743.8697923",
                "decoder": {
                    "name": "windows_eventchannel"
                },
                "data": {
                    "win": {
                        "system": {
                            "providerName": "Microsoft-Windows-Security-Auditing",
                            "providerGuid": "{54849625-5478-4994-a5ba-3e3b0328c30d}",
                            "eventID": "4673",
                            "version": "0",
                            "level": "0",
                            "task": "13056",
                            "opcode": "0",
                            "keywords": "0x8010000000000000",
                            "systemTime": "2026-04-26T06:25:43.4552353Z",
                            "eventRecordID": "155754",
                            "processID": "4",
                            "threadID": "7468",
                            "channel": "Security",
                            "computer": "WIN10-CLIENT.corp.local",
                            "severityValue": "AUDIT_FAILURE",
                            "message": "\"A privileged service was called.\r\n\r\nSubject:\r\n\tSecurity ID:\t\tS-1-5-21-4237099201-2470629605-866910986-1103\r\n\tAccount Name:\t\tPranav\r\n\tAccount Domain:\t\tCORP\r\n\tLogon ID:\t\t0x7C489\r\n\r\nService:\r\n\tServer:\tSecurity\r\n\tService Name:\t-\r\n\r\nProcess:\r\n\tProcess ID:\t0x1d68\r\n\tProcess Name:\tC:\\Program Files\\BraveSoftware\\Brave-Browser\\Application\\brave.exe\r\n\r\nService Request Information:\r\n\tPrivileges:\t\tSeProfileSingleProcessPrivilege\""
                        },
                        "eventdata": {
                            "subjectUserSid": "S-1-5-21-4237099201-2470629605-866910986-1103",
                            "subjectUserName": "Pranav",
                            "subjectDomainName": "CORP",
                            "subjectLogonId": "0x7c489",
                            "objectServer": "Security",
                            "privilegeList": "SeProfileSingleProcessPrivilege",
                            "processId": "0x1d68",
                            "processName": "C:\\\\Program Files\\\\BraveSoftware\\\\Brave-Browser\\\\Application\\\\brave.exe"
                        }
                    }
                },
                "location": "EventChannel"
            }
        },
        {
            "timestamp": "2026-04-26 11:55:43",
            "rule_id": "60107",
            "rule_description": "Failed attempt to perform a privileged operation.",
            "severity": 4,
            "agent": "WIN10-CLIENT",
            "agent_ip": "192.168.56.20",
            "windows_event_id": "4673",
            "source_ip": null,
            "raw": {
                "timestamp": "2026-04-26T11:55:43.673+0530",
                "rule": {
                    "level": 4,
                    "description": "Failed attempt to perform a privileged operation.",
                    "id": "60107",
                    "mitre": {
                        "id": [
                            "T1078"
                        ],
                        "tactic": [
                            "Defense Evasion",
                            "Persistence",
                            "Privilege Escalation",
                            "Initial Access"
                        ],
                        "technique": [
                            "Valid Accounts"
                        ]
                    },
                    "firedtimes": 1154,
                    "mail": false,
                    "groups": [
                        "windows",
                        "windows_security"
                    ],
                    "gdpr": [
                        "IV_32.2"
                    ],
                    "hipaa": [
                        "164.312.b"
                    ],
                    "nist_800_53": [
                        "AC.6",
                        "AU.14"
                    ],
                    "pci_dss": [
                        "10.2.2"
                    ],
                    "tsc": [
                        "CC6.8",
                        "CC7.2",
                        "CC7.3"
                    ]
                },
                "agent": {
                    "id": "003",
                    "name": "WIN10-CLIENT",
                    "ip": "192.168.56.20"
                },
                "manager": {
                    "name": "wazuh-server"
                },
                "id": "1777184743.8700886",
                "decoder": {
                    "name": "windows_eventchannel"
                },
                "data": {
                    "win": {
                        "system": {
                            "providerName": "Microsoft-Windows-Security-Auditing",
                            "providerGuid": "{54849625-5478-4994-a5ba-3e3b0328c30d}",
                            "eventID": "4673",
                            "version": "0",
                            "level": "0",
                            "task": "13056",
                            "opcode": "0",
                            "keywords": "0x8010000000000000",
                            "systemTime": "2026-04-26T06:25:43.4552426Z",
                            "eventRecordID": "155755",
                            "processID": "4",
                            "threadID": "7468",
                            "channel": "Security",
                            "computer": "WIN10-CLIENT.corp.local",
                            "severityValue": "AUDIT_FAILURE",
                            "message": "\"A privileged service was called.\r\n\r\nSubject:\r\n\tSecurity ID:\t\tS-1-5-21-4237099201-2470629605-866910986-1103\r\n\tAccount Name:\t\tPranav\r\n\tAccount Domain:\t\tCORP\r\n\tLogon ID:\t\t0x7C489\r\n\r\nService:\r\n\tServer:\tSecurity\r\n\tService Name:\t-\r\n\r\nProcess:\r\n\tProcess ID:\t0x1d68\r\n\tProcess Name:\tC:\\Program Files\\BraveSoftware\\Brave-Browser\\Application\\brave.exe\r\n\r\nService Request Information:\r\n\tPrivileges:\t\tSeProfileSingleProcessPrivilege\""
                        },
                        "eventdata": {
                            "subjectUserSid": "S-1-5-21-4237099201-2470629605-866910986-1103",
                            "subjectUserName": "Pranav",
                            "subjectDomainName": "CORP",
                            "subjectLogonId": "0x7c489",
                            "objectServer": "Security",
                            "privilegeList": "SeProfileSingleProcessPrivilege",
                            "processId": "0x1d68",
                            "processName": "C:\\\\Program Files\\\\BraveSoftware\\\\Brave-Browser\\\\Application\\\\brave.exe"
                        }
                    }
                },
                "location": "EventChannel"
            }
        },
        {
            "timestamp": "2026-04-26 11:55:43",
            "rule_id": "60107",
            "rule_description": "Failed attempt to perform a privileged operation.",
            "severity": 4,
            "agent": "WIN10-CLIENT",
            "agent_ip": "192.168.56.20",
            "windows_event_id": "4673",
            "source_ip": null,
            "raw": {
                "timestamp": "2026-04-26T11:55:43.689+0530",
                "rule": {
                    "level": 4,
                    "description": "Failed attempt to perform a privileged operation.",
                    "id": "60107",
                    "mitre": {
                        "id": [
                            "T1078"
                        ],
                        "tactic": [
                            "Defense Evasion",
                            "Persistence",
                            "Privilege Escalation",
                            "Initial Access"
                        ],
                        "technique": [
                            "Valid Accounts"
                        ]
                    },
                    "firedtimes": 1155,
                    "mail": false,
                    "groups": [
                        "windows",
                        "windows_security"
                    ],
                    "gdpr": [
                        "IV_32.2"
                    ],
                    "hipaa": [
                        "164.312.b"
                    ],
                    "nist_800_53": [
                        "AC.6",
                        "AU.14"
                    ],
                    "pci_dss": [
                        "10.2.2"
                    ],
                    "tsc": [
                        "CC6.8",
                        "CC7.2",
                        "CC7.3"
                    ]
                },
                "agent": {
                    "id": "003",
                    "name": "WIN10-CLIENT",
                    "ip": "192.168.56.20"
                },
                "manager": {
                    "name": "wazuh-server"
                },
                "id": "1777184743.8703849",
                "decoder": {
                    "name": "windows_eventchannel"
                },
                "data": {
                    "win": {
                        "system": {
                            "providerName": "Microsoft-Windows-Security-Auditing",
                            "providerGuid": "{54849625-5478-4994-a5ba-3e3b0328c30d}",
                            "eventID": "4673",
                            "version": "0",
                            "level": "0",
                            "task": "13056",
                            "opcode": "0",
                            "keywords": "0x8010000000000000",
                            "systemTime": "2026-04-26T06:25:43.4552498Z",
                            "eventRecordID": "155756",
                            "processID": "4",
                            "threadID": "7468",
                            "channel": "Security",
                            "computer": "WIN10-CLIENT.corp.local",
                            "severityValue": "AUDIT_FAILURE",
                            "message": "\"A privileged service was called.\r\n\r\nSubject:\r\n\tSecurity ID:\t\tS-1-5-21-4237099201-2470629605-866910986-1103\r\n\tAccount Name:\t\tPranav\r\n\tAccount Domain:\t\tCORP\r\n\tLogon ID:\t\t0x7C489\r\n\r\nService:\r\n\tServer:\tSecurity\r\n\tService Name:\t-\r\n\r\nProcess:\r\n\tProcess ID:\t0x1d68\r\n\tProcess Name:\tC:\\Program Files\\BraveSoftware\\Brave-Browser\\Application\\brave.exe\r\n\r\nService Request Information:\r\n\tPrivileges:\t\tSeProfileSingleProcessPrivilege\""
                        },
                        "eventdata": {
                            "subjectUserSid": "S-1-5-21-4237099201-2470629605-866910986-1103",
                            "subjectUserName": "Pranav",
                            "subjectDomainName": "CORP",
                            "subjectLogonId": "0x7c489",
                            "objectServer": "Security",
                            "privilegeList": "SeProfileSingleProcessPrivilege",
                            "processId": "0x1d68",
                            "processName": "C:\\\\Program Files\\\\BraveSoftware\\\\Brave-Browser\\\\Application\\\\brave.exe"
                        }
                    }
                },
                "location": "EventChannel"
            }
        },
        {
            "timestamp": "2026-04-26 11:55:43",
            "rule_id": "60107",
            "rule_description": "Failed attempt to perform a privileged operation.",
            "severity": 4,
            "agent": "WIN10-CLIENT",
            "agent_ip": "192.168.56.20",
            "windows_event_id": "4673",
            "source_ip": null,
            "raw": {
                "timestamp": "2026-04-26T11:55:43.705+0530",
                "rule": {
                    "level": 4,
                    "description": "Failed attempt to perform a privileged operation.",
                    "id": "60107",
                    "mitre": {
                        "id": [
                            "T1078"
                        ],
                        "tactic": [
                            "Defense Evasion",
                            "Persistence",
                            "Privilege Escalation",
                            "Initial Access"
                        ],
                        "technique": [
                            "Valid Accounts"
                        ]
                    },
                    "firedtimes": 1156,
                    "mail": false,
                    "groups": [
                        "windows",
                        "windows_security"
                    ],
                    "gdpr": [
                        "IV_32.2"
                    ],
                    "hipaa": [
                        "164.312.b"
                    ],
                    "nist_800_53": [
                        "AC.6",
                        "AU.14"
                    ],
                    "pci_dss": [
                        "10.2.2"
                    ],
                    "tsc": [
                        "CC6.8",
                        "CC7.2",
                        "CC7.3"
                    ]
                },
                "agent": {
                    "id": "003",
                    "name": "WIN10-CLIENT",
                    "ip": "192.168.56.20"
                },
                "manager": {
                    "name": "wazuh-server"
                },
                "id": "1777184743.8706812",
                "decoder": {
                    "name": "windows_eventchannel"
                },
                "data": {
                    "win": {
                        "system": {
                            "providerName": "Microsoft-Windows-Security-Auditing",
                            "providerGuid": "{54849625-5478-4994-a5ba-3e3b0328c30d}",
                            "eventID": "4673",
                            "version": "0",
                            "level": "0",
                            "task": "13056",
                            "opcode": "0",
                            "keywords": "0x8010000000000000",
                            "systemTime": "2026-04-26T06:25:43.4552581Z",
                            "eventRecordID": "155757",
                            "processID": "4",
                            "threadID": "7468",
                            "channel": "Security",
                            "computer": "WIN10-CLIENT.corp.local",
                            "severityValue": "AUDIT_FAILURE",
                            "message": "\"A privileged service was called.\r\n\r\nSubject:\r\n\tSecurity ID:\t\tS-1-5-21-4237099201-2470629605-866910986-1103\r\n\tAccount Name:\t\tPranav\r\n\tAccount Domain:\t\tCORP\r\n\tLogon ID:\t\t0x7C489\r\n\r\nService:\r\n\tServer:\tSecurity\r\n\tService Name:\t-\r\n\r\nProcess:\r\n\tProcess ID:\t0x1d68\r\n\tProcess Name:\tC:\\Program Files\\BraveSoftware\\Brave-Browser\\Application\\brave.exe\r\n\r\nService Request Information:\r\n\tPrivileges:\t\tSeProfileSingleProcessPrivilege\""
                        },
                        "eventdata": {
                            "subjectUserSid": "S-1-5-21-4237099201-2470629605-866910986-1103",
                            "subjectUserName": "Pranav",
                            "subjectDomainName": "CORP",
                            "subjectLogonId": "0x7c489",
                            "objectServer": "Security",
                            "privilegeList": "SeProfileSingleProcessPrivilege",
                            "processId": "0x1d68",
                            "processName": "C:\\\\Program Files\\\\BraveSoftware\\\\Brave-Browser\\\\Application\\\\brave.exe"
                        }
                    }
                },
                "location": "EventChannel"
            }
        },
