        {
            "timestamp": "2026-04-13 10:13:47",
            "rule_id": "60104",
            "rule_description": "Windows audit failure event.",
            "severity": 5,
            "agent": "DC01",
            "raw": {
                "timestamp": "2026-04-13T10:13:47.515+0530",
                "rule": {
                    "level": 5,
                    "description": "Windows audit failure event.",
                    "id": "60104",
                    "firedtimes": 161,
                    "mail": false,
                    "groups": [
                        "windows",
                        "windows_security"
                    ],
                    "gdpr": [
                        "IV_35.7.d"
                    ],
                    "hipaa": [
                        "164.312.b"
                    ],
                    "nist_800_53": [
                        "AU.6"
                    ],
                    "pci_dss": [
                        "10.6.1"
                    ],
                    "tsc": [
                        "CC7.2",
                        "CC7.3"
                    ]
                },
                "agent": {
                    "id": "001",
                    "name": "DC01",
                    "ip": "192.168.56.10"
                },
                "manager": {
                    "name": "wazuh-server"
                },
                "id": "1776055427.5958005",
                "decoder": {
                    "name": "windows_eventchannel"
                },
                "data": {
                    "win": {
                        "system": {
                            "providerName": "Microsoft-Windows-Security-Auditing",
                            "providerGuid": "{54849625-5478-4994-a5ba-3e3b0328c30d}",
                            "eventID": "4674",
                            "version": "0",
                            "level": "0",
                            "task": "13056",
                            "opcode": "0",
                            "keywords": "0x8010000000000000",
                            "systemTime": "2026-04-13T04:43:46.1194896Z",
                            "eventRecordID": "309205",
                            "processID": "4",
                            "threadID": "120",
                            "channel": "Security",
                            "computer": "DC01.corp.local",
                            "severityValue": "AUDIT_FAILURE",
                            "message": "\"An operation was attempted on a privileged object.\r\n\r\nSubject:\r\n\tSecurity ID:\t\tS-1-5-19\r\n\tAccount Name:\t\tLOCAL SERVICE\r\n\tAccount Domain:\t\tNT AUTHORITY\r\n\tLogon ID:\t\t0x3E5\r\n\r\nObject:\r\n\tObject Server:\tLSA\r\n\tObject Type:\t-\r\n\tObject Name:\t-\r\n\tObject Handle:\t0x0\r\n\r\nProcess Information:\r\n\tProcess ID:\t0x2b0\r\n\tProcess Name:\tC:\\Windows\\System32\\lsass.exe\r\n\r\nRequested Operation:\r\n\tDesired Access:\t16777216\r\n\tPrivileges:\t\tSeSecurityPrivilege\""
                        },
                        "eventdata": {
                            "subjectUserSid": "S-1-5-19",
                            "subjectUserName": "LOCAL SERVICE",
                            "subjectDomainName": "NT AUTHORITY",
                            "subjectLogonId": "0x3e5",
                            "objectServer": "LSA",
                            "handleId": "0x0",
                            "accessMask": "16777216",
                            "privilegeList": "SeSecurityPrivilege",
                            "processId": "0x2b0",
                            "processName": "C:\\\\Windows\\\\System32\\\\lsass.exe"
                        }
                    }
                },
                "location": "EventChannel"
            }
        },
        {
            "timestamp": "2026-04-13 10:13:47",
            "rule_id": "60104",
            "rule_description": "Windows audit failure event.",
            "severity": 5,
            "agent": "DC01",
            "raw": {
                "timestamp": "2026-04-13T10:13:47.530+0530",
                "rule": {
                    "level": 5,
                    "description": "Windows audit failure event.",
                    "id": "60104",
                    "firedtimes": 162,
                    "mail": false,
                    "groups": [
                        "windows",
                        "windows_security"
                    ],
                    "gdpr": [
                        "IV_35.7.d"
                    ],
                    "hipaa": [
                        "164.312.b"
                    ],
                    "nist_800_53": [
                        "AU.6"
                    ],
                    "pci_dss": [
                        "10.6.1"
                    ],
                    "tsc": [
                        "CC7.2",
                        "CC7.3"
                    ]
                },
                "agent": {
                    "id": "001",
                    "name": "DC01",
                    "ip": "192.168.56.10"
                },
                "manager": {
                    "name": "wazuh-server"
                },
                "id": "1776055427.5960869",
                "decoder": {
                    "name": "windows_eventchannel"
                },
                "data": {
                    "win": {
                        "system": {
                            "providerName": "Microsoft-Windows-Security-Auditing",
                            "providerGuid": "{54849625-5478-4994-a5ba-3e3b0328c30d}",
                            "eventID": "4674",
                            "version": "0",
                            "level": "0",
                            "task": "13056",
                            "opcode": "0",
                            "keywords": "0x8010000000000000",
                            "systemTime": "2026-04-13T04:43:46.1198308Z",
                            "eventRecordID": "309206",
                            "processID": "4",
                            "threadID": "3436",
                            "channel": "Security",
                            "computer": "DC01.corp.local",
                            "severityValue": "AUDIT_FAILURE",
                            "message": "\"An operation was attempted on a privileged object.\r\n\r\nSubject:\r\n\tSecurity ID:\t\tS-1-5-19\r\n\tAccount Name:\t\tLOCAL SERVICE\r\n\tAccount Domain:\t\tNT AUTHORITY\r\n\tLogon ID:\t\t0x3E5\r\n\r\nObject:\r\n\tObject Server:\tLSA\r\n\tObject Type:\t-\r\n\tObject Name:\t-\r\n\tObject Handle:\t0x0\r\n\r\nProcess Information:\r\n\tProcess ID:\t0x2b0\r\n\tProcess Name:\tC:\\Windows\\System32\\lsass.exe\r\n\r\nRequested Operation:\r\n\tDesired Access:\t16777216\r\n\tPrivileges:\t\tSeSecurityPrivilege\""
                        },
                        "eventdata": {
                            "subjectUserSid": "S-1-5-19",
                            "subjectUserName": "LOCAL SERVICE",
                            "subjectDomainName": "NT AUTHORITY",
                            "subjectLogonId": "0x3e5",
                            "objectServer": "LSA",
                            "handleId": "0x0",
                            "accessMask": "16777216",
                            "privilegeList": "SeSecurityPrivilege",
                            "processId": "0x2b0",
                            "processName": "C:\\\\Windows\\\\System32\\\\lsass.exe"
                        }
                    }
                },
                "location": "EventChannel"
            }
        },
        {
            "timestamp": "2026-04-13 10:13:57",
            "rule_id": "60106",
            "rule_description": "Windows logon success.",
            "severity": 3,
            "agent": "DC01",
            "raw": {
                "timestamp": "2026-04-13T10:13:57.304+0530",
                "rule": {
                    "level": 3,
                    "description": "Windows logon success.",
                    "id": "60106",
                    "mitre": {
                        "id": [
                            "T1078"
                        ],
                        "tactic": [
                            "Defense Evasion",
                            "Persistence",
                            "Privilege Escalation",
                            "Initial Access"
                        ],
                        "technique": [
                            "Valid Accounts"
                        ]
                    },
                    "firedtimes": 53,
                    "mail": false,
                    "groups": [
                        "windows",
                        "windows_security",
                        "authentication_success"
                    ],
                    "gdpr": [
                        "IV_32.2"
                    ],
                    "gpg13": [
                        "7.1",
                        "7.2"
                    ],
                    "hipaa": [
                        "164.312.b"
                    ],
                    "nist_800_53": [
                        "AC.7",
                        "AU.14"
                    ],
                    "pci_dss": [
                        "10.2.5"
                    ],
                    "tsc": [
                        "CC6.8",
                        "CC7.2",
                        "CC7.3"
                    ]
                },
                "agent": {
                    "id": "001",
                    "name": "DC01",
                    "ip": "192.168.56.10"
                },
                "manager": {
                    "name": "wazuh-server"
                },
                "id": "1776055437.5963735",
                "decoder": {
                    "name": "windows_eventchannel"
                },
                "data": {
                    "win": {
                        "system": {
                            "providerName": "Microsoft-Windows-Security-Auditing",
                            "providerGuid": "{54849625-5478-4994-a5ba-3e3b0328c30d}",
                            "eventID": "4624",
                            "version": "2",
                            "level": "0",
                            "task": "12544",
                            "opcode": "0",
                            "keywords": "0x8020000000000000",
                            "systemTime": "2026-04-13T04:43:56.1731943Z",
                            "eventRecordID": "309208",
                            "processID": "688",
                            "threadID": "1124",
                            "channel": "Security",
                            "computer": "DC01.corp.local",
                            "severityValue": "AUDIT_SUCCESS",
                            "message": "\"An account was successfully logged on.\r\n\r\nSubject:\r\n\tSecurity ID:\t\tS-1-0-0\r\n\tAccount Name:\t\t-\r\n\tAccount Domain:\t\t-\r\n\tLogon ID:\t\t0x0\r\n\r\nLogon Information:\r\n\tLogon Type:\t\t3\r\n\tRestricted Admin Mode:\t-\r\n\tVirtual Account:\t\tNo\r\n\tElevated Token:\t\tYes\r\n\r\nImpersonation Level:\t\tImpersonation\r\n\r\nNew Logon:\r\n\tSecurity ID:\t\tS-1-5-18\r\n\tAccount Name:\t\tDC01$\r\n\tAccount Domain:\t\tCORP.LOCAL\r\n\tLogon ID:\t\t0x458EF8\r\n\tLinked Logon ID:\t\t0x0\r\n\tNetwork Account Name:\t-\r\n\tNetwork Account Domain:\t-\r\n\tLogon GUID:\t\t{1b730cc5-6f95-2924-1902-fa8ba313d21c}\r\n\r\nProcess Information:\r\n\tProcess ID:\t\t0x0\r\n\tProcess Name:\t\t-\r\n\r\nNetwork Information:\r\n\tWorkstation Name:\t-\r\n\tSource Network Address:\tfe80::ed4f:9913:1ec0:1ea9\r\n\tSource Port:\t\t52002\r\n\r\nDetailed Authentication Information:\r\n\tLogon Process:\t\tKerberos\r\n\tAuthentication Package:\tKerberos\r\n\tTransited Services:\t-\r\n\tPackage Name (NTLM only):\t-\r\n\tKey Length:\t\t0\r\n\r\nThis event is generated when a logon session is created. It is generated on the computer that was accessed.\r\n\r\nThe subject fields indicate the account on the local system which requested the logon. This is most commonly a service such as the Server service, or a local process such as Winlogon.exe or Services.exe.\r\n\r\nThe logon type field indicates the kind of logon that occurred. The most common types are 2 (interactive) and 3 (network).\r\n\r\nThe New Logon fields indicate the account for whom the new logon was created, i.e. the account that was logged on.\r\n\r\nThe network fields indicate where a remote logon request originated. Workstation name is not always available and may be left blank in some cases.\r\n\r\nThe impersonation level field indicates the extent to which a process in the logon session can impersonate.\r\n\r\nThe authentication information fields provide detailed information about this specific logon request.\r\n\t- Logon GUID is a unique identifier that can be used to correlate this event with a KDC event.\r\n\t- Transited services indicate which intermediate services have participated in this logon request.\r\n\t- Package name indicates which sub-protocol was used among the NTLM protocols.\r\n\t- Key length indicates the length of the generated session key. This will be 0 if no session key was requested.\""
                        },
                        "eventdata": {
                            "subjectUserSid": "S-1-0-0",
                            "subjectLogonId": "0x0",
                            "targetUserSid": "S-1-5-18",
                            "targetUserName": "DC01$",
                            "targetDomainName": "CORP.LOCAL",
                            "targetLogonId": "0x458ef8",
                            "logonType": "3",
                            "logonProcessName": "Kerberos",
                            "authenticationPackageName": "Kerberos",
                            "logonGuid": "{1b730cc5-6f95-2924-1902-fa8ba313d21c}",
                            "keyLength": "0",
                            "processId": "0x0",
                            "ipAddress": "fe80::ed4f:9913:1ec0:1ea9",
                            "ipPort": "52002",
                            "impersonationLevel": "%%1833",
                            "virtualAccount": "%%1843",
                            "targetLinkedLogonId": "0x0",
                            "elevatedToken": "%%1842"
                        }
                    }
                },
                "location": "EventChannel"
            }
        },
        {
            "timestamp": "2026-04-13 10:13:57",
            "rule_id": "60137",
            "rule_description": "Windows User Logoff.",
            "severity": 3,
            "agent": "DC01",
            "raw": {
                "timestamp": "2026-04-13T10:13:57.346+0530",
                "rule": {
                    "level": 3,
                    "description": "Windows User Logoff.",
                    "id": "60137",
                    "firedtimes": 46,
                    "mail": false,
                    "groups": [
                        "windows",
                        "windows_security"
                    ],
                    "gdpr": [
                        "IV_32.2"
                    ],
                    "hipaa": [
                        "164.312.b"
                    ],
                    "nist_800_53": [
                        "AC.7",
                        "AU.14"
                    ],
                    "pci_dss": [
                        "10.2.5"
                    ],
                    "tsc": [
                        "CC6.8",
                        "CC7.2",
                        "CC7.3"
                    ]
                },
                "agent": {
                    "id": "001",
                    "name": "DC01",
                    "ip": "192.168.56.10"
                },
                "manager": {
                    "name": "wazuh-server"
                },
                "id": "1776055437.5970830",
                "decoder": {
                    "name": "windows_eventchannel"
                },
                "data": {
                    "win": {
                        "system": {
                            "providerName": "Microsoft-Windows-Security-Auditing",
                            "providerGuid": "{54849625-5478-4994-a5ba-3e3b0328c30d}",
                            "eventID": "4634",
                            "version": "0",
                            "level": "0",
                            "task": "12545",
                            "opcode": "0",
                            "keywords": "0x8020000000000000",
                            "systemTime": "2026-04-13T04:43:56.1786975Z",
                            "eventRecordID": "309210",
                            "processID": "688",
                            "threadID": "2952",
                            "channel": "Security",
                            "computer": "DC01.corp.local",
                            "severityValue": "AUDIT_SUCCESS",
                            "message": "\"An account was logged off.\r\n\r\nSubject:\r\n\tSecurity ID:\t\tS-1-5-18\r\n\tAccount Name:\t\tDC01$\r\n\tAccount Domain:\t\tCORP\r\n\tLogon ID:\t\t0x458EF8\r\n\r\nLogon Type:\t\t\t3\r\n\r\nThis event is generated when a logon session is destroyed. It may be positively correlated with a logon event using the Logon ID value. Logon IDs are only unique between reboots on the same computer.\""
                        },
                        "eventdata": {
                            "targetUserSid": "S-1-5-18",
                            "targetUserName": "DC01$",
                            "targetDomainName": "CORP",
                            "targetLogonId": "0x458ef8",
                            "logonType": "3"
                        }
                    }
                },
                "location": "EventChannel"
            }
        },
        {
            "timestamp": "2026-04-13 10:13:57",
            "rule_id": "60106",
            "rule_description": "Windows logon success.",
            "severity": 3,
            "agent": "DC01",
            "raw": {
                "timestamp": "2026-04-13T10:13:57.360+0530",
                "rule": {
                    "level": 3,
                    "description": "Windows logon success.",
                    "id": "60106",
                    "mitre": {
                        "id": [
                            "T1078"
                        ],
                        "tactic": [
                            "Defense Evasion",
                            "Persistence",
                            "Privilege Escalation",
                            "Initial Access"
                        ],
                        "technique": [
                            "Valid Accounts"
                        ]
                    },
                    "firedtimes": 54,
                    "mail": false,
                    "groups": [
                        "windows",
                        "windows_security",
                        "authentication_success"
                    ],
                    "gdpr": [
                        "IV_32.2"
                    ],
                    "gpg13": [
                        "7.1",
                        "7.2"
                    ],
                    "hipaa": [
                        "164.312.b"
                    ],
                    "nist_800_53": [
                        "AC.7",
                        "AU.14"
                    ],
                    "pci_dss": [
                        "10.2.5"
                    ],
                    "tsc": [
                        "CC6.8",
                        "CC7.2",
                        "CC7.3"
                    ]
                },
                "agent": {
                    "id": "001",
                    "name": "DC01",
                    "ip": "192.168.56.10"
                },
                "manager": {
                    "name": "wazuh-server"
                },
                "id": "1776055437.5973124",
                "decoder": {
                    "name": "windows_eventchannel"
                },
                "data": {
                    "win": {
                        "system": {
                            "providerName": "Microsoft-Windows-Security-Auditing",
                            "providerGuid": "{54849625-5478-4994-a5ba-3e3b0328c30d}",
                            "eventID": "4624",
                            "version": "2",
                            "level": "0",
                            "task": "12544",
                            "opcode": "0",
                            "keywords": "0x8020000000000000",
                            "systemTime": "2026-04-13T04:43:56.1811060Z",
                            "eventRecordID": "309212",
                            "processID": "688",
                            "threadID": "1124",
                            "channel": "Security",
                            "computer": "DC01.corp.local",
                            "severityValue": "AUDIT_SUCCESS",
                            "message": "\"An account was successfully logged on.\r\n\r\nSubject:\r\n\tSecurity ID:\t\tS-1-0-0\r\n\tAccount Name:\t\t-\r\n\tAccount Domain:\t\t-\r\n\tLogon ID:\t\t0x0\r\n\r\nLogon Information:\r\n\tLogon Type:\t\t3\r\n\tRestricted Admin Mode:\t-\r\n\tVirtual Account:\t\tNo\r\n\tElevated Token:\t\tYes\r\n\r\nImpersonation Level:\t\tImpersonation\r\n\r\nNew Logon:\r\n\tSecurity ID:\t\tS-1-5-18\r\n\tAccount Name:\t\tDC01$\r\n\tAccount Domain:\t\tCORP.LOCAL\r\n\tLogon ID:\t\t0x458F78\r\n\tLinked Logon ID:\t\t0x0\r\n\tNetwork Account Name:\t-\r\n\tNetwork Account Domain:\t-\r\n\tLogon GUID:\t\t{1b730cc5-6f95-2924-1902-fa8ba313d21c}\r\n\r\nProcess Information:\r\n\tProcess ID:\t\t0x0\r\n\tProcess Name:\t\t-\r\n\r\nNetwork Information:\r\n\tWorkstation Name:\t-\r\n\tSource Network Address:\tfe80::ed4f:9913:1ec0:1ea9\r\n\tSource Port:\t\t52003\r\n\r\nDetailed Authentication Information:\r\n\tLogon Process:\t\tKerberos\r\n\tAuthentication Package:\tKerberos\r\n\tTransited Services:\t-\r\n\tPackage Name (NTLM only):\t-\r\n\tKey Length:\t\t0\r\n\r\nThis event is generated when a logon session is created. It is generated on the computer that was accessed.\r\n\r\nThe subject fields indicate the account on the local system which requested the logon. This is most commonly a service such as the Server service, or a local process such as Winlogon.exe or Services.exe.\r\n\r\nThe logon type field indicates the kind of logon that occurred. The most common types are 2 (interactive) and 3 (network).\r\n\r\nThe New Logon fields indicate the account for whom the new logon was created, i.e. the account that was logged on.\r\n\r\nThe network fields indicate where a remote logon request originated. Workstation name is not always available and may be left blank in some cases.\r\n\r\nThe impersonation level field indicates the extent to which a process in the logon session can impersonate.\r\n\r\nThe authentication information fields provide detailed information about this specific logon request.\r\n\t- Logon GUID is a unique identifier that can be used to correlate this event with a KDC event.\r\n\t- Transited services indicate which intermediate services have participated in this logon request.\r\n\t- Package name indicates which sub-protocol was used among the NTLM protocols.\r\n\t- Key length indicates the length of the generated session key. This will be 0 if no session key was requested.\""
                        },
                        "eventdata": {
                            "subjectUserSid": "S-1-0-0",
                            "subjectLogonId": "0x0",
                            "targetUserSid": "S-1-5-18",
                            "targetUserName": "DC01$",
                            "targetDomainName": "CORP.LOCAL",
                            "targetLogonId": "0x458f78",
                            "logonType": "3",
                            "logonProcessName": "Kerberos",
                            "authenticationPackageName": "Kerberos",
                            "logonGuid": "{1b730cc5-6f95-2924-1902-fa8ba313d21c}",
                            "keyLength": "0",
                            "processId": "0x0",
                            "ipAddress": "fe80::ed4f:9913:1ec0:1ea9",
                            "ipPort": "52003",
                            "impersonationLevel": "%%1833",
                            "virtualAccount": "%%1843",
                            "targetLinkedLogonId": "0x0",
                            "elevatedToken": "%%1842"
                        }
                    }
                },
                "location": "EventChannel"
            }
        },
        {
            "timestamp": "2026-04-13 10:13:57",
            "rule_id": "60137",
            "rule_description": "Windows User Logoff.",
            "severity": 3,
            "agent": "DC01",
            "raw": {
                "timestamp": "2026-04-13T10:13:57.423+0530",
                "rule": {
                    "level": 3,
                    "description": "Windows User Logoff.",
                    "id": "60137",
                    "firedtimes": 47,
                    "mail": false,
                    "groups": [
                        "windows",
                        "windows_security"
                    ],
                    "gdpr": [
                        "IV_32.2"
                    ],
                    "hipaa": [
                        "164.312.b"
                    ],
                    "nist_800_53": [
                        "AC.7",
                        "AU.14"
                    ],
                    "pci_dss": [
                        "10.2.5"
                    ],
                    "tsc": [
                        "CC6.8",
                        "CC7.2",
                        "CC7.3"
                    ]
                },
                "agent": {
                    "id": "001",
                    "name": "DC01",
                    "ip": "192.168.56.10"
                },
                "manager": {
                    "name": "wazuh-server"
                },
                "id": "1776055437.5980219",
                "decoder": {
                    "name": "windows_eventchannel"
                },
                "data": {
                    "win": {
                        "system": {
                            "providerName": "Microsoft-Windows-Security-Auditing",
                            "providerGuid": "{54849625-5478-4994-a5ba-3e3b0328c30d}",
                            "eventID": "4634",
                            "version": "0",
                            "level": "0",
                            "task": "12545",
                            "opcode": "0",
                            "keywords": "0x8020000000000000",
                            "systemTime": "2026-04-13T04:43:56.1875468Z",
                            "eventRecordID": "309214",
                            "processID": "688",
                            "threadID": "2080",
                            "channel": "Security",
                            "computer": "DC01.corp.local",
                            "severityValue": "AUDIT_SUCCESS",
                            "message": "\"An account was logged off.\r\n\r\nSubject:\r\n\tSecurity ID:\t\tS-1-5-18\r\n\tAccount Name:\t\tDC01$\r\n\tAccount Domain:\t\tCORP\r\n\tLogon ID:\t\t0x458F78\r\n\r\nLogon Type:\t\t\t3\r\n\r\nThis event is generated when a logon session is destroyed. It may be positively correlated with a logon event using the Logon ID value. Logon IDs are only unique between reboots on the same computer.\""
                        },
                        "eventdata": {
                            "targetUserSid": "S-1-5-18",
                            "targetUserName": "DC01$",
                            "targetDomainName": "CORP",
                            "targetLogonId": "0x458f78",
                            "logonType": "3"
                        }
                    }
                },
                "location": "EventChannel"
            }
        },
        {
            "timestamp": "2026-04-13 10:13:57",
            "rule_id": "60137",
            "rule_description": "Windows User Logoff.",
            "severity": 3,
            "agent": "DC01",
            "raw": {
                "timestamp": "2026-04-13T10:13:57.424+0530",
                "rule": {
                    "level": 3,
                    "description": "Windows User Logoff.",
                    "id": "60137",
                    "firedtimes": 48,
                    "mail": false,
                    "groups": [
                        "windows",
                        "windows_security"
                    ],
                    "gdpr": [
                        "IV_32.2"
                    ],
                    "hipaa": [
                        "164.312.b"
                    ],
                    "nist_800_53": [
                        "AC.7",
                        "AU.14"
                    ],
                    "pci_dss": [
                        "10.2.5"
                    ],
                    "tsc": [
                        "CC6.8",
                        "CC7.2",
                        "CC7.3"
                    ]
                },
                "agent": {
                    "id": "001",
                    "name": "DC01",
                    "ip": "192.168.56.10"
                },
                "manager": {
                    "name": "wazuh-server"
                },
                "id": "1776055437.5982513",
                "decoder": {
                    "name": "windows_eventchannel"
                },
                "data": {
                    "win": {
                        "system": {
                            "providerName": "Microsoft-Windows-Security-Auditing",
                            "providerGuid": "{54849625-5478-4994-a5ba-3e3b0328c30d}",
                            "eventID": "4634",
                            "version": "0",
                            "level": "0",
                            "task": "12545",
                            "opcode": "0",
                            "keywords": "0x8020000000000000",
                            "systemTime": "2026-04-13T04:43:56.8114072Z",
                            "eventRecordID": "309215",
                            "processID": "688",
                            "threadID": "2952",
                            "channel": "Security",
                            "computer": "DC01.corp.local",
                            "severityValue": "AUDIT_SUCCESS",
                            "message": "\"An account was logged off.\r\n\r\nSubject:\r\n\tSecurity ID:\t\tS-1-5-18\r\n\tAccount Name:\t\tDC01$\r\n\tAccount Domain:\t\tCORP\r\n\tLogon ID:\t\t0x4588A6\r\n\r\nLogon Type:\t\t\t3\r\n\r\nThis event is generated when a logon session is destroyed. It may be positively correlated with a logon event using the Logon ID value. Logon IDs are only unique between reboots on the same computer.\""
                        },
                        "eventdata": {
                            "targetUserSid": "S-1-5-18",
                            "targetUserName": "DC01$",
                            "targetDomainName": "CORP",
                            "targetLogonId": "0x4588a6",
                            "logonType": "3"
                        }
                    }
                },
                "location": "EventChannel"
            }
        },
        {
            "timestamp": "2026-04-13 10:14:31",
            "rule_id": "60107",
            "rule_description": "Failed attempt to perform a privileged operation.",
            "severity": 4,
            "agent": "DC01",
            "raw": {
                "timestamp": "2026-04-13T10:14:31.037+0530",
                "rule": {
                    "level": 4,
                    "description": "Failed attempt to perform a privileged operation.",
                    "id": "60107",
                    "mitre": {
                        "id": [
                            "T1078"
                        ],
                        "tactic": [
                            "Defense Evasion",
                            "Persistence",
                            "Privilege Escalation",
                            "Initial Access"
                        ],
                        "technique": [
                            "Valid Accounts"
                        ]
                    },
                    "firedtimes": 6,
                    "mail": false,
                    "groups": [
                        "windows",
                        "windows_security"
                    ],
                    "gdpr": [
                        "IV_32.2"
                    ],
                    "hipaa": [
                        "164.312.b"
                    ],
                    "nist_800_53": [
                        "AC.6",
                        "AU.14"
                    ],
                    "pci_dss": [
                        "10.2.2"
                    ],
                    "tsc": [
                        "CC6.8",
                        "CC7.2",
                        "CC7.3"
                    ]
                },
                "agent": {
                    "id": "001",
                    "name": "DC01",
                    "ip": "192.168.56.10"
                },
                "manager": {
                    "name": "wazuh-server"
                },
                "id": "1776055471.5984807",
                "decoder": {
                    "name": "windows_eventchannel"
                },
                "data": {
                    "win": {
                        "system": {
                            "providerName": "Microsoft-Windows-Security-Auditing",
                            "providerGuid": "{54849625-5478-4994-a5ba-3e3b0328c30d}",
                            "eventID": "4673",
                            "version": "0",
                            "level": "0",
                            "task": "13056",
                            "opcode": "0",
                            "keywords": "0x8010000000000000",
                            "systemTime": "2026-04-13T04:44:29.9666151Z",
                            "eventRecordID": "309218",
                            "processID": "4",
                            "threadID": "120",
                            "channel": "Security",
                            "computer": "DC01.corp.local",
                            "severityValue": "AUDIT_FAILURE",
                            "message": "\"A privileged service was called.\r\n\r\nSubject:\r\n\tSecurity ID:\t\tS-1-5-19\r\n\tAccount Name:\t\tLOCAL SERVICE\r\n\tAccount Domain:\t\tNT AUTHORITY\r\n\tLogon ID:\t\t0x3E5\r\n\r\nService:\r\n\tServer:\tSecurity\r\n\tService Name:\t-\r\n\r\nProcess:\r\n\tProcess ID:\t0x1140\r\n\tProcess Name:\tC:\\Windows\\System32\\wbem\\WmiPrvSE.exe\r\n\r\nService Request Information:\r\n\tPrivileges:\t\tSeProfileSingleProcessPrivilege\""
                        },
                        "eventdata": {
                            "subjectUserSid": "S-1-5-19",
                            "subjectUserName": "LOCAL SERVICE",
                            "subjectDomainName": "NT AUTHORITY",
                            "subjectLogonId": "0x3e5",
                            "objectServer": "Security",
                            "privilegeList": "SeProfileSingleProcessPrivilege",
                            "processId": "0x1140",
                            "processName": "C:\\\\Windows\\\\System32\\\\wbem\\\\WmiPrvSE.exe"
                        }
                    }
                },
                "location": "EventChannel"
            }
        },
        {
            "timestamp": "2026-04-13 10:14:31",
            "rule_id": "60106",
            "rule_description": "Windows logon success.",
            "severity": 3,
            "agent": "DC01",
            "raw": {
                "timestamp": "2026-04-13T10:14:31.038+0530",
                "rule": {
                    "level": 3,
                    "description": "Windows logon success.",
                    "id": "60106",
                    "mitre": {
                        "id": [
                            "T1078"
                        ],
                        "tactic": [
                            "Defense Evasion",
                            "Persistence",
                            "Privilege Escalation",
                            "Initial Access"
                        ],
                        "technique": [
                            "Valid Accounts"
                        ]
                    },
                    "firedtimes": 55,
                    "mail": false,
                    "groups": [
                        "windows",
                        "windows_security",
                        "authentication_success"
                    ],
                    "gdpr": [
                        "IV_32.2"
                    ],
                    "gpg13": [
                        "7.1",
                        "7.2"
                    ],
                    "hipaa": [
                        "164.312.b"
                    ],
                    "nist_800_53": [
                        "AC.7",
                        "AU.14"
                    ],
                    "pci_dss": [
                        "10.2.5"
                    ],
                    "tsc": [
                        "CC6.8",
                        "CC7.2",
                        "CC7.3"
                    ]
                },
                "agent": {
                    "id": "001",
                    "name": "DC01",
                    "ip": "192.168.56.10"
                },
                "manager": {
                    "name": "wazuh-server"
                },
                "id": "1776055471.5987527",
                "decoder": {
                    "name": "windows_eventchannel"
                },
                "data": {
                    "win": {
                        "system": {
                            "providerName": "Microsoft-Windows-Security-Auditing",
                            "providerGuid": "{54849625-5478-4994-a5ba-3e3b0328c30d}",
                            "eventID": "4624",
                            "version": "2",
                            "level": "0",
                            "task": "12544",
                            "opcode": "0",
                            "keywords": "0x8020000000000000",
                            "systemTime": "2026-04-13T04:44:30.0464070Z",
                            "eventRecordID": "309219",
                            "processID": "688",
                            "threadID": "2080",
                            "channel": "Security",
                            "computer": "DC01.corp.local",
                            "severityValue": "AUDIT_SUCCESS",
                            "message": "\"An account was successfully logged on.\r\n\r\nSubject:\r\n\tSecurity ID:\t\tS-1-5-18\r\n\tAccount Name:\t\tDC01$\r\n\tAccount Domain:\t\tCORP\r\n\tLogon ID:\t\t0x3E7\r\n\r\nLogon Information:\r\n\tLogon Type:\t\t5\r\n\tRestricted Admin Mode:\t-\r\n\tVirtual Account:\t\tNo\r\n\tElevated Token:\t\tYes\r\n\r\nImpersonation Level:\t\tImpersonation\r\n\r\nNew Logon:\r\n\tSecurity ID:\t\tS-1-5-18\r\n\tAccount Name:\t\tSYSTEM\r\n\tAccount Domain:\t\tNT AUTHORITY\r\n\tLogon ID:\t\t0x3E7\r\n\tLinked Logon ID:\t\t0x0\r\n\tNetwork Account Name:\t-\r\n\tNetwork Account Domain:\t-\r\n\tLogon GUID:\t\t{00000000-0000-0000-0000-000000000000}\r\n\r\nProcess Information:\r\n\tProcess ID:\t\t0x29c\r\n\tProcess Name:\t\tC:\\Windows\\System32\\services.exe\r\n\r\nNetwork Information:\r\n\tWorkstation Name:\t-\r\n\tSource Network Address:\t-\r\n\tSource Port:\t\t-\r\n\r\nDetailed Authentication Information:\r\n\tLogon Process:\t\tAdvapi  \r\n\tAuthentication Package:\tNegotiate\r\n\tTransited Services:\t-\r\n\tPackage Name (NTLM only):\t-\r\n\tKey Length:\t\t0\r\n\r\nThis event is generated when a logon session is created. It is generated on the computer that was accessed.\r\n\r\nThe subject fields indicate the account on the local system which requested the logon. This is most commonly a service such as the Server service, or a local process such as Winlogon.exe or Services.exe.\r\n\r\nThe logon type field indicates the kind of logon that occurred. The most common types are 2 (interactive) and 3 (network).\r\n\r\nThe New Logon fields indicate the account for whom the new logon was created, i.e. the account that was logged on.\r\n\r\nThe network fields indicate where a remote logon request originated. Workstation name is not always available and may be left blank in some cases.\r\n\r\nThe impersonation level field indicates the extent to which a process in the logon session can impersonate.\r\n\r\nThe authentication information fields provide detailed information about this specific logon request.\r\n\t- Logon GUID is a unique identifier that can be used to correlate this event with a KDC event.\r\n\t- Transited services indicate which intermediate services have participated in this logon request.\r\n\t- Package name indicates which sub-protocol was used among the NTLM protocols.\r\n\t- Key length indicates the length of the generated session key. This will be 0 if no session key was requested.\""
                        },
                        "eventdata": {
                            "subjectUserSid": "S-1-5-18",
                            "subjectUserName": "DC01$",
                            "subjectDomainName": "CORP",
                            "subjectLogonId": "0x3e7",
                            "targetUserSid": "S-1-5-18",
                            "targetUserName": "SYSTEM",
                            "targetDomainName": "NT AUTHORITY",
                            "targetLogonId": "0x3e7",
                            "logonType": "5",
                            "logonProcessName": "Advapi",
                            "authenticationPackageName": "Negotiate",
                            "logonGuid": "{00000000-0000-0000-0000-000000000000}",
                            "keyLength": "0",
                            "processId": "0x29c",
                            "processName": "C:\\\\Windows\\\\System32\\\\services.exe",
                            "impersonationLevel": "%%1833",
                            "virtualAccount": "%%1843",
                            "targetLinkedLogonId": "0x0",
                            "elevatedToken": "%%1842"
                        }
                    }
                },
                "location": "EventChannel"
            }
        },
