        {
            "timestamp": "2026-04-13 14:54:39",
            "rule_id": "60137",
            "rule_description": "Windows User Logoff.",
            "severity": 3,
            "agent": "DC01",
            "raw": {
                "timestamp": "2026-04-13T14:54:39.485+0530",
                "rule": {
                    "level": 3,
                    "description": "Windows User Logoff.",
                    "id": "60137",
                    "firedtimes": 18,
                    "mail": false,
                    "groups": [
                        "windows",
                        "windows_security"
                    ],
                    "gdpr": [
                        "IV_32.2"
                    ],
                    "hipaa": [
                        "164.312.b"
                    ],
                    "nist_800_53": [
                        "AC.7",
                        "AU.14"
                    ],
                    "pci_dss": [
                        "10.2.5"
                    ],
                    "tsc": [
                        "CC6.8",
                        "CC7.2",
                        "CC7.3"
                    ]
                },
                "agent": {
                    "id": "001",
                    "name": "DC01",
                    "ip": "192.168.56.10"
                },
                "manager": {
                    "name": "wazuh-server"
                },
                "id": "1776072279.9802771",
                "decoder": {
                    "name": "windows_eventchannel"
                },
                "data": {
                    "win": {
                        "system": {
                            "providerName": "Microsoft-Windows-Security-Auditing",
                            "providerGuid": "{54849625-5478-4994-a5ba-3e3b0328c30d}",
                            "eventID": "4634",
                            "version": "0",
                            "level": "0",
                            "task": "12545",
                            "opcode": "0",
                            "keywords": "0x8020000000000000",
                            "systemTime": "2026-04-13T09:24:37.7711621Z",
                            "eventRecordID": "319073",
                            "processID": "688",
                            "threadID": "2080",
                            "channel": "Security",
                            "computer": "DC01.corp.local",
                            "severityValue": "AUDIT_SUCCESS",
                            "message": "\"An account was logged off.\r\n\r\nSubject:\r\n\tSecurity ID:\t\tS-1-5-18\r\n\tAccount Name:\t\tDC01$\r\n\tAccount Domain:\t\tCORP\r\n\tLogon ID:\t\t0xE9C404\r\n\r\nLogon Type:\t\t\t3\r\n\r\nThis event is generated when a logon session is destroyed. It may be positively correlated with a logon event using the Logon ID value. Logon IDs are only unique between reboots on the same computer.\""
                        },
                        "eventdata": {
                            "targetUserSid": "S-1-5-18",
                            "targetUserName": "DC01$",
                            "targetDomainName": "CORP",
                            "targetLogonId": "0xe9c404",
                            "logonType": "3"
                        }
                    }
                },
                "location": "EventChannel"
            }
        },
        {
            "timestamp": "2026-04-13 14:54:55",
            "rule_id": "60106",
            "rule_description": "Windows logon success.",
            "severity": 3,
            "agent": "DC01",
            "raw": {
                "timestamp": "2026-04-13T14:54:55.693+0530",
                "rule": {
                    "level": 3,
                    "description": "Windows logon success.",
                    "id": "60106",
                    "mitre": {
                        "id": [
                            "T1078"
                        ],
                        "tactic": [
                            "Defense Evasion",
                            "Persistence",
                            "Privilege Escalation",
                            "Initial Access"
                        ],
                        "technique": [
                            "Valid Accounts"
                        ]
                    },
                    "firedtimes": 21,
                    "mail": false,
                    "groups": [
                        "windows",
                        "windows_security",
                        "authentication_success"
                    ],
                    "gdpr": [
                        "IV_32.2"
                    ],
                    "gpg13": [
                        "7.1",
                        "7.2"
                    ],
                    "hipaa": [
                        "164.312.b"
                    ],
                    "nist_800_53": [
                        "AC.7",
                        "AU.14"
                    ],
                    "pci_dss": [
                        "10.2.5"
                    ],
                    "tsc": [
                        "CC6.8",
                        "CC7.2",
                        "CC7.3"
                    ]
                },
                "agent": {
                    "id": "001",
                    "name": "DC01",
                    "ip": "192.168.56.10"
                },
                "manager": {
                    "name": "wazuh-server"
                },
                "id": "1776072295.9805065",
                "decoder": {
                    "name": "windows_eventchannel"
                },
                "data": {
                    "win": {
                        "system": {
                            "providerName": "Microsoft-Windows-Security-Auditing",
                            "providerGuid": "{54849625-5478-4994-a5ba-3e3b0328c30d}",
                            "eventID": "4624",
                            "version": "2",
                            "level": "0",
                            "task": "12544",
                            "opcode": "0",
                            "keywords": "0x8020000000000000",
                            "systemTime": "2026-04-13T09:24:54.0390082Z",
                            "eventRecordID": "319075",
                            "processID": "688",
                            "threadID": "4016",
                            "channel": "Security",
                            "computer": "DC01.corp.local",
                            "severityValue": "AUDIT_SUCCESS",
                            "message": "\"An account was successfully logged on.\r\n\r\nSubject:\r\n\tSecurity ID:\t\tS-1-0-0\r\n\tAccount Name:\t\t-\r\n\tAccount Domain:\t\t-\r\n\tLogon ID:\t\t0x0\r\n\r\nLogon Information:\r\n\tLogon Type:\t\t3\r\n\tRestricted Admin Mode:\t-\r\n\tVirtual Account:\t\tNo\r\n\tElevated Token:\t\tYes\r\n\r\nImpersonation Level:\t\tDelegation\r\n\r\nNew Logon:\r\n\tSecurity ID:\t\tS-1-5-18\r\n\tAccount Name:\t\tDC01$\r\n\tAccount Domain:\t\tCORP.LOCAL\r\n\tLogon ID:\t\t0xE9C9F5\r\n\tLinked Logon ID:\t\t0x0\r\n\tNetwork Account Name:\t-\r\n\tNetwork Account Domain:\t-\r\n\tLogon GUID:\t\t{26e6b2c2-1cd7-e4b8-0a2d-a4b14b1cefc4}\r\n\r\nProcess Information:\r\n\tProcess ID:\t\t0x0\r\n\tProcess Name:\t\t-\r\n\r\nNetwork Information:\r\n\tWorkstation Name:\t-\r\n\tSource Network Address:\tfe80::ed4f:9913:1ec0:1ea9\r\n\tSource Port:\t\t63337\r\n\r\nDetailed Authentication Information:\r\n\tLogon Process:\t\tKerberos\r\n\tAuthentication Package:\tKerberos\r\n\tTransited Services:\t-\r\n\tPackage Name (NTLM only):\t-\r\n\tKey Length:\t\t0\r\n\r\nThis event is generated when a logon session is created. It is generated on the computer that was accessed.\r\n\r\nThe subject fields indicate the account on the local system which requested the logon. This is most commonly a service such as the Server service, or a local process such as Winlogon.exe or Services.exe.\r\n\r\nThe logon type field indicates the kind of logon that occurred. The most common types are 2 (interactive) and 3 (network).\r\n\r\nThe New Logon fields indicate the account for whom the new logon was created, i.e. the account that was logged on.\r\n\r\nThe network fields indicate where a remote logon request originated. Workstation name is not always available and may be left blank in some cases.\r\n\r\nThe impersonation level field indicates the extent to which a process in the logon session can impersonate.\r\n\r\nThe authentication information fields provide detailed information about this specific logon request.\r\n\t- Logon GUID is a unique identifier that can be used to correlate this event with a KDC event.\r\n\t- Transited services indicate which intermediate services have participated in this logon request.\r\n\t- Package name indicates which sub-protocol was used among the NTLM protocols.\r\n\t- Key length indicates the length of the generated session key. This will be 0 if no session key was requested.\""
                        },
                        "eventdata": {
                            "subjectUserSid": "S-1-0-0",
                            "subjectLogonId": "0x0",
                            "targetUserSid": "S-1-5-18",
                            "targetUserName": "DC01$",
                            "targetDomainName": "CORP.LOCAL",
                            "targetLogonId": "0xe9c9f5",
                            "logonType": "3",
                            "logonProcessName": "Kerberos",
                            "authenticationPackageName": "Kerberos",
                            "logonGuid": "{26e6b2c2-1cd7-e4b8-0a2d-a4b14b1cefc4}",
                            "keyLength": "0",
                            "processId": "0x0",
                            "ipAddress": "fe80::ed4f:9913:1ec0:1ea9",
                            "ipPort": "63337",
                            "impersonationLevel": "%%1840",
                            "virtualAccount": "%%1843",
                            "targetLinkedLogonId": "0x0",
                            "elevatedToken": "%%1842"
                        }
                    }
                },
                "location": "EventChannel"
            }
        },
        {
            "timestamp": "2026-04-13 14:55:06",
            "rule_id": "60137",
            "rule_description": "Windows User Logoff.",
            "severity": 3,
            "agent": "DC01",
            "raw": {
                "timestamp": "2026-04-13T14:55:06.470+0530",
                "rule": {
                    "level": 3,
                    "description": "Windows User Logoff.",
                    "id": "60137",
                    "firedtimes": 19,
                    "mail": false,
                    "groups": [
                        "windows",
                        "windows_security"
                    ],
                    "gdpr": [
                        "IV_32.2"
                    ],
                    "hipaa": [
                        "164.312.b"
                    ],
                    "nist_800_53": [
                        "AC.7",
                        "AU.14"
                    ],
                    "pci_dss": [
                        "10.2.5"
                    ],
                    "tsc": [
                        "CC6.8",
                        "CC7.2",
                        "CC7.3"
                    ]
                },
                "agent": {
                    "id": "001",
                    "name": "DC01",
                    "ip": "192.168.56.10"
                },
                "manager": {
                    "name": "wazuh-server"
                },
                "id": "1776072306.9812154",
                "decoder": {
                    "name": "windows_eventchannel"
                },
                "data": {
                    "win": {
                        "system": {
                            "providerName": "Microsoft-Windows-Security-Auditing",
                            "providerGuid": "{54849625-5478-4994-a5ba-3e3b0328c30d}",
                            "eventID": "4634",
                            "version": "0",
                            "level": "0",
                            "task": "12545",
                            "opcode": "0",
                            "keywords": "0x8020000000000000",
                            "systemTime": "2026-04-13T09:25:04.8146011Z",
                            "eventRecordID": "319077",
                            "processID": "688",
                            "threadID": "4016",
                            "channel": "Security",
                            "computer": "DC01.corp.local",
                            "severityValue": "AUDIT_SUCCESS",
                            "message": "\"An account was logged off.\r\n\r\nSubject:\r\n\tSecurity ID:\t\tS-1-5-18\r\n\tAccount Name:\t\tDC01$\r\n\tAccount Domain:\t\tCORP\r\n\tLogon ID:\t\t0xE9C9F5\r\n\r\nLogon Type:\t\t\t3\r\n\r\nThis event is generated when a logon session is destroyed. It may be positively correlated with a logon event using the Logon ID value. Logon IDs are only unique between reboots on the same computer.\""
                        },
                        "eventdata": {
                            "targetUserSid": "S-1-5-18",
                            "targetUserName": "DC01$",
                            "targetDomainName": "CORP",
                            "targetLogonId": "0xe9c9f5",
                            "logonType": "3"
                        }
                    }
                },
                "location": "EventChannel"
            }
        },
        {
            "timestamp": "2026-04-13 14:55:10",
            "rule_id": "60107",
            "rule_description": "Failed attempt to perform a privileged operation.",
            "severity": 4,
            "agent": "DC01",
            "raw": {
                "timestamp": "2026-04-13T14:55:10.753+0530",
                "rule": {
                    "level": 4,
                    "description": "Failed attempt to perform a privileged operation.",
                    "id": "60107",
                    "mitre": {
                        "id": [
                            "T1078"
                        ],
                        "tactic": [
                            "Defense Evasion",
                            "Persistence",
                            "Privilege Escalation",
                            "Initial Access"
                        ],
                        "technique": [
                            "Valid Accounts"
                        ]
                    },
                    "firedtimes": 5,
                    "mail": false,
                    "groups": [
                        "windows",
                        "windows_security"
                    ],
                    "gdpr": [
                        "IV_32.2"
                    ],
                    "hipaa": [
                        "164.312.b"
                    ],
                    "nist_800_53": [
                        "AC.6",
                        "AU.14"
                    ],
                    "pci_dss": [
                        "10.2.2"
                    ],
                    "tsc": [
                        "CC6.8",
                        "CC7.2",
                        "CC7.3"
                    ]
                },
                "agent": {
                    "id": "001",
                    "name": "DC01",
                    "ip": "192.168.56.10"
                },
                "manager": {
                    "name": "wazuh-server"
                },
                "id": "1776072310.9814448",
                "decoder": {
                    "name": "windows_eventchannel"
                },
                "data": {
                    "win": {
                        "system": {
                            "providerName": "Microsoft-Windows-Security-Auditing",
                            "providerGuid": "{54849625-5478-4994-a5ba-3e3b0328c30d}",
                            "eventID": "4673",
                            "version": "0",
                            "level": "0",
                            "task": "13056",
                            "opcode": "0",
                            "keywords": "0x8010000000000000",
                            "systemTime": "2026-04-13T09:25:09.1161095Z",
                            "eventRecordID": "319079",
                            "processID": "4",
                            "threadID": "320",
                            "channel": "Security",
                            "computer": "DC01.corp.local",
                            "severityValue": "AUDIT_FAILURE",
                            "message": "\"A privileged service was called.\r\n\r\nSubject:\r\n\tSecurity ID:\t\tS-1-5-20\r\n\tAccount Name:\t\tDC01$\r\n\tAccount Domain:\t\tCORP\r\n\tLogon ID:\t\t0x3E4\r\n\r\nService:\r\n\tServer:\tSecurity\r\n\tService Name:\t-\r\n\r\nProcess:\r\n\tProcess ID:\t0x2c8\r\n\tProcess Name:\tC:\\Windows\\System32\\sppsvc.exe\r\n\r\nService Request Information:\r\n\tPrivileges:\t\tSeProfileSingleProcessPrivilege\""
                        },
                        "eventdata": {
                            "subjectUserSid": "S-1-5-20",
                            "subjectUserName": "DC01$",
                            "subjectDomainName": "CORP",
                            "subjectLogonId": "0x3e4",
                            "objectServer": "Security",
                            "privilegeList": "SeProfileSingleProcessPrivilege",
                            "processId": "0x2c8",
                            "processName": "C:\\\\Windows\\\\System32\\\\sppsvc.exe"
                        }
                    }
                },
                "location": "EventChannel"
            }
        },
        {
            "timestamp": "2026-04-13 14:55:26",
            "rule_id": "60107",
            "rule_description": "Failed attempt to perform a privileged operation.",
            "severity": 4,
            "agent": "DC01",
            "raw": {
                "timestamp": "2026-04-13T14:55:26.495+0530",
                "rule": {
                    "level": 4,
                    "description": "Failed attempt to perform a privileged operation.",
                    "id": "60107",
                    "mitre": {
                        "id": [
                            "T1078"
                        ],
                        "tactic": [
                            "Defense Evasion",
                            "Persistence",
                            "Privilege Escalation",
                            "Initial Access"
                        ],
                        "technique": [
                            "Valid Accounts"
                        ]
                    },
                    "firedtimes": 6,
                    "mail": false,
                    "groups": [
                        "windows",
                        "windows_security"
                    ],
                    "gdpr": [
                        "IV_32.2"
                    ],
                    "hipaa": [
                        "164.312.b"
                    ],
                    "nist_800_53": [
                        "AC.6",
                        "AU.14"
                    ],
                    "pci_dss": [
                        "10.2.2"
                    ],
                    "tsc": [
                        "CC6.8",
                        "CC7.2",
                        "CC7.3"
                    ]
                },
                "agent": {
                    "id": "001",
                    "name": "DC01",
                    "ip": "192.168.56.10"
                },
                "manager": {
                    "name": "wazuh-server"
                },
                "id": "1776072326.9817067",
                "decoder": {
                    "name": "windows_eventchannel"
                },
                "data": {
                    "win": {
                        "system": {
                            "providerName": "Microsoft-Windows-Security-Auditing",
                            "providerGuid": "{54849625-5478-4994-a5ba-3e3b0328c30d}",
                            "eventID": "4673",
                            "version": "0",
                            "level": "0",
                            "task": "13056",
                            "opcode": "0",
                            "keywords": "0x8010000000000000",
                            "systemTime": "2026-04-13T09:25:24.8642060Z",
                            "eventRecordID": "319080",
                            "processID": "4",
                            "threadID": "276",
                            "channel": "Security",
                            "computer": "DC01.corp.local",
                            "severityValue": "AUDIT_FAILURE",
                            "message": "\"A privileged service was called.\r\n\r\nSubject:\r\n\tSecurity ID:\t\tS-1-5-21-4237099201-2470629605-866910986-1104\r\n\tAccount Name:\t\tadadmin\r\n\tAccount Domain:\t\tCORP\r\n\tLogon ID:\t\t0x153AAE\r\n\r\nService:\r\n\tServer:\tSecurity\r\n\tService Name:\t-\r\n\r\nProcess:\r\n\tProcess ID:\t0xcd8\r\n\tProcess Name:\tC:\\Windows\\System32\\dllhost.exe\r\n\r\nService Request Information:\r\n\tPrivileges:\t\tSeProfileSingleProcessPrivilege\""
                        },
                        "eventdata": {
                            "subjectUserSid": "S-1-5-21-4237099201-2470629605-866910986-1104",
                            "subjectUserName": "adadmin",
                            "subjectDomainName": "CORP",
                            "subjectLogonId": "0x153aae",
                            "objectServer": "Security",
                            "privilegeList": "SeProfileSingleProcessPrivilege",
                            "processId": "0xcd8",
                            "processName": "C:\\\\Windows\\\\System32\\\\dllhost.exe"
                        }
                    }
                },
                "location": "EventChannel"
            }
        },
        {
            "timestamp": "2026-04-13 14:55:26",
            "rule_id": "60107",
            "rule_description": "Failed attempt to perform a privileged operation.",
            "severity": 4,
            "agent": "DC01",
            "raw": {
                "timestamp": "2026-04-13T14:55:26.511+0530",
                "rule": {
                    "level": 4,
                    "description": "Failed attempt to perform a privileged operation.",
                    "id": "60107",
                    "mitre": {
                        "id": [
                            "T1078"
                        ],
                        "tactic": [
                            "Defense Evasion",
                            "Persistence",
                            "Privilege Escalation",
                            "Initial Access"
                        ],
                        "technique": [
                            "Valid Accounts"
                        ]
                    },
                    "firedtimes": 7,
                    "mail": false,
                    "groups": [
                        "windows",
                        "windows_security"
                    ],
                    "gdpr": [
                        "IV_32.2"
                    ],
                    "hipaa": [
                        "164.312.b"
                    ],
                    "nist_800_53": [
                        "AC.6",
                        "AU.14"
                    ],
                    "pci_dss": [
                        "10.2.2"
                    ],
                    "tsc": [
                        "CC6.8",
                        "CC7.2",
                        "CC7.3"
                    ]
                },
                "agent": {
                    "id": "001",
                    "name": "DC01",
                    "ip": "192.168.56.10"
                },
                "manager": {
                    "name": "wazuh-server"
                },
                "id": "1776072326.9819858",
                "decoder": {
                    "name": "windows_eventchannel"
                },
                "data": {
                    "win": {
                        "system": {
                            "providerName": "Microsoft-Windows-Security-Auditing",
                            "providerGuid": "{54849625-5478-4994-a5ba-3e3b0328c30d}",
                            "eventID": "4673",
                            "version": "0",
                            "level": "0",
                            "task": "13056",
                            "opcode": "0",
                            "keywords": "0x8010000000000000",
                            "systemTime": "2026-04-13T09:25:24.8643942Z",
                            "eventRecordID": "319082",
                            "processID": "4",
                            "threadID": "276",
                            "channel": "Security",
                            "computer": "DC01.corp.local",
                            "severityValue": "AUDIT_FAILURE",
                            "message": "\"A privileged service was called.\r\n\r\nSubject:\r\n\tSecurity ID:\t\tS-1-5-21-4237099201-2470629605-866910986-1104\r\n\tAccount Name:\t\tadadmin\r\n\tAccount Domain:\t\tCORP\r\n\tLogon ID:\t\t0x153AAE\r\n\r\nService:\r\n\tServer:\tSecurity\r\n\tService Name:\t-\r\n\r\nProcess:\r\n\tProcess ID:\t0xcd8\r\n\tProcess Name:\tC:\\Windows\\System32\\dllhost.exe\r\n\r\nService Request Information:\r\n\tPrivileges:\t\tSeProfileSingleProcessPrivilege\""
                        },
                        "eventdata": {
                            "subjectUserSid": "S-1-5-21-4237099201-2470629605-866910986-1104",
                            "subjectUserName": "adadmin",
                            "subjectDomainName": "CORP",
                            "subjectLogonId": "0x153aae",
                            "objectServer": "Security",
                            "privilegeList": "SeProfileSingleProcessPrivilege",
                            "processId": "0xcd8",
                            "processName": "C:\\\\Windows\\\\System32\\\\dllhost.exe"
                        }
                    }
                },
                "location": "EventChannel"
            }
        },
        {
            "timestamp": "2026-04-13 14:55:26",
            "rule_id": "60107",
            "rule_description": "Failed attempt to perform a privileged operation.",
            "severity": 4,
            "agent": "DC01",
            "raw": {
                "timestamp": "2026-04-13T14:55:26.511+0530",
                "rule": {
                    "level": 4,
                    "description": "Failed attempt to perform a privileged operation.",
                    "id": "60107",
                    "mitre": {
                        "id": [
                            "T1078"
                        ],
                        "tactic": [
                            "Defense Evasion",
                            "Persistence",
                            "Privilege Escalation",
                            "Initial Access"
                        ],
                        "technique": [
                            "Valid Accounts"
                        ]
                    },
                    "firedtimes": 8,
                    "mail": false,
                    "groups": [
                        "windows",
                        "windows_security"
                    ],
                    "gdpr": [
                        "IV_32.2"
                    ],
                    "hipaa": [
                        "164.312.b"
                    ],
                    "nist_800_53": [
                        "AC.6",
                        "AU.14"
                    ],
                    "pci_dss": [
                        "10.2.2"
                    ],
                    "tsc": [
                        "CC6.8",
                        "CC7.2",
                        "CC7.3"
                    ]
                },
                "agent": {
                    "id": "001",
                    "name": "DC01",
                    "ip": "192.168.56.10"
                },
                "manager": {
                    "name": "wazuh-server"
                },
                "id": "1776072326.9822649",
                "decoder": {
                    "name": "windows_eventchannel"
                },
                "data": {
                    "win": {
                        "system": {
                            "providerName": "Microsoft-Windows-Security-Auditing",
                            "providerGuid": "{54849625-5478-4994-a5ba-3e3b0328c30d}",
                            "eventID": "4673",
                            "version": "0",
                            "level": "0",
                            "task": "13056",
                            "opcode": "0",
                            "keywords": "0x8010000000000000",
                            "systemTime": "2026-04-13T09:25:24.8643102Z",
                            "eventRecordID": "319081",
                            "processID": "4",
                            "threadID": "276",
                            "channel": "Security",
                            "computer": "DC01.corp.local",
                            "severityValue": "AUDIT_FAILURE",
                            "message": "\"A privileged service was called.\r\n\r\nSubject:\r\n\tSecurity ID:\t\tS-1-5-21-4237099201-2470629605-866910986-1104\r\n\tAccount Name:\t\tadadmin\r\n\tAccount Domain:\t\tCORP\r\n\tLogon ID:\t\t0x153AAE\r\n\r\nService:\r\n\tServer:\tSecurity\r\n\tService Name:\t-\r\n\r\nProcess:\r\n\tProcess ID:\t0xcd8\r\n\tProcess Name:\tC:\\Windows\\System32\\dllhost.exe\r\n\r\nService Request Information:\r\n\tPrivileges:\t\tSeProfileSingleProcessPrivilege\""
                        },
                        "eventdata": {
                            "subjectUserSid": "S-1-5-21-4237099201-2470629605-866910986-1104",
                            "subjectUserName": "adadmin",
                            "subjectDomainName": "CORP",
                            "subjectLogonId": "0x153aae",
                            "objectServer": "Security",
                            "privilegeList": "SeProfileSingleProcessPrivilege",
                            "processId": "0xcd8",
                            "processName": "C:\\\\Windows\\\\System32\\\\dllhost.exe"
                        }
                    }
                },
                "location": "EventChannel"
            }
        },
        {
            "timestamp": "2026-04-13 14:55:26",
            "rule_id": "60107",
            "rule_description": "Failed attempt to perform a privileged operation.",
            "severity": 4,
            "agent": "DC01",
            "raw": {
                "timestamp": "2026-04-13T14:55:26.525+0530",
                "rule": {
                    "level": 4,
                    "description": "Failed attempt to perform a privileged operation.",
                    "id": "60107",
                    "mitre": {
                        "id": [
                            "T1078"
                        ],
                        "tactic": [
                            "Defense Evasion",
                            "Persistence",
                            "Privilege Escalation",
                            "Initial Access"
                        ],
                        "technique": [
                            "Valid Accounts"
                        ]
                    },
                    "firedtimes": 9,
                    "mail": false,
                    "groups": [
                        "windows",
                        "windows_security"
                    ],
                    "gdpr": [
                        "IV_32.2"
                    ],
                    "hipaa": [
                        "164.312.b"
                    ],
                    "nist_800_53": [
                        "AC.6",
                        "AU.14"
                    ],
                    "pci_dss": [
                        "10.2.2"
                    ],
                    "tsc": [
                        "CC6.8",
                        "CC7.2",
                        "CC7.3"
                    ]
                },
                "agent": {
                    "id": "001",
                    "name": "DC01",
                    "ip": "192.168.56.10"
                },
                "manager": {
                    "name": "wazuh-server"
                },
                "id": "1776072326.9825440",
                "decoder": {
                    "name": "windows_eventchannel"
                },
                "data": {
                    "win": {
                        "system": {
                            "providerName": "Microsoft-Windows-Security-Auditing",
                            "providerGuid": "{54849625-5478-4994-a5ba-3e3b0328c30d}",
                            "eventID": "4673",
                            "version": "0",
                            "level": "0",
                            "task": "13056",
                            "opcode": "0",
                            "keywords": "0x8010000000000000",
                            "systemTime": "2026-04-13T09:25:24.8644395Z",
                            "eventRecordID": "319083",
                            "processID": "4",
                            "threadID": "276",
                            "channel": "Security",
                            "computer": "DC01.corp.local",
                            "severityValue": "AUDIT_FAILURE",
                            "message": "\"A privileged service was called.\r\n\r\nSubject:\r\n\tSecurity ID:\t\tS-1-5-21-4237099201-2470629605-866910986-1104\r\n\tAccount Name:\t\tadadmin\r\n\tAccount Domain:\t\tCORP\r\n\tLogon ID:\t\t0x153AAE\r\n\r\nService:\r\n\tServer:\tSecurity\r\n\tService Name:\t-\r\n\r\nProcess:\r\n\tProcess ID:\t0xcd8\r\n\tProcess Name:\tC:\\Windows\\System32\\dllhost.exe\r\n\r\nService Request Information:\r\n\tPrivileges:\t\tSeProfileSingleProcessPrivilege\""
                        },
                        "eventdata": {
                            "subjectUserSid": "S-1-5-21-4237099201-2470629605-866910986-1104",
                            "subjectUserName": "adadmin",
                            "subjectDomainName": "CORP",
                            "subjectLogonId": "0x153aae",
                            "objectServer": "Security",
                            "privilegeList": "SeProfileSingleProcessPrivilege",
                            "processId": "0xcd8",
                            "processName": "C:\\\\Windows\\\\System32\\\\dllhost.exe"
                        }
                    }
                },
                "location": "EventChannel"
            }
        },
        {
            "timestamp": "2026-04-13 14:55:26",
            "rule_id": "60107",
            "rule_description": "Failed attempt to perform a privileged operation.",
            "severity": 4,
            "agent": "DC01",
            "raw": {
                "timestamp": "2026-04-13T14:55:26.558+0530",
                "rule": {
                    "level": 4,
                    "description": "Failed attempt to perform a privileged operation.",
                    "id": "60107",
                    "mitre": {
                        "id": [
                            "T1078"
                        ],
                        "tactic": [
                            "Defense Evasion",
                            "Persistence",
                            "Privilege Escalation",
                            "Initial Access"
                        ],
                        "technique": [
                            "Valid Accounts"
                        ]
                    },
                    "firedtimes": 10,
                    "mail": false,
                    "groups": [
                        "windows",
                        "windows_security"
                    ],
                    "gdpr": [
                        "IV_32.2"
                    ],
                    "hipaa": [
                        "164.312.b"
                    ],
                    "nist_800_53": [
                        "AC.6",
                        "AU.14"
                    ],
                    "pci_dss": [
                        "10.2.2"
                    ],
                    "tsc": [
                        "CC6.8",
                        "CC7.2",
                        "CC7.3"
                    ]
                },
                "agent": {
                    "id": "001",
                    "name": "DC01",
                    "ip": "192.168.56.10"
                },
                "manager": {
                    "name": "wazuh-server"
                },
                "id": "1776072326.9828231",
                "decoder": {
                    "name": "windows_eventchannel"
                },
                "data": {
                    "win": {
                        "system": {
                            "providerName": "Microsoft-Windows-Security-Auditing",
                            "providerGuid": "{54849625-5478-4994-a5ba-3e3b0328c30d}",
                            "eventID": "4673",
                            "version": "0",
                            "level": "0",
                            "task": "13056",
                            "opcode": "0",
                            "keywords": "0x8010000000000000",
                            "systemTime": "2026-04-13T09:25:24.8644845Z",
                            "eventRecordID": "319084",
                            "processID": "4",
                            "threadID": "276",
                            "channel": "Security",
                            "computer": "DC01.corp.local",
                            "severityValue": "AUDIT_FAILURE",
                            "message": "\"A privileged service was called.\r\n\r\nSubject:\r\n\tSecurity ID:\t\tS-1-5-21-4237099201-2470629605-866910986-1104\r\n\tAccount Name:\t\tadadmin\r\n\tAccount Domain:\t\tCORP\r\n\tLogon ID:\t\t0x153AAE\r\n\r\nService:\r\n\tServer:\tSecurity\r\n\tService Name:\t-\r\n\r\nProcess:\r\n\tProcess ID:\t0xcd8\r\n\tProcess Name:\tC:\\Windows\\System32\\dllhost.exe\r\n\r\nService Request Information:\r\n\tPrivileges:\t\tSeProfileSingleProcessPrivilege\""
                        },
                        "eventdata": {
                            "subjectUserSid": "S-1-5-21-4237099201-2470629605-866910986-1104",
                            "subjectUserName": "adadmin",
                            "subjectDomainName": "CORP",
                            "subjectLogonId": "0x153aae",
                            "objectServer": "Security",
                            "privilegeList": "SeProfileSingleProcessPrivilege",
                            "processId": "0xcd8",
                            "processName": "C:\\\\Windows\\\\System32\\\\dllhost.exe"
                        }
                    }
                },
                "location": "EventChannel"
            }
        },
        {
            "timestamp": "2026-04-13 14:55:26",
            "rule_id": "60107",
            "rule_description": "Failed attempt to perform a privileged operation.",
            "severity": 4,
            "agent": "DC01",
            "raw": {
                "timestamp": "2026-04-13T14:55:26.558+0530",
                "rule": {
                    "level": 4,
                    "description": "Failed attempt to perform a privileged operation.",
                    "id": "60107",
                    "mitre": {
                        "id": [
                            "T1078"
                        ],
                        "tactic": [
                            "Defense Evasion",
                            "Persistence",
                            "Privilege Escalation",
                            "Initial Access"
                        ],
                        "technique": [
                            "Valid Accounts"
                        ]
                    },
                    "firedtimes": 11,
                    "mail": false,
                    "groups": [
                        "windows",
                        "windows_security"
                    ],
                    "gdpr": [
                        "IV_32.2"
                    ],
                    "hipaa": [
                        "164.312.b"
                    ],
                    "nist_800_53": [
                        "AC.6",
                        "AU.14"
                    ],
                    "pci_dss": [
                        "10.2.2"
                    ],
                    "tsc": [
                        "CC6.8",
                        "CC7.2",
                        "CC7.3"
                    ]
                },
                "agent": {
                    "id": "001",
                    "name": "DC01",
                    "ip": "192.168.56.10"
                },
                "manager": {
                    "name": "wazuh-server"
                },
                "id": "1776072326.9831022",
                "decoder": {
                    "name": "windows_eventchannel"
                },
                "data": {
                    "win": {
                        "system": {
                            "providerName": "Microsoft-Windows-Security-Auditing",
                            "providerGuid": "{54849625-5478-4994-a5ba-3e3b0328c30d}",
                            "eventID": "4673",
                            "version": "0",
                            "level": "0",
                            "task": "13056",
                            "opcode": "0",
                            "keywords": "0x8010000000000000",
                            "systemTime": "2026-04-13T09:25:24.8645371Z",
                            "eventRecordID": "319085",
                            "processID": "4",
                            "threadID": "276",
                            "channel": "Security",
                            "computer": "DC01.corp.local",
                            "severityValue": "AUDIT_FAILURE",
                            "message": "\"A privileged service was called.\r\n\r\nSubject:\r\n\tSecurity ID:\t\tS-1-5-21-4237099201-2470629605-866910986-1104\r\n\tAccount Name:\t\tadadmin\r\n\tAccount Domain:\t\tCORP\r\n\tLogon ID:\t\t0x153AAE\r\n\r\nService:\r\n\tServer:\tSecurity\r\n\tService Name:\t-\r\n\r\nProcess:\r\n\tProcess ID:\t0xcd8\r\n\tProcess Name:\tC:\\Windows\\System32\\dllhost.exe\r\n\r\nService Request Information:\r\n\tPrivileges:\t\tSeProfileSingleProcessPrivilege\""
                        },
                        "eventdata": {
                            "subjectUserSid": "S-1-5-21-4237099201-2470629605-866910986-1104",
                            "subjectUserName": "adadmin",
                            "subjectDomainName": "CORP",
                            "subjectLogonId": "0x153aae",
                            "objectServer": "Security",
                            "privilegeList": "SeProfileSingleProcessPrivilege",
                            "processId": "0xcd8",
                            "processName": "C:\\\\Windows\\\\System32\\\\dllhost.exe"
                        }
                    }
                },
                "location": "EventChannel"
            }
        },
        {
            "timestamp": "2026-04-13 14:55:26",
            "rule_id": "60107",
            "rule_description": "Failed attempt to perform a privileged operation.",
            "severity": 4,
            "agent": "DC01",
            "raw": {
                "timestamp": "2026-04-13T14:55:26.588+0530",
                "rule": {
                    "level": 4,
                    "description": "Failed attempt to perform a privileged operation.",
                    "id": "60107",
                    "mitre": {
                        "id": [
                            "T1078"
                        ],
                        "tactic": [
                            "Defense Evasion",
                            "Persistence",
                            "Privilege Escalation",
                            "Initial Access"
                        ],
                        "technique": [
                            "Valid Accounts"
                        ]
                    },
                    "firedtimes": 12,
                    "mail": false,
                    "groups": [
                        "windows",
                        "windows_security"
                    ],
                    "gdpr": [
                        "IV_32.2"
                    ],
                    "hipaa": [
                        "164.312.b"
                    ],
                    "nist_800_53": [
                        "AC.6",
                        "AU.14"
                    ],
                    "pci_dss": [
                        "10.2.2"
                    ],
                    "tsc": [
                        "CC6.8",
                        "CC7.2",
                        "CC7.3"
                    ]
                },
                "agent": {
                    "id": "001",
                    "name": "DC01",
                    "ip": "192.168.56.10"
                },
                "manager": {
                    "name": "wazuh-server"
                },
                "id": "1776072326.9833813",
                "decoder": {
                    "name": "windows_eventchannel"
                },
                "data": {
                    "win": {
                        "system": {
                            "providerName": "Microsoft-Windows-Security-Auditing",
                            "providerGuid": "{54849625-5478-4994-a5ba-3e3b0328c30d}",
                            "eventID": "4673",
                            "version": "0",
                            "level": "0",
                            "task": "13056",
                            "opcode": "0",
                            "keywords": "0x8010000000000000",
                            "systemTime": "2026-04-13T09:25:24.8645819Z",
                            "eventRecordID": "319086",
                            "processID": "4",
                            "threadID": "276",
                            "channel": "Security",
                            "computer": "DC01.corp.local",
                            "severityValue": "AUDIT_FAILURE",
                            "message": "\"A privileged service was called.\r\n\r\nSubject:\r\n\tSecurity ID:\t\tS-1-5-21-4237099201-2470629605-866910986-1104\r\n\tAccount Name:\t\tadadmin\r\n\tAccount Domain:\t\tCORP\r\n\tLogon ID:\t\t0x153AAE\r\n\r\nService:\r\n\tServer:\tSecurity\r\n\tService Name:\t-\r\n\r\nProcess:\r\n\tProcess ID:\t0xcd8\r\n\tProcess Name:\tC:\\Windows\\System32\\dllhost.exe\r\n\r\nService Request Information:\r\n\tPrivileges:\t\tSeProfileSingleProcessPrivilege\""
                        },
                        "eventdata": {
                            "subjectUserSid": "S-1-5-21-4237099201-2470629605-866910986-1104",
                            "subjectUserName": "adadmin",
                            "subjectDomainName": "CORP",
                            "subjectLogonId": "0x153aae",
                            "objectServer": "Security",
                            "privilegeList": "SeProfileSingleProcessPrivilege",
                            "processId": "0xcd8",
                            "processName": "C:\\\\Windows\\\\System32\\\\dllhost.exe"
                        }
                    }
                },
                "location": "EventChannel"
            }
        },
